[2.338s] Invoking command in '/home/ubuntu/ros2_ws/src/sudsakhon_detectchair': DEBUGINFOD_URLS=https://debuginfod.ubuntu.com PYTHONPATH=/home/ubuntu/ros2_ws/build/sudsakhon_detectchair/prefix_override:/usr/lib/python3/dist-packages/colcon_core/task/python/colcon_distutils_commands:/home/ubuntu/ros2_ws/install/sudsakhon_detectchair/lib/python3.12/site-packages:${PYTHONPATH} /usr/bin/python3 -W ignore:setup.py install is deprecated -W ignore:easy_install command is deprecated setup.py egg_info --egg-base ../../build/sudsakhon_detectchair build --build-base /home/ubuntu/ros2_ws/build/sudsakhon_detectchair/build install --record /home/ubuntu/ros2_ws/build/sudsakhon_detectchair/install.log --single-version-externally-managed install_data
[2.666s] running egg_info
[2.687s] writing ../../build/sudsakhon_detectchair/sudsakhon_detectchair.egg-info/PKG-INFO
[2.688s] writing dependency_links to ../../build/sudsakhon_detectchair/sudsakhon_detectchair.egg-info/dependency_links.txt
[2.688s] writing entry points to ../../build/sudsakhon_detectchair/sudsakhon_detectchair.egg-info/entry_points.txt
[2.688s] writing requirements to ../../build/sudsakhon_detectchair/sudsakhon_detectchair.egg-info/requires.txt
[2.688s] writing top-level names to ../../build/sudsakhon_detectchair/sudsakhon_detectchair.egg-info/top_level.txt
[2.730s] reading manifest file '../../build/sudsakhon_detectchair/sudsakhon_detectchair.egg-info/SOURCES.txt'
[2.731s] writing manifest file '../../build/sudsakhon_detectchair/sudsakhon_detectchair.egg-info/SOURCES.txt'
[2.731s] running build
[2.731s] running build_py
[2.732s] running install
[2.738s] running install_lib
[2.759s] running install_data
[2.760s] running install_egg_info
[2.781s] removing '/home/ubuntu/ros2_ws/install/sudsakhon_detectchair/lib/python3.12/site-packages/sudsakhon_detectchair-0.0.0-py3.12.egg-info' (and everything under it)
[2.786s] Copying ../../build/sudsakhon_detectchair/sudsakhon_detectchair.egg-info to /home/ubuntu/ros2_ws/install/sudsakhon_detectchair/lib/python3.12/site-packages/sudsakhon_detectchair-0.0.0-py3.12.egg-info
[2.789s] running install_scripts
[3.008s] Installing subscriber script to /home/ubuntu/ros2_ws/install/sudsakhon_detectchair/lib/sudsakhon_detectchair
[3.008s] writing list of installed files to '/home/ubuntu/ros2_ws/build/sudsakhon_detectchair/install.log'
[3.041s] Invoked command in '/home/ubuntu/ros2_ws/src/sudsakhon_detectchair' returned '0': DEBUGINFOD_URLS=https://debuginfod.ubuntu.com PYTHONPATH=/home/ubuntu/ros2_ws/build/sudsakhon_detectchair/prefix_override:/usr/lib/python3/dist-packages/colcon_core/task/python/colcon_distutils_commands:/home/ubuntu/ros2_ws/install/sudsakhon_detectchair/lib/python3.12/site-packages:${PYTHONPATH} /usr/bin/python3 -W ignore:setup.py install is deprecated -W ignore:easy_install command is deprecated setup.py egg_info --egg-base ../../build/sudsakhon_detectchair build --build-base /home/ubuntu/ros2_ws/build/sudsakhon_detectchair/build install --record /home/ubuntu/ros2_ws/build/sudsakhon_detectchair/install.log --single-version-externally-managed install_data
