[6.580s] Invoking command in '/home/ubuntu/ros2_ws/src/sudsakhon_dashbroad': DEBUGINFOD_URLS=https://debuginfod.ubuntu.com PYTHONPATH=/home/ubuntu/ros2_ws/build/sudsakhon_dashbroad/prefix_override:/usr/lib/python3/dist-packages/colcon_core/task/python/colcon_distutils_commands:/home/ubuntu/ros2_ws/install/sudsakhon_dashbroad/lib/python3.12/site-packages:${PYTHONPATH} /usr/bin/python3 -W ignore:setup.py install is deprecated -W ignore:easy_install command is deprecated setup.py egg_info --egg-base ../../build/sudsakhon_dashbroad build --build-base /home/ubuntu/ros2_ws/build/sudsakhon_dashbroad/build install --record /home/ubuntu/ros2_ws/build/sudsakhon_dashbroad/install.log --single-version-externally-managed install_data
[8.501s] running egg_info
[8.502s] creating ../../build/sudsakhon_dashbroad/sudsakhon_dashbroad.egg-info
[8.554s] writing ../../build/sudsakhon_dashbroad/sudsakhon_dashbroad.egg-info/PKG-INFO
[8.554s] writing dependency_links to ../../build/sudsakhon_dashbroad/sudsakhon_dashbroad.egg-info/dependency_links.txt
[8.555s] writing entry points to ../../build/sudsakhon_dashbroad/sudsakhon_dashbroad.egg-info/entry_points.txt
[8.556s] writing requirements to ../../build/sudsakhon_dashbroad/sudsakhon_dashbroad.egg-info/requires.txt
[8.559s] writing top-level names to ../../build/sudsakhon_dashbroad/sudsakhon_dashbroad.egg-info/top_level.txt
[8.560s] writing manifest file '../../build/sudsakhon_dashbroad/sudsakhon_dashbroad.egg-info/SOURCES.txt'
[8.614s] reading manifest file '../../build/sudsakhon_dashbroad/sudsakhon_dashbroad.egg-info/SOURCES.txt'
[8.614s] writing manifest file '../../build/sudsakhon_dashbroad/sudsakhon_dashbroad.egg-info/SOURCES.txt'
[8.615s] running build
[8.615s] running build_py
[8.616s] creating /home/ubuntu/ros2_ws/build/sudsakhon_dashbroad/build
[8.616s] creating /home/ubuntu/ros2_ws/build/sudsakhon_dashbroad/build/lib
[8.616s] creating /home/ubuntu/ros2_ws/build/sudsakhon_dashbroad/build/lib/sudsakhon_dashbroad
[8.618s] copying sudsakhon_dashbroad/dashboard_node.py -> /home/ubuntu/ros2_ws/build/sudsakhon_dashbroad/build/lib/sudsakhon_dashbroad
[8.618s] copying sudsakhon_dashbroad/__init__.py -> /home/ubuntu/ros2_ws/build/sudsakhon_dashbroad/build/lib/sudsakhon_dashbroad
[8.619s] copying sudsakhon_dashbroad/api_backend.py -> /home/ubuntu/ros2_ws/build/sudsakhon_dashbroad/build/lib/sudsakhon_dashbroad
[8.631s] running install
[8.640s] running install_lib
[8.703s] creating /home/ubuntu/ros2_ws/install/sudsakhon_dashbroad/lib/python3.12/site-packages/sudsakhon_dashbroad
[8.703s] copying /home/ubuntu/ros2_ws/build/sudsakhon_dashbroad/build/lib/sudsakhon_dashbroad/dashboard_node.py -> /home/ubuntu/ros2_ws/install/sudsakhon_dashbroad/lib/python3.12/site-packages/sudsakhon_dashbroad
[8.703s] copying /home/ubuntu/ros2_ws/build/sudsakhon_dashbroad/build/lib/sudsakhon_dashbroad/__init__.py -> /home/ubuntu/ros2_ws/install/sudsakhon_dashbroad/lib/python3.12/site-packages/sudsakhon_dashbroad
[8.703s] copying /home/ubuntu/ros2_ws/build/sudsakhon_dashbroad/build/lib/sudsakhon_dashbroad/api_backend.py -> /home/ubuntu/ros2_ws/install/sudsakhon_dashbroad/lib/python3.12/site-packages/sudsakhon_dashbroad
[8.703s] byte-compiling /home/ubuntu/ros2_ws/install/sudsakhon_dashbroad/lib/python3.12/site-packages/sudsakhon_dashbroad/dashboard_node.py to dashboard_node.cpython-312.pyc
[8.704s] byte-compiling /home/ubuntu/ros2_ws/install/sudsakhon_dashbroad/lib/python3.12/site-packages/sudsakhon_dashbroad/__init__.py to __init__.cpython-312.pyc
[8.706s] byte-compiling /home/ubuntu/ros2_ws/install/sudsakhon_dashbroad/lib/python3.12/site-packages/sudsakhon_dashbroad/api_backend.py to api_backend.cpython-312.pyc
[8.720s] running install_data
[8.720s] creating /home/ubuntu/ros2_ws/install/sudsakhon_dashbroad/share/ament_index
[8.720s] creating /home/ubuntu/ros2_ws/install/sudsakhon_dashbroad/share/ament_index/resource_index
[8.720s] creating /home/ubuntu/ros2_ws/install/sudsakhon_dashbroad/share/ament_index/resource_index/packages
[8.720s] copying resource/sudsakhon_dashbroad -> /home/ubuntu/ros2_ws/install/sudsakhon_dashbroad/share/ament_index/resource_index/packages
[8.721s] copying package.xml -> /home/ubuntu/ros2_ws/install/sudsakhon_dashbroad/share/sudsakhon_dashbroad
[8.721s] running install_egg_info
[8.770s] Copying ../../build/sudsakhon_dashbroad/sudsakhon_dashbroad.egg-info to /home/ubuntu/ros2_ws/install/sudsakhon_dashbroad/lib/python3.12/site-packages/sudsakhon_dashbroad-0.0.1-py3.12.egg-info
[8.771s] running install_scripts
[9.364s] Installing api_backend script to /home/ubuntu/ros2_ws/install/sudsakhon_dashbroad/lib/sudsakhon_dashbroad
[9.365s] Installing dashboard_node script to /home/ubuntu/ros2_ws/install/sudsakhon_dashbroad/lib/sudsakhon_dashbroad
[9.366s] writing list of installed files to '/home/ubuntu/ros2_ws/build/sudsakhon_dashbroad/install.log'
[9.428s] Invoked command in '/home/ubuntu/ros2_ws/src/sudsakhon_dashbroad' returned '0': DEBUGINFOD_URLS=https://debuginfod.ubuntu.com PYTHONPATH=/home/ubuntu/ros2_ws/build/sudsakhon_dashbroad/prefix_override:/usr/lib/python3/dist-packages/colcon_core/task/python/colcon_distutils_commands:/home/ubuntu/ros2_ws/install/sudsakhon_dashbroad/lib/python3.12/site-packages:${PYTHONPATH} /usr/bin/python3 -W ignore:setup.py install is deprecated -W ignore:easy_install command is deprecated setup.py egg_info --egg-base ../../build/sudsakhon_dashbroad build --build-base /home/ubuntu/ros2_ws/build/sudsakhon_dashbroad/build install --record /home/ubuntu/ros2_ws/build/sudsakhon_dashbroad/install.log --single-version-externally-managed install_data
