[3.352s] Invoking command in '/home/ubuntu/ros2_ws/src/sudsakhon_automation': DEBUGINFOD_URLS=https://debuginfod.ubuntu.com PYTHONPATH=/home/ubuntu/ros2_ws/build/sudsakhon_automation/prefix_override:/usr/lib/python3/dist-packages/colcon_core/task/python/colcon_distutils_commands:/home/ubuntu/ros2_ws/install/sudsakhon_automation/lib/python3.12/site-packages:${PYTHONPATH} /usr/bin/python3 -W ignore:setup.py install is deprecated -W ignore:easy_install command is deprecated setup.py egg_info --egg-base ../../build/sudsakhon_automation build --build-base /home/ubuntu/ros2_ws/build/sudsakhon_automation/build install --record /home/ubuntu/ros2_ws/build/sudsakhon_automation/install.log --single-version-externally-managed install_data
[4.553s] running egg_info
[4.597s] writing ../../build/sudsakhon_automation/sudsakhon_automation.egg-info/PKG-INFO
[4.598s] writing dependency_links to ../../build/sudsakhon_automation/sudsakhon_automation.egg-info/dependency_links.txt
[4.598s] writing entry points to ../../build/sudsakhon_automation/sudsakhon_automation.egg-info/entry_points.txt
[4.599s] writing requirements to ../../build/sudsakhon_automation/sudsakhon_automation.egg-info/requires.txt
[4.600s] writing top-level names to ../../build/sudsakhon_automation/sudsakhon_automation.egg-info/top_level.txt
[4.672s] reading manifest file '../../build/sudsakhon_automation/sudsakhon_automation.egg-info/SOURCES.txt'
[4.673s] writing manifest file '../../build/sudsakhon_automation/sudsakhon_automation.egg-info/SOURCES.txt'
[4.673s] running build
[4.673s] running build_py
[4.673s] running install
[4.679s] running install_lib
[4.695s] running install_data
[4.695s] running install_egg_info
[4.713s] removing '/home/ubuntu/ros2_ws/install/sudsakhon_automation/lib/python3.12/site-packages/sudsakhon_automation-0.0.0-py3.12.egg-info' (and everything under it)
[4.713s] Copying ../../build/sudsakhon_automation/sudsakhon_automation.egg-info to /home/ubuntu/ros2_ws/install/sudsakhon_automation/lib/python3.12/site-packages/sudsakhon_automation-0.0.0-py3.12.egg-info
[4.715s] running install_scripts
[4.916s] Installing bridge_node script to /home/ubuntu/ros2_ws/install/sudsakhon_automation/lib/sudsakhon_automation
[4.918s] writing list of installed files to '/home/ubuntu/ros2_ws/build/sudsakhon_automation/install.log'
[4.959s] Invoked command in '/home/ubuntu/ros2_ws/src/sudsakhon_automation' returned '0': DEBUGINFOD_URLS=https://debuginfod.ubuntu.com PYTHONPATH=/home/ubuntu/ros2_ws/build/sudsakhon_automation/prefix_override:/usr/lib/python3/dist-packages/colcon_core/task/python/colcon_distutils_commands:/home/ubuntu/ros2_ws/install/sudsakhon_automation/lib/python3.12/site-packages:${PYTHONPATH} /usr/bin/python3 -W ignore:setup.py install is deprecated -W ignore:easy_install command is deprecated setup.py egg_info --egg-base ../../build/sudsakhon_automation build --build-base /home/ubuntu/ros2_ws/build/sudsakhon_automation/build install --record /home/ubuntu/ros2_ws/build/sudsakhon_automation/install.log --single-version-externally-managed install_data
