running egg_info
creating ../../build/sudsakhon_automation/sudsakhon_automation.egg-info
writing ../../build/sudsakhon_automation/sudsakhon_automation.egg-info/PKG-INFO
writing dependency_links to ../../build/sudsakhon_automation/sudsakhon_automation.egg-info/dependency_links.txt
writing entry points to ../../build/sudsakhon_automation/sudsakhon_automation.egg-info/entry_points.txt
writing requirements to ../../build/sudsakhon_automation/sudsakhon_automation.egg-info/requires.txt
writing top-level names to ../../build/sudsakhon_automation/sudsakhon_automation.egg-info/top_level.txt
writing manifest file '../../build/sudsakhon_automation/sudsakhon_automation.egg-info/SOURCES.txt'
reading manifest file '../../build/sudsakhon_automation/sudsakhon_automation.egg-info/SOURCES.txt'
writing manifest file '../../build/sudsakhon_automation/sudsakhon_automation.egg-info/SOURCES.txt'
running build
running build_py
creating /home/ubuntu/ros2_ws/build/sudsakhon_automation/build
creating /home/ubuntu/ros2_ws/build/sudsakhon_automation/build/lib
creating /home/ubuntu/ros2_ws/build/sudsakhon_automation/build/lib/sudsakhon_automation
copying sudsakhon_automation/bridge_node.py -> /home/ubuntu/ros2_ws/build/sudsakhon_automation/build/lib/sudsakhon_automation
copying sudsakhon_automation/__init__.py -> /home/ubuntu/ros2_ws/build/sudsakhon_automation/build/lib/sudsakhon_automation
running install
running install_lib
creating /home/ubuntu/ros2_ws/install/sudsakhon_automation/lib/python3.12/site-packages/sudsakhon_automation
copying /home/ubuntu/ros2_ws/build/sudsakhon_automation/build/lib/sudsakhon_automation/bridge_node.py -> /home/ubuntu/ros2_ws/install/sudsakhon_automation/lib/python3.12/site-packages/sudsakhon_automation
copying /home/ubuntu/ros2_ws/build/sudsakhon_automation/build/lib/sudsakhon_automation/__init__.py -> /home/ubuntu/ros2_ws/install/sudsakhon_automation/lib/python3.12/site-packages/sudsakhon_automation
byte-compiling /home/ubuntu/ros2_ws/install/sudsakhon_automation/lib/python3.12/site-packages/sudsakhon_automation/bridge_node.py to bridge_node.cpython-312.pyc
byte-compiling /home/ubuntu/ros2_ws/install/sudsakhon_automation/lib/python3.12/site-packages/sudsakhon_automation/__init__.py to __init__.cpython-312.pyc
running install_data
creating /home/ubuntu/ros2_ws/install/sudsakhon_automation/share/ament_index
creating /home/ubuntu/ros2_ws/install/sudsakhon_automation/share/ament_index/resource_index
creating /home/ubuntu/ros2_ws/install/sudsakhon_automation/share/ament_index/resource_index/packages
copying resource/sudsakhon_automation -> /home/ubuntu/ros2_ws/install/sudsakhon_automation/share/ament_index/resource_index/packages
copying package.xml -> /home/ubuntu/ros2_ws/install/sudsakhon_automation/share/sudsakhon_automation
running install_egg_info
Copying ../../build/sudsakhon_automation/sudsakhon_automation.egg-info to /home/ubuntu/ros2_ws/install/sudsakhon_automation/lib/python3.12/site-packages/sudsakhon_automation-0.0.0-py3.12.egg-info
running install_scripts
Installing bridge_node script to /home/ubuntu/ros2_ws/install/sudsakhon_automation/lib/sudsakhon_automation
writing list of installed files to '/home/ubuntu/ros2_ws/build/sudsakhon_automation/install.log'
