[2.271s] Invoking command in '/home/ubuntu/ros2_ws/src/sudsakhon_odom': DEBUGINFOD_URLS=https://debuginfod.ubuntu.com PYTHONPATH=/home/ubuntu/ros2_ws/build/sudsakhon_odom/prefix_override:/usr/lib/python3/dist-packages/colcon_core/task/python/colcon_distutils_commands:/home/ubuntu/ros2_ws/install/sudsakhon_odom/lib/python3.12/site-packages:${PYTHONPATH} /usr/bin/python3 -W ignore:setup.py install is deprecated -W ignore:easy_install command is deprecated setup.py egg_info --egg-base ../../build/sudsakhon_odom build --build-base /home/ubuntu/ros2_ws/build/sudsakhon_odom/build install --record /home/ubuntu/ros2_ws/build/sudsakhon_odom/install.log --single-version-externally-managed install_data
[2.673s] running egg_info
[2.703s] writing ../../build/sudsakhon_odom/sudsakhon_odom.egg-info/PKG-INFO
[2.703s] writing dependency_links to ../../build/sudsakhon_odom/sudsakhon_odom.egg-info/dependency_links.txt
[2.703s] writing entry points to ../../build/sudsakhon_odom/sudsakhon_odom.egg-info/entry_points.txt
[2.704s] writing requirements to ../../build/sudsakhon_odom/sudsakhon_odom.egg-info/requires.txt
[2.706s] writing top-level names to ../../build/sudsakhon_odom/sudsakhon_odom.egg-info/top_level.txt
[2.773s] reading manifest file '../../build/sudsakhon_odom/sudsakhon_odom.egg-info/SOURCES.txt'
[2.776s] writing manifest file '../../build/sudsakhon_odom/sudsakhon_odom.egg-info/SOURCES.txt'
[2.776s] running build
[2.777s] running build_py
[2.777s] running install
[2.785s] running install_lib
[2.821s] running install_data
[2.822s] running install_egg_info
[2.864s] removing '/home/ubuntu/ros2_ws/install/sudsakhon_odom/lib/python3.12/site-packages/sudsakhon_odom-0.0.0-py3.12.egg-info' (and everything under it)
[2.871s] Copying ../../build/sudsakhon_odom/sudsakhon_odom.egg-info to /home/ubuntu/ros2_ws/install/sudsakhon_odom/lib/python3.12/site-packages/sudsakhon_odom-0.0.0-py3.12.egg-info
[2.871s] running install_scripts
[3.108s] Installing sudsakhon_odom_tune script to /home/ubuntu/ros2_ws/install/sudsakhon_odom/lib/sudsakhon_odom
[3.109s] writing list of installed files to '/home/ubuntu/ros2_ws/build/sudsakhon_odom/install.log'
[3.165s] Invoked command in '/home/ubuntu/ros2_ws/src/sudsakhon_odom' returned '0': DEBUGINFOD_URLS=https://debuginfod.ubuntu.com PYTHONPATH=/home/ubuntu/ros2_ws/build/sudsakhon_odom/prefix_override:/usr/lib/python3/dist-packages/colcon_core/task/python/colcon_distutils_commands:/home/ubuntu/ros2_ws/install/sudsakhon_odom/lib/python3.12/site-packages:${PYTHONPATH} /usr/bin/python3 -W ignore:setup.py install is deprecated -W ignore:easy_install command is deprecated setup.py egg_info --egg-base ../../build/sudsakhon_odom build --build-base /home/ubuntu/ros2_ws/build/sudsakhon_odom/build install --record /home/ubuntu/ros2_ws/build/sudsakhon_odom/install.log --single-version-externally-managed install_data
