[2.098s] Invoking command in '/home/ubuntu/ros2_ws/src/sudsakhon_mainprogram': DEBUGINFOD_URLS=https://debuginfod.ubuntu.com PYTHONPATH=/home/ubuntu/ros2_ws/build/sudsakhon_mainprogram/prefix_override:/usr/lib/python3/dist-packages/colcon_core/task/python/colcon_distutils_commands:/home/ubuntu/ros2_ws/install/sudsakhon_mainprogram/lib/python3.12/site-packages:${PYTHONPATH} /usr/bin/python3 -W ignore:setup.py install is deprecated -W ignore:easy_install command is deprecated setup.py egg_info --egg-base ../../build/sudsakhon_mainprogram build --build-base /home/ubuntu/ros2_ws/build/sudsakhon_mainprogram/build install --record /home/ubuntu/ros2_ws/build/sudsakhon_mainprogram/install.log --single-version-externally-managed install_data
[2.860s] running egg_info
[2.913s] writing ../../build/sudsakhon_mainprogram/sudsakhon_mainprogram.egg-info/PKG-INFO
[2.914s] writing dependency_links to ../../build/sudsakhon_mainprogram/sudsakhon_mainprogram.egg-info/dependency_links.txt
[2.914s] writing entry points to ../../build/sudsakhon_mainprogram/sudsakhon_mainprogram.egg-info/entry_points.txt
[2.914s] writing requirements to ../../build/sudsakhon_mainprogram/sudsakhon_mainprogram.egg-info/requires.txt
[2.914s] writing top-level names to ../../build/sudsakhon_mainprogram/sudsakhon_mainprogram.egg-info/top_level.txt
[2.987s] reading manifest file '../../build/sudsakhon_mainprogram/sudsakhon_mainprogram.egg-info/SOURCES.txt'
[2.988s] writing manifest file '../../build/sudsakhon_mainprogram/sudsakhon_mainprogram.egg-info/SOURCES.txt'
[2.988s] running build
[2.989s] running build_py
[2.992s] running install
[2.997s] running install_lib
[3.033s] running install_data
[3.034s] running install_egg_info
[3.070s] removing '/home/ubuntu/ros2_ws/install/sudsakhon_mainprogram/lib/python3.12/site-packages/sudsakhon_mainprogram-0.0.0-py3.12.egg-info' (and everything under it)
[3.070s] Copying ../../build/sudsakhon_mainprogram/sudsakhon_mainprogram.egg-info to /home/ubuntu/ros2_ws/install/sudsakhon_mainprogram/lib/python3.12/site-packages/sudsakhon_mainprogram-0.0.0-py3.12.egg-info
[3.072s] running install_scripts
[3.294s] Installing main_controller script to /home/ubuntu/ros2_ws/install/sudsakhon_mainprogram/lib/sudsakhon_mainprogram
[3.294s] writing list of installed files to '/home/ubuntu/ros2_ws/build/sudsakhon_mainprogram/install.log'
[3.321s] Invoked command in '/home/ubuntu/ros2_ws/src/sudsakhon_mainprogram' returned '0': DEBUGINFOD_URLS=https://debuginfod.ubuntu.com PYTHONPATH=/home/ubuntu/ros2_ws/build/sudsakhon_mainprogram/prefix_override:/usr/lib/python3/dist-packages/colcon_core/task/python/colcon_distutils_commands:/home/ubuntu/ros2_ws/install/sudsakhon_mainprogram/lib/python3.12/site-packages:${PYTHONPATH} /usr/bin/python3 -W ignore:setup.py install is deprecated -W ignore:easy_install command is deprecated setup.py egg_info --egg-base ../../build/sudsakhon_mainprogram build --build-base /home/ubuntu/ros2_ws/build/sudsakhon_mainprogram/build install --record /home/ubuntu/ros2_ws/build/sudsakhon_mainprogram/install.log --single-version-externally-managed install_data
