[0.077s] DEBUG:colcon:Command line arguments: ['/usr/bin/colcon', 'build', '--packages-select', 'sudsakhon_objectdetechtion']
[0.077s] DEBUG:colcon:Parsed command line arguments: Namespace(log_base=None, log_level=None, verb_name='build', build_base='build', install_base='install', merge_install=False, symlink_install=False, test_result_base=None, continue_on_error=False, executor='parallel', parallel_workers=12, event_handlers=None, ignore_user_meta=False, metas=['./colcon.meta'], base_paths=['.'], packages_ignore=None, packages_ignore_regex=None, paths=None, packages_up_to=None, packages_up_to_regex=None, packages_above=None, packages_above_and_dependencies=None, packages_above_depth=None, packages_select_by_dep=None, packages_skip_by_dep=None, packages_skip_up_to=None, packages_select_build_failed=False, packages_skip_build_finished=False, packages_select_test_failures=False, packages_skip_test_passed=False, packages_select=['sudsakhon_objectdetechtion'], packages_skip=None, packages_select_regex=None, packages_skip_regex=None, packages_start=None, packages_end=None, allow_overriding=[], cmake_args=None, cmake_target=None, cmake_target_skip_unavailable=False, cmake_clean_cache=False, cmake_clean_first=False, cmake_force_configure=False, ament_cmake_args=None, catkin_cmake_args=None, catkin_skip_building_tests=False, mixin_files=None, mixin=None, verb_parser=<colcon_mixin.mixin.mixin_argument.MixinArgumentDecorator object at 0x78b3e23d1550>, verb_extension=<colcon_core.verb.build.BuildVerb object at 0x78b3e23d1220>, main=<bound method BuildVerb.main of <colcon_core.verb.build.BuildVerb object at 0x78b3e23d1220>>, mixin_verb=('build',))
[0.103s] Level 1:colcon.colcon_core.package_discovery:discover_packages(colcon_meta) check parameters
[0.104s] Level 1:colcon.colcon_core.package_discovery:discover_packages(recursive) check parameters
[0.104s] Level 1:colcon.colcon_core.package_discovery:discover_packages(ignore) check parameters
[0.104s] Level 1:colcon.colcon_core.package_discovery:discover_packages(path) check parameters
[0.104s] Level 1:colcon.colcon_core.package_discovery:discover_packages(colcon_meta) discover
[0.104s] Level 1:colcon.colcon_core.package_discovery:discover_packages(recursive) discover
[0.104s] INFO:colcon.colcon_core.package_discovery:Crawling recursively for packages in '/home/ubuntu/ros2_ws'
[0.104s] Level 1:colcon.colcon_core.package_identification:_identify(.) by extensions ['ignore', 'ignore_ament_install']
[0.104s] Level 1:colcon.colcon_core.package_identification:_identify(.) by extension 'ignore'
[0.104s] Level 1:colcon.colcon_core.package_identification:_identify(.) by extension 'ignore_ament_install'
[0.104s] Level 1:colcon.colcon_core.package_identification:_identify(.) by extensions ['colcon_pkg']
[0.104s] Level 1:colcon.colcon_core.package_identification:_identify(.) by extension 'colcon_pkg'
[0.104s] Level 1:colcon.colcon_core.package_identification:_identify(.) by extensions ['colcon_meta']
[0.104s] Level 1:colcon.colcon_core.package_identification:_identify(.) by extension 'colcon_meta'
[0.104s] Level 1:colcon.colcon_core.package_identification:_identify(.) by extensions ['ros']
[0.104s] Level 1:colcon.colcon_core.package_identification:_identify(.) by extension 'ros'
[0.123s] Level 1:colcon.colcon_core.package_identification:_identify(.) by extensions ['cmake', 'python']
[0.123s] Level 1:colcon.colcon_core.package_identification:_identify(.) by extension 'cmake'
[0.123s] Level 1:colcon.colcon_core.package_identification:_identify(.) by extension 'python'
[0.123s] Level 1:colcon.colcon_core.package_identification:_identify(.) by extensions ['python_setup_py']
[0.123s] Level 1:colcon.colcon_core.package_identification:_identify(.) by extension 'python_setup_py'
[0.123s] Level 1:colcon.colcon_core.package_identification:_identify(build) by extensions ['ignore', 'ignore_ament_install']
[0.123s] Level 1:colcon.colcon_core.package_identification:_identify(build) by extension 'ignore'
[0.123s] Level 1:colcon.colcon_core.package_identification:_identify(build) ignored
[0.123s] Level 1:colcon.colcon_core.package_identification:_identify(install) by extensions ['ignore', 'ignore_ament_install']
[0.123s] Level 1:colcon.colcon_core.package_identification:_identify(install) by extension 'ignore'
[0.124s] Level 1:colcon.colcon_core.package_identification:_identify(install) ignored
[0.124s] Level 1:colcon.colcon_core.package_identification:_identify(log) by extensions ['ignore', 'ignore_ament_install']
[0.124s] Level 1:colcon.colcon_core.package_identification:_identify(log) by extension 'ignore'
[0.124s] Level 1:colcon.colcon_core.package_identification:_identify(log) ignored
[0.124s] Level 1:colcon.colcon_core.package_identification:_identify(src) by extensions ['ignore', 'ignore_ament_install']
[0.124s] Level 1:colcon.colcon_core.package_identification:_identify(src) by extension 'ignore'
[0.124s] Level 1:colcon.colcon_core.package_identification:_identify(src) by extension 'ignore_ament_install'
[0.124s] Level 1:colcon.colcon_core.package_identification:_identify(src) by extensions ['colcon_pkg']
[0.124s] Level 1:colcon.colcon_core.package_identification:_identify(src) by extension 'colcon_pkg'
[0.124s] Level 1:colcon.colcon_core.package_identification:_identify(src) by extensions ['colcon_meta']
[0.124s] Level 1:colcon.colcon_core.package_identification:_identify(src) by extension 'colcon_meta'
[0.124s] Level 1:colcon.colcon_core.package_identification:_identify(src) by extensions ['ros']
[0.124s] Level 1:colcon.colcon_core.package_identification:_identify(src) by extension 'ros'
[0.124s] Level 1:colcon.colcon_core.package_identification:_identify(src) by extensions ['cmake', 'python']
[0.124s] Level 1:colcon.colcon_core.package_identification:_identify(src) by extension 'cmake'
[0.124s] Level 1:colcon.colcon_core.package_identification:_identify(src) by extension 'python'
[0.124s] Level 1:colcon.colcon_core.package_identification:_identify(src) by extensions ['python_setup_py']
[0.124s] Level 1:colcon.colcon_core.package_identification:_identify(src) by extension 'python_setup_py'
[0.124s] Level 1:colcon.colcon_core.package_identification:_identify(src/sllidar_ros2) by extensions ['ignore', 'ignore_ament_install']
[0.124s] Level 1:colcon.colcon_core.package_identification:_identify(src/sllidar_ros2) by extension 'ignore'
[0.124s] Level 1:colcon.colcon_core.package_identification:_identify(src/sllidar_ros2) by extension 'ignore_ament_install'
[0.124s] Level 1:colcon.colcon_core.package_identification:_identify(src/sllidar_ros2) by extensions ['colcon_pkg']
[0.124s] Level 1:colcon.colcon_core.package_identification:_identify(src/sllidar_ros2) by extension 'colcon_pkg'
[0.124s] Level 1:colcon.colcon_core.package_identification:_identify(src/sllidar_ros2) by extensions ['colcon_meta']
[0.124s] Level 1:colcon.colcon_core.package_identification:_identify(src/sllidar_ros2) by extension 'colcon_meta'
[0.124s] Level 1:colcon.colcon_core.package_identification:_identify(src/sllidar_ros2) by extensions ['ros']
[0.124s] Level 1:colcon.colcon_core.package_identification:_identify(src/sllidar_ros2) by extension 'ros'
[0.126s] DEBUG:colcon.colcon_core.package_identification:Package 'src/sllidar_ros2' with type 'ros.ament_cmake' and name 'sllidar_ros2'
[0.126s] Level 1:colcon.colcon_core.package_identification:_identify(src/sudsakhon_automation) by extensions ['ignore', 'ignore_ament_install']
[0.126s] Level 1:colcon.colcon_core.package_identification:_identify(src/sudsakhon_automation) by extension 'ignore'
[0.126s] Level 1:colcon.colcon_core.package_identification:_identify(src/sudsakhon_automation) by extension 'ignore_ament_install'
[0.126s] Level 1:colcon.colcon_core.package_identification:_identify(src/sudsakhon_automation) by extensions ['colcon_pkg']
[0.126s] Level 1:colcon.colcon_core.package_identification:_identify(src/sudsakhon_automation) by extension 'colcon_pkg'
[0.126s] Level 1:colcon.colcon_core.package_identification:_identify(src/sudsakhon_automation) by extensions ['colcon_meta']
[0.126s] Level 1:colcon.colcon_core.package_identification:_identify(src/sudsakhon_automation) by extension 'colcon_meta'
[0.126s] Level 1:colcon.colcon_core.package_identification:_identify(src/sudsakhon_automation) by extensions ['ros']
[0.126s] Level 1:colcon.colcon_core.package_identification:_identify(src/sudsakhon_automation) by extension 'ros'
[0.127s] DEBUG:colcon.colcon_core.package_identification:Package 'src/sudsakhon_automation' with type 'ros.ament_python' and name 'sudsakhon_automation'
[0.127s] Level 1:colcon.colcon_core.package_identification:_identify(src/sudsakhon_dashbroad) by extensions ['ignore', 'ignore_ament_install']
[0.127s] Level 1:colcon.colcon_core.package_identification:_identify(src/sudsakhon_dashbroad) by extension 'ignore'
[0.127s] Level 1:colcon.colcon_core.package_identification:_identify(src/sudsakhon_dashbroad) by extension 'ignore_ament_install'
[0.127s] Level 1:colcon.colcon_core.package_identification:_identify(src/sudsakhon_dashbroad) by extensions ['colcon_pkg']
[0.127s] Level 1:colcon.colcon_core.package_identification:_identify(src/sudsakhon_dashbroad) by extension 'colcon_pkg'
[0.127s] Level 1:colcon.colcon_core.package_identification:_identify(src/sudsakhon_dashbroad) by extensions ['colcon_meta']
[0.127s] Level 1:colcon.colcon_core.package_identification:_identify(src/sudsakhon_dashbroad) by extension 'colcon_meta'
[0.127s] Level 1:colcon.colcon_core.package_identification:_identify(src/sudsakhon_dashbroad) by extensions ['ros']
[0.127s] Level 1:colcon.colcon_core.package_identification:_identify(src/sudsakhon_dashbroad) by extension 'ros'
[0.127s] DEBUG:colcon.colcon_core.package_identification:Package 'src/sudsakhon_dashbroad' with type 'ros.ament_python' and name 'sudsakhon_dashbroad'
[0.128s] Level 1:colcon.colcon_core.package_identification:_identify(src/sudsakhon_detectchair) by extensions ['ignore', 'ignore_ament_install']
[0.128s] Level 1:colcon.colcon_core.package_identification:_identify(src/sudsakhon_detectchair) by extension 'ignore'
[0.128s] Level 1:colcon.colcon_core.package_identification:_identify(src/sudsakhon_detectchair) by extension 'ignore_ament_install'
[0.128s] Level 1:colcon.colcon_core.package_identification:_identify(src/sudsakhon_detectchair) by extensions ['colcon_pkg']
[0.128s] Level 1:colcon.colcon_core.package_identification:_identify(src/sudsakhon_detectchair) by extension 'colcon_pkg'
[0.128s] Level 1:colcon.colcon_core.package_identification:_identify(src/sudsakhon_detectchair) by extensions ['colcon_meta']
[0.128s] Level 1:colcon.colcon_core.package_identification:_identify(src/sudsakhon_detectchair) by extension 'colcon_meta'
[0.128s] Level 1:colcon.colcon_core.package_identification:_identify(src/sudsakhon_detectchair) by extensions ['ros']
[0.128s] Level 1:colcon.colcon_core.package_identification:_identify(src/sudsakhon_detectchair) by extension 'ros'
[0.128s] DEBUG:colcon.colcon_core.package_identification:Package 'src/sudsakhon_detectchair' with type 'ros.ament_python' and name 'sudsakhon_detectchair'
[0.128s] Level 1:colcon.colcon_core.package_identification:_identify(src/sudsakhon_mainprogram) by extensions ['ignore', 'ignore_ament_install']
[0.128s] Level 1:colcon.colcon_core.package_identification:_identify(src/sudsakhon_mainprogram) by extension 'ignore'
[0.128s] Level 1:colcon.colcon_core.package_identification:_identify(src/sudsakhon_mainprogram) by extension 'ignore_ament_install'
[0.128s] Level 1:colcon.colcon_core.package_identification:_identify(src/sudsakhon_mainprogram) by extensions ['colcon_pkg']
[0.128s] Level 1:colcon.colcon_core.package_identification:_identify(src/sudsakhon_mainprogram) by extension 'colcon_pkg'
[0.128s] Level 1:colcon.colcon_core.package_identification:_identify(src/sudsakhon_mainprogram) by extensions ['colcon_meta']
[0.128s] Level 1:colcon.colcon_core.package_identification:_identify(src/sudsakhon_mainprogram) by extension 'colcon_meta'
[0.128s] Level 1:colcon.colcon_core.package_identification:_identify(src/sudsakhon_mainprogram) by extensions ['ros']
[0.128s] Level 1:colcon.colcon_core.package_identification:_identify(src/sudsakhon_mainprogram) by extension 'ros'
[0.129s] DEBUG:colcon.colcon_core.package_identification:Package 'src/sudsakhon_mainprogram' with type 'ros.ament_python' and name 'sudsakhon_mainprogram'
[0.129s] Level 1:colcon.colcon_core.package_identification:_identify(src/sudsakhon_objectdetechtion) by extensions ['ignore', 'ignore_ament_install']
[0.129s] Level 1:colcon.colcon_core.package_identification:_identify(src/sudsakhon_objectdetechtion) by extension 'ignore'
[0.129s] Level 1:colcon.colcon_core.package_identification:_identify(src/sudsakhon_objectdetechtion) by extension 'ignore_ament_install'
[0.129s] Level 1:colcon.colcon_core.package_identification:_identify(src/sudsakhon_objectdetechtion) by extensions ['colcon_pkg']
[0.129s] Level 1:colcon.colcon_core.package_identification:_identify(src/sudsakhon_objectdetechtion) by extension 'colcon_pkg'
[0.129s] Level 1:colcon.colcon_core.package_identification:_identify(src/sudsakhon_objectdetechtion) by extensions ['colcon_meta']
[0.129s] Level 1:colcon.colcon_core.package_identification:_identify(src/sudsakhon_objectdetechtion) by extension 'colcon_meta'
[0.129s] Level 1:colcon.colcon_core.package_identification:_identify(src/sudsakhon_objectdetechtion) by extensions ['ros']
[0.129s] Level 1:colcon.colcon_core.package_identification:_identify(src/sudsakhon_objectdetechtion) by extension 'ros'
[0.129s] DEBUG:colcon.colcon_core.package_identification:Package 'src/sudsakhon_objectdetechtion' with type 'ros.ament_python' and name 'sudsakhon_objectdetechtion'
[0.129s] Level 1:colcon.colcon_core.package_identification:_identify(src/sudsakhon_odom) by extensions ['ignore', 'ignore_ament_install']
[0.129s] Level 1:colcon.colcon_core.package_identification:_identify(src/sudsakhon_odom) by extension 'ignore'
[0.129s] Level 1:colcon.colcon_core.package_identification:_identify(src/sudsakhon_odom) by extension 'ignore_ament_install'
[0.129s] Level 1:colcon.colcon_core.package_identification:_identify(src/sudsakhon_odom) by extensions ['colcon_pkg']
[0.129s] Level 1:colcon.colcon_core.package_identification:_identify(src/sudsakhon_odom) by extension 'colcon_pkg'
[0.129s] Level 1:colcon.colcon_core.package_identification:_identify(src/sudsakhon_odom) by extensions ['colcon_meta']
[0.129s] Level 1:colcon.colcon_core.package_identification:_identify(src/sudsakhon_odom) by extension 'colcon_meta'
[0.130s] Level 1:colcon.colcon_core.package_identification:_identify(src/sudsakhon_odom) by extensions ['ros']
[0.130s] Level 1:colcon.colcon_core.package_identification:_identify(src/sudsakhon_odom) by extension 'ros'
[0.130s] DEBUG:colcon.colcon_core.package_identification:Package 'src/sudsakhon_odom' with type 'ros.ament_python' and name 'sudsakhon_odom'
[0.130s] Level 1:colcon.colcon_core.package_identification:_identify(src/sudsakhon_transformation) by extensions ['ignore', 'ignore_ament_install']
[0.130s] Level 1:colcon.colcon_core.package_identification:_identify(src/sudsakhon_transformation) by extension 'ignore'
[0.130s] Level 1:colcon.colcon_core.package_identification:_identify(src/sudsakhon_transformation) by extension 'ignore_ament_install'
[0.130s] Level 1:colcon.colcon_core.package_identification:_identify(src/sudsakhon_transformation) by extensions ['colcon_pkg']
[0.130s] Level 1:colcon.colcon_core.package_identification:_identify(src/sudsakhon_transformation) by extension 'colcon_pkg'
[0.130s] Level 1:colcon.colcon_core.package_identification:_identify(src/sudsakhon_transformation) by extensions ['colcon_meta']
[0.130s] Level 1:colcon.colcon_core.package_identification:_identify(src/sudsakhon_transformation) by extension 'colcon_meta'
[0.130s] Level 1:colcon.colcon_core.package_identification:_identify(src/sudsakhon_transformation) by extensions ['ros']
[0.130s] Level 1:colcon.colcon_core.package_identification:_identify(src/sudsakhon_transformation) by extension 'ros'
[0.131s] DEBUG:colcon.colcon_core.package_identification:Package 'src/sudsakhon_transformation' with type 'ros.ament_python' and name 'sudsakhon_transformation'
[0.131s] Level 1:colcon.colcon_core.package_discovery:discover_packages(recursive) using defaults
[0.131s] Level 1:colcon.colcon_core.package_discovery:discover_packages(ignore) discover
[0.131s] Level 1:colcon.colcon_core.package_discovery:discover_packages(ignore) using defaults
[0.131s] Level 1:colcon.colcon_core.package_discovery:discover_packages(path) discover
[0.131s] Level 1:colcon.colcon_core.package_discovery:discover_packages(path) using defaults
[0.146s] INFO:colcon.colcon_core.package_selection:Skipping not selected package 'sllidar_ros2' in 'src/sllidar_ros2'
[0.146s] INFO:colcon.colcon_core.package_selection:Skipping not selected package 'sudsakhon_automation' in 'src/sudsakhon_automation'
[0.146s] INFO:colcon.colcon_core.package_selection:Skipping not selected package 'sudsakhon_dashbroad' in 'src/sudsakhon_dashbroad'
[0.146s] INFO:colcon.colcon_core.package_selection:Skipping not selected package 'sudsakhon_detectchair' in 'src/sudsakhon_detectchair'
[0.146s] INFO:colcon.colcon_core.package_selection:Skipping not selected package 'sudsakhon_mainprogram' in 'src/sudsakhon_mainprogram'
[0.146s] INFO:colcon.colcon_core.package_selection:Skipping not selected package 'sudsakhon_odom' in 'src/sudsakhon_odom'
[0.146s] INFO:colcon.colcon_core.package_selection:Skipping not selected package 'sudsakhon_transformation' in 'src/sudsakhon_transformation'
[0.146s] Level 1:colcon.colcon_core.package_discovery:discover_packages(prefix_path) check parameters
[0.146s] Level 1:colcon.colcon_core.package_discovery:discover_packages(prefix_path) discover
[0.149s] DEBUG:colcon.colcon_installed_package_information.package_discovery:Found 8 installed packages in /home/ubuntu/ros2_ws/install
[0.150s] DEBUG:colcon.colcon_installed_package_information.package_discovery:Found 99 installed packages in /home/ubuntu/install
[0.151s] DEBUG:colcon.colcon_installed_package_information.package_discovery:Found 294 installed packages in /opt/ros/jazzy
[0.153s] Level 1:colcon.colcon_core.package_discovery:discover_packages(prefix_path) using defaults
[0.180s] Level 5:colcon.colcon_core.verb:set package 'sudsakhon_objectdetechtion' build argument 'cmake_args' from command line to 'None'
[0.180s] Level 5:colcon.colcon_core.verb:set package 'sudsakhon_objectdetechtion' build argument 'cmake_target' from command line to 'None'
[0.180s] Level 5:colcon.colcon_core.verb:set package 'sudsakhon_objectdetechtion' build argument 'cmake_target_skip_unavailable' from command line to 'False'
[0.180s] Level 5:colcon.colcon_core.verb:set package 'sudsakhon_objectdetechtion' build argument 'cmake_clean_cache' from command line to 'False'
[0.180s] Level 5:colcon.colcon_core.verb:set package 'sudsakhon_objectdetechtion' build argument 'cmake_clean_first' from command line to 'False'
[0.180s] Level 5:colcon.colcon_core.verb:set package 'sudsakhon_objectdetechtion' build argument 'cmake_force_configure' from command line to 'False'
[0.180s] Level 5:colcon.colcon_core.verb:set package 'sudsakhon_objectdetechtion' build argument 'ament_cmake_args' from command line to 'None'
[0.180s] Level 5:colcon.colcon_core.verb:set package 'sudsakhon_objectdetechtion' build argument 'catkin_cmake_args' from command line to 'None'
[0.180s] Level 5:colcon.colcon_core.verb:set package 'sudsakhon_objectdetechtion' build argument 'catkin_skip_building_tests' from command line to 'False'
[0.180s] DEBUG:colcon.colcon_core.verb:Building package 'sudsakhon_objectdetechtion' with the following arguments: {'ament_cmake_args': None, 'build_base': '/home/ubuntu/ros2_ws/build/sudsakhon_objectdetechtion', 'catkin_cmake_args': None, 'catkin_skip_building_tests': False, 'cmake_args': None, 'cmake_clean_cache': False, 'cmake_clean_first': False, 'cmake_force_configure': False, 'cmake_target': None, 'cmake_target_skip_unavailable': False, 'install_base': '/home/ubuntu/ros2_ws/install/sudsakhon_objectdetechtion', 'merge_install': False, 'path': '/home/ubuntu/ros2_ws/src/sudsakhon_objectdetechtion', 'symlink_install': False, 'test_result_base': None}
[0.180s] INFO:colcon.colcon_core.executor:Executing jobs using 'parallel' executor
[0.181s] DEBUG:colcon.colcon_parallel_executor.executor.parallel:run_until_complete
[0.181s] INFO:colcon.colcon_ros.task.ament_python.build:Building ROS package in '/home/ubuntu/ros2_ws/src/sudsakhon_objectdetechtion' with build type 'ament_python'
[0.182s] Level 1:colcon.colcon_core.shell:create_environment_hook('sudsakhon_objectdetechtion', 'ament_prefix_path')
[0.183s] INFO:colcon.colcon_core.plugin_system:Skipping extension 'colcon_core.shell.bat': Not used on non-Windows systems
[0.183s] INFO:colcon.colcon_core.shell:Creating environment hook '/home/ubuntu/ros2_ws/install/sudsakhon_objectdetechtion/share/sudsakhon_objectdetechtion/hook/ament_prefix_path.ps1'
[0.184s] INFO:colcon.colcon_core.shell:Creating environment descriptor '/home/ubuntu/ros2_ws/install/sudsakhon_objectdetechtion/share/sudsakhon_objectdetechtion/hook/ament_prefix_path.dsv'
[0.184s] INFO:colcon.colcon_core.shell:Creating environment hook '/home/ubuntu/ros2_ws/install/sudsakhon_objectdetechtion/share/sudsakhon_objectdetechtion/hook/ament_prefix_path.sh'
[0.184s] INFO:colcon.colcon_core.shell:Skip shell extension 'powershell' for command environment: Not usable outside of PowerShell
[0.184s] DEBUG:colcon.colcon_core.shell:Skip shell extension 'dsv' for command environment
[0.465s] INFO:colcon.colcon_core.task.python.build:Building Python package in '/home/ubuntu/ros2_ws/src/sudsakhon_objectdetechtion'
[0.465s] INFO:colcon.colcon_core.shell:Skip shell extension 'powershell' for command environment: Not usable outside of PowerShell
[0.465s] DEBUG:colcon.colcon_core.shell:Skip shell extension 'dsv' for command environment
[1.285s] DEBUG:colcon.colcon_core.event_handler.log_command:Invoking command in '/home/ubuntu/ros2_ws/src/sudsakhon_objectdetechtion': DEBUGINFOD_URLS=https://debuginfod.ubuntu.com PYTHONPATH=/home/ubuntu/ros2_ws/build/sudsakhon_objectdetechtion/prefix_override:/usr/lib/python3/dist-packages/colcon_core/task/python/colcon_distutils_commands:/home/ubuntu/ros2_ws/install/sudsakhon_objectdetechtion/lib/python3.12/site-packages:${PYTHONPATH} /usr/bin/python3 -W ignore:setup.py install is deprecated -W ignore:easy_install command is deprecated setup.py egg_info --egg-base ../../build/sudsakhon_objectdetechtion build --build-base /home/ubuntu/ros2_ws/build/sudsakhon_objectdetechtion/build install --record /home/ubuntu/ros2_ws/build/sudsakhon_objectdetechtion/install.log --single-version-externally-managed install_data
[2.039s] DEBUG:colcon.colcon_core.event_handler.log_command:Invoked command in '/home/ubuntu/ros2_ws/src/sudsakhon_objectdetechtion' returned '0': DEBUGINFOD_URLS=https://debuginfod.ubuntu.com PYTHONPATH=/home/ubuntu/ros2_ws/build/sudsakhon_objectdetechtion/prefix_override:/usr/lib/python3/dist-packages/colcon_core/task/python/colcon_distutils_commands:/home/ubuntu/ros2_ws/install/sudsakhon_objectdetechtion/lib/python3.12/site-packages:${PYTHONPATH} /usr/bin/python3 -W ignore:setup.py install is deprecated -W ignore:easy_install command is deprecated setup.py egg_info --egg-base ../../build/sudsakhon_objectdetechtion build --build-base /home/ubuntu/ros2_ws/build/sudsakhon_objectdetechtion/build install --record /home/ubuntu/ros2_ws/build/sudsakhon_objectdetechtion/install.log --single-version-externally-managed install_data
[2.042s] Level 1:colcon.colcon_core.environment:checking '/home/ubuntu/ros2_ws/install/sudsakhon_objectdetechtion' for CMake module files
[2.043s] Level 1:colcon.colcon_core.environment:checking '/home/ubuntu/ros2_ws/install/sudsakhon_objectdetechtion' for CMake config files
[2.044s] Level 1:colcon.colcon_core.environment:checking '/home/ubuntu/ros2_ws/install/sudsakhon_objectdetechtion/lib'
[2.044s] Level 1:colcon.colcon_core.environment:checking '/home/ubuntu/ros2_ws/install/sudsakhon_objectdetechtion/bin'
[2.044s] Level 1:colcon.colcon_core.environment:checking '/home/ubuntu/ros2_ws/install/sudsakhon_objectdetechtion/lib/pkgconfig/sudsakhon_objectdetechtion.pc'
[2.044s] Level 1:colcon.colcon_core.environment:checking '/home/ubuntu/ros2_ws/install/sudsakhon_objectdetechtion/lib/python3.12/site-packages'
[2.044s] Level 1:colcon.colcon_core.shell:create_environment_hook('sudsakhon_objectdetechtion', 'pythonpath')
[2.045s] INFO:colcon.colcon_core.shell:Creating environment hook '/home/ubuntu/ros2_ws/install/sudsakhon_objectdetechtion/share/sudsakhon_objectdetechtion/hook/pythonpath.ps1'
[2.045s] INFO:colcon.colcon_core.shell:Creating environment descriptor '/home/ubuntu/ros2_ws/install/sudsakhon_objectdetechtion/share/sudsakhon_objectdetechtion/hook/pythonpath.dsv'
[2.046s] INFO:colcon.colcon_core.shell:Creating environment hook '/home/ubuntu/ros2_ws/install/sudsakhon_objectdetechtion/share/sudsakhon_objectdetechtion/hook/pythonpath.sh'
[2.046s] Level 1:colcon.colcon_core.environment:checking '/home/ubuntu/ros2_ws/install/sudsakhon_objectdetechtion/bin'
[2.047s] Level 1:colcon.colcon_core.environment:create_environment_scripts_only(sudsakhon_objectdetechtion)
[2.047s] INFO:colcon.colcon_core.shell:Creating package script '/home/ubuntu/ros2_ws/install/sudsakhon_objectdetechtion/share/sudsakhon_objectdetechtion/package.ps1'
[2.048s] INFO:colcon.colcon_core.shell:Creating package descriptor '/home/ubuntu/ros2_ws/install/sudsakhon_objectdetechtion/share/sudsakhon_objectdetechtion/package.dsv'
[2.048s] INFO:colcon.colcon_core.shell:Creating package script '/home/ubuntu/ros2_ws/install/sudsakhon_objectdetechtion/share/sudsakhon_objectdetechtion/package.sh'
[2.049s] INFO:colcon.colcon_core.shell:Creating package script '/home/ubuntu/ros2_ws/install/sudsakhon_objectdetechtion/share/sudsakhon_objectdetechtion/package.bash'
[2.050s] INFO:colcon.colcon_core.shell:Creating package script '/home/ubuntu/ros2_ws/install/sudsakhon_objectdetechtion/share/sudsakhon_objectdetechtion/package.zsh'
[2.051s] Level 1:colcon.colcon_core.environment:create_file_with_runtime_dependencies(/home/ubuntu/ros2_ws/install/sudsakhon_objectdetechtion/share/colcon-core/packages/sudsakhon_objectdetechtion)
[2.051s] DEBUG:colcon.colcon_parallel_executor.executor.parallel:closing loop
[2.051s] DEBUG:colcon.colcon_parallel_executor.executor.parallel:loop closed
[2.051s] DEBUG:colcon.colcon_parallel_executor.executor.parallel:run_until_complete finished with '0'
[2.051s] DEBUG:colcon.colcon_core.event_reactor:joining thread
[2.058s] INFO:colcon.colcon_core.plugin_system:Skipping extension 'colcon_notification.desktop_notification.terminal_notifier': Not used on non-Darwin systems
[2.058s] INFO:colcon.colcon_core.plugin_system:Skipping extension 'colcon_notification.desktop_notification.win32': Not used on non-Windows systems
[2.058s] INFO:colcon.colcon_notification.desktop_notification:Sending desktop notification using 'notify2'
[2.071s] DEBUG:colcon.colcon_core.event_reactor:joined thread
[2.071s] INFO:colcon.colcon_core.shell:Creating prefix script '/home/ubuntu/ros2_ws/install/local_setup.ps1'
[2.072s] INFO:colcon.colcon_core.shell:Creating prefix util module '/home/ubuntu/ros2_ws/install/_local_setup_util_ps1.py'
[2.072s] INFO:colcon.colcon_core.shell:Creating prefix chain script '/home/ubuntu/ros2_ws/install/setup.ps1'
[2.074s] INFO:colcon.colcon_core.shell:Creating prefix script '/home/ubuntu/ros2_ws/install/local_setup.sh'
[2.075s] INFO:colcon.colcon_core.shell:Creating prefix util module '/home/ubuntu/ros2_ws/install/_local_setup_util_sh.py'
[2.075s] INFO:colcon.colcon_core.shell:Creating prefix chain script '/home/ubuntu/ros2_ws/install/setup.sh'
[2.077s] INFO:colcon.colcon_core.shell:Creating prefix script '/home/ubuntu/ros2_ws/install/local_setup.bash'
[2.077s] INFO:colcon.colcon_core.shell:Creating prefix chain script '/home/ubuntu/ros2_ws/install/setup.bash'
[2.079s] INFO:colcon.colcon_core.shell:Creating prefix script '/home/ubuntu/ros2_ws/install/local_setup.zsh'
[2.079s] INFO:colcon.colcon_core.shell:Creating prefix chain script '/home/ubuntu/ros2_ws/install/setup.zsh'
