[3.169s] Invoking command in '/home/ubuntu/ros2_ws/src/sudsakhon_automation': DEBUGINFOD_URLS=https://debuginfod.ubuntu.com PYTHONPATH=/home/ubuntu/ros2_ws/build/sudsakhon_automation/prefix_override:/usr/lib/python3/dist-packages/colcon_core/task/python/colcon_distutils_commands:/home/ubuntu/ros2_ws/install/sudsakhon_automation/lib/python3.12/site-packages:${PYTHONPATH} /usr/bin/python3 -W ignore:setup.py install is deprecated -W ignore:easy_install command is deprecated setup.py egg_info --egg-base ../../build/sudsakhon_automation build --build-base /home/ubuntu/ros2_ws/build/sudsakhon_automation/build install --record /home/ubuntu/ros2_ws/build/sudsakhon_automation/install.log --single-version-externally-managed install_data
[3.909s] running egg_info
[3.948s] writing ../../build/sudsakhon_automation/sudsakhon_automation.egg-info/PKG-INFO
[3.949s] writing dependency_links to ../../build/sudsakhon_automation/sudsakhon_automation.egg-info/dependency_links.txt
[3.950s] writing entry points to ../../build/sudsakhon_automation/sudsakhon_automation.egg-info/entry_points.txt
[3.950s] writing requirements to ../../build/sudsakhon_automation/sudsakhon_automation.egg-info/requires.txt
[3.952s] writing top-level names to ../../build/sudsakhon_automation/sudsakhon_automation.egg-info/top_level.txt
[4.027s] reading manifest file '../../build/sudsakhon_automation/sudsakhon_automation.egg-info/SOURCES.txt'
[4.029s] writing manifest file '../../build/sudsakhon_automation/sudsakhon_automation.egg-info/SOURCES.txt'
[4.029s] running build
[4.030s] running build_py
[4.032s] running install
[4.040s] running install_lib
[4.081s] running install_data
[4.081s] running install_egg_info
[4.132s] removing '/home/ubuntu/ros2_ws/install/sudsakhon_automation/lib/python3.12/site-packages/sudsakhon_automation-0.0.0-py3.12.egg-info' (and everything under it)
[4.132s] Copying ../../build/sudsakhon_automation/sudsakhon_automation.egg-info to /home/ubuntu/ros2_ws/install/sudsakhon_automation/lib/python3.12/site-packages/sudsakhon_automation-0.0.0-py3.12.egg-info
[4.133s] running install_scripts
[4.555s] Installing bridge_node script to /home/ubuntu/ros2_ws/install/sudsakhon_automation/lib/sudsakhon_automation
[4.555s] writing list of installed files to '/home/ubuntu/ros2_ws/build/sudsakhon_automation/install.log'
[4.601s] Invoked command in '/home/ubuntu/ros2_ws/src/sudsakhon_automation' returned '0': DEBUGINFOD_URLS=https://debuginfod.ubuntu.com PYTHONPATH=/home/ubuntu/ros2_ws/build/sudsakhon_automation/prefix_override:/usr/lib/python3/dist-packages/colcon_core/task/python/colcon_distutils_commands:/home/ubuntu/ros2_ws/install/sudsakhon_automation/lib/python3.12/site-packages:${PYTHONPATH} /usr/bin/python3 -W ignore:setup.py install is deprecated -W ignore:easy_install command is deprecated setup.py egg_info --egg-base ../../build/sudsakhon_automation build --build-base /home/ubuntu/ros2_ws/build/sudsakhon_automation/build install --record /home/ubuntu/ros2_ws/build/sudsakhon_automation/install.log --single-version-externally-managed install_data
