[2.435s] Invoking command in '/home/ubuntu/ros2_ws/src/sudsakhon_dashbroad': DEBUGINFOD_URLS=https://debuginfod.ubuntu.com PYTHONPATH=/home/ubuntu/ros2_ws/build/sudsakhon_dashbroad/prefix_override:/usr/lib/python3/dist-packages/colcon_core/task/python/colcon_distutils_commands:/home/ubuntu/ros2_ws/install/sudsakhon_dashbroad/lib/python3.12/site-packages:${PYTHONPATH} /usr/bin/python3 -W ignore:setup.py install is deprecated -W ignore:easy_install command is deprecated setup.py egg_info --egg-base ../../build/sudsakhon_dashbroad build --build-base /home/ubuntu/ros2_ws/build/sudsakhon_dashbroad/build install --record /home/ubuntu/ros2_ws/build/sudsakhon_dashbroad/install.log --single-version-externally-managed install_data
[2.786s] running egg_info
[2.828s] writing ../../build/sudsakhon_dashbroad/sudsakhon_dashbroad.egg-info/PKG-INFO
[2.830s] writing dependency_links to ../../build/sudsakhon_dashbroad/sudsakhon_dashbroad.egg-info/dependency_links.txt
[2.831s] writing entry points to ../../build/sudsakhon_dashbroad/sudsakhon_dashbroad.egg-info/entry_points.txt
[2.832s] writing requirements to ../../build/sudsakhon_dashbroad/sudsakhon_dashbroad.egg-info/requires.txt
[2.833s] writing top-level names to ../../build/sudsakhon_dashbroad/sudsakhon_dashbroad.egg-info/top_level.txt
[2.914s] reading manifest file '../../build/sudsakhon_dashbroad/sudsakhon_dashbroad.egg-info/SOURCES.txt'
[2.915s] writing manifest file '../../build/sudsakhon_dashbroad/sudsakhon_dashbroad.egg-info/SOURCES.txt'
[2.916s] running build
[2.916s] running build_py
[2.916s] running install
[2.926s] running install_lib
[2.994s] running install_data
[2.994s] running install_egg_info
[3.066s] removing '/home/ubuntu/ros2_ws/install/sudsakhon_dashbroad/lib/python3.12/site-packages/sudsakhon_dashbroad-0.0.1-py3.12.egg-info' (and everything under it)
[3.066s] Copying ../../build/sudsakhon_dashbroad/sudsakhon_dashbroad.egg-info to /home/ubuntu/ros2_ws/install/sudsakhon_dashbroad/lib/python3.12/site-packages/sudsakhon_dashbroad-0.0.1-py3.12.egg-info
[3.066s] running install_scripts
[3.377s] Installing api_backend script to /home/ubuntu/ros2_ws/install/sudsakhon_dashbroad/lib/sudsakhon_dashbroad
[3.377s] Installing dashboard_node script to /home/ubuntu/ros2_ws/install/sudsakhon_dashbroad/lib/sudsakhon_dashbroad
[3.378s] writing list of installed files to '/home/ubuntu/ros2_ws/build/sudsakhon_dashbroad/install.log'
[3.422s] Invoked command in '/home/ubuntu/ros2_ws/src/sudsakhon_dashbroad' returned '0': DEBUGINFOD_URLS=https://debuginfod.ubuntu.com PYTHONPATH=/home/ubuntu/ros2_ws/build/sudsakhon_dashbroad/prefix_override:/usr/lib/python3/dist-packages/colcon_core/task/python/colcon_distutils_commands:/home/ubuntu/ros2_ws/install/sudsakhon_dashbroad/lib/python3.12/site-packages:${PYTHONPATH} /usr/bin/python3 -W ignore:setup.py install is deprecated -W ignore:easy_install command is deprecated setup.py egg_info --egg-base ../../build/sudsakhon_dashbroad build --build-base /home/ubuntu/ros2_ws/build/sudsakhon_dashbroad/build install --record /home/ubuntu/ros2_ws/build/sudsakhon_dashbroad/install.log --single-version-externally-managed install_data
