[2.310s] Invoking command in '/home/ubuntu/ros2_ws/src/sudsakhon_odom': DEBUGINFOD_URLS=https://debuginfod.ubuntu.com PYTHONPATH=/home/ubuntu/ros2_ws/build/sudsakhon_odom/prefix_override:/usr/lib/python3/dist-packages/colcon_core/task/python/colcon_distutils_commands:/home/ubuntu/ros2_ws/install/sudsakhon_odom/lib/python3.12/site-packages:${PYTHONPATH} /usr/bin/python3 -W ignore:setup.py install is deprecated -W ignore:easy_install command is deprecated setup.py egg_info --egg-base ../../build/sudsakhon_odom build --build-base /home/ubuntu/ros2_ws/build/sudsakhon_odom/build install --record /home/ubuntu/ros2_ws/build/sudsakhon_odom/install.log --single-version-externally-managed install_data
[3.068s] running egg_info
[3.104s] writing ../../build/sudsakhon_odom/sudsakhon_odom.egg-info/PKG-INFO
[3.106s] writing dependency_links to ../../build/sudsakhon_odom/sudsakhon_odom.egg-info/dependency_links.txt
[3.106s] writing entry points to ../../build/sudsakhon_odom/sudsakhon_odom.egg-info/entry_points.txt
[3.106s] writing requirements to ../../build/sudsakhon_odom/sudsakhon_odom.egg-info/requires.txt
[3.106s] writing top-level names to ../../build/sudsakhon_odom/sudsakhon_odom.egg-info/top_level.txt
[3.179s] reading manifest file '../../build/sudsakhon_odom/sudsakhon_odom.egg-info/SOURCES.txt'
[3.179s] writing manifest file '../../build/sudsakhon_odom/sudsakhon_odom.egg-info/SOURCES.txt'
[3.179s] running build
[3.179s] running build_py
[3.183s] running install
[3.188s] running install_lib
[3.224s] running install_data
[3.225s] running install_egg_info
[3.264s] removing '/home/ubuntu/ros2_ws/install/sudsakhon_odom/lib/python3.12/site-packages/sudsakhon_odom-0.0.0-py3.12.egg-info' (and everything under it)
[3.264s] Copying ../../build/sudsakhon_odom/sudsakhon_odom.egg-info to /home/ubuntu/ros2_ws/install/sudsakhon_odom/lib/python3.12/site-packages/sudsakhon_odom-0.0.0-py3.12.egg-info
[3.266s] running install_scripts
[3.495s] Installing sudsakhon_odom_tune script to /home/ubuntu/ros2_ws/install/sudsakhon_odom/lib/sudsakhon_odom
[3.495s] writing list of installed files to '/home/ubuntu/ros2_ws/build/sudsakhon_odom/install.log'
[3.540s] Invoked command in '/home/ubuntu/ros2_ws/src/sudsakhon_odom' returned '0': DEBUGINFOD_URLS=https://debuginfod.ubuntu.com PYTHONPATH=/home/ubuntu/ros2_ws/build/sudsakhon_odom/prefix_override:/usr/lib/python3/dist-packages/colcon_core/task/python/colcon_distutils_commands:/home/ubuntu/ros2_ws/install/sudsakhon_odom/lib/python3.12/site-packages:${PYTHONPATH} /usr/bin/python3 -W ignore:setup.py install is deprecated -W ignore:easy_install command is deprecated setup.py egg_info --egg-base ../../build/sudsakhon_odom build --build-base /home/ubuntu/ros2_ws/build/sudsakhon_odom/build install --record /home/ubuntu/ros2_ws/build/sudsakhon_odom/install.log --single-version-externally-managed install_data
