[3.366s] Invoking command in '/home/ubuntu/ros2_ws/src/sudsakhon_mainprogram': DEBUGINFOD_URLS=https://debuginfod.ubuntu.com PYTHONPATH=/home/ubuntu/ros2_ws/build/sudsakhon_mainprogram/prefix_override:/usr/lib/python3/dist-packages/colcon_core/task/python/colcon_distutils_commands:/home/ubuntu/ros2_ws/install/sudsakhon_mainprogram/lib/python3.12/site-packages:${PYTHONPATH} /usr/bin/python3 -W ignore:setup.py install is deprecated -W ignore:easy_install command is deprecated setup.py egg_info --egg-base ../../build/sudsakhon_mainprogram build --build-base /home/ubuntu/ros2_ws/build/sudsakhon_mainprogram/build install --record /home/ubuntu/ros2_ws/build/sudsakhon_mainprogram/install.log --single-version-externally-managed install_data
[4.245s] running egg_info
[4.245s] writing ../../build/sudsakhon_mainprogram/sudsakhon_mainprogram.egg-info/PKG-INFO
[4.246s] writing dependency_links to ../../build/sudsakhon_mainprogram/sudsakhon_mainprogram.egg-info/dependency_links.txt
[4.246s] writing entry points to ../../build/sudsakhon_mainprogram/sudsakhon_mainprogram.egg-info/entry_points.txt
[4.246s] writing requirements to ../../build/sudsakhon_mainprogram/sudsakhon_mainprogram.egg-info/requires.txt
[4.246s] writing top-level names to ../../build/sudsakhon_mainprogram/sudsakhon_mainprogram.egg-info/top_level.txt
[4.247s] reading manifest file '../../build/sudsakhon_mainprogram/sudsakhon_mainprogram.egg-info/SOURCES.txt'
[4.247s] writing manifest file '../../build/sudsakhon_mainprogram/sudsakhon_mainprogram.egg-info/SOURCES.txt'
[4.248s] running build
[4.248s] running build_py
[4.248s] copying sudsakhon_mainprogram/main_controller.py -> /home/ubuntu/ros2_ws/build/sudsakhon_mainprogram/build/lib/sudsakhon_mainprogram
[4.248s] running install
[4.248s] running install_lib
[4.261s] copying /home/ubuntu/ros2_ws/build/sudsakhon_mainprogram/build/lib/sudsakhon_mainprogram/main_controller.py -> /home/ubuntu/ros2_ws/install/sudsakhon_mainprogram/lib/python3.12/site-packages/sudsakhon_mainprogram
[4.266s] byte-compiling /home/ubuntu/ros2_ws/install/sudsakhon_mainprogram/lib/python3.12/site-packages/sudsakhon_mainprogram/main_controller.py to main_controller.cpython-312.pyc
[4.276s] running install_data
[4.279s] running install_egg_info
[4.341s] removing '/home/ubuntu/ros2_ws/install/sudsakhon_mainprogram/lib/python3.12/site-packages/sudsakhon_mainprogram-0.0.0-py3.12.egg-info' (and everything under it)
[4.345s] Copying ../../build/sudsakhon_mainprogram/sudsakhon_mainprogram.egg-info to /home/ubuntu/ros2_ws/install/sudsakhon_mainprogram/lib/python3.12/site-packages/sudsakhon_mainprogram-0.0.0-py3.12.egg-info
[4.351s] running install_scripts
[4.645s] Installing main_controller script to /home/ubuntu/ros2_ws/install/sudsakhon_mainprogram/lib/sudsakhon_mainprogram
[4.646s] writing list of installed files to '/home/ubuntu/ros2_ws/build/sudsakhon_mainprogram/install.log'
[4.697s] Invoked command in '/home/ubuntu/ros2_ws/src/sudsakhon_mainprogram' returned '0': DEBUGINFOD_URLS=https://debuginfod.ubuntu.com PYTHONPATH=/home/ubuntu/ros2_ws/build/sudsakhon_mainprogram/prefix_override:/usr/lib/python3/dist-packages/colcon_core/task/python/colcon_distutils_commands:/home/ubuntu/ros2_ws/install/sudsakhon_mainprogram/lib/python3.12/site-packages:${PYTHONPATH} /usr/bin/python3 -W ignore:setup.py install is deprecated -W ignore:easy_install command is deprecated setup.py egg_info --egg-base ../../build/sudsakhon_mainprogram build --build-base /home/ubuntu/ros2_ws/build/sudsakhon_mainprogram/build install --record /home/ubuntu/ros2_ws/build/sudsakhon_mainprogram/install.log --single-version-externally-managed install_data
