[1.492s] Invoking command in '/home/ubuntu/ros2_ws/src/sudsakhon_objectdetechtion': DEBUGINFOD_URLS=https://debuginfod.ubuntu.com PYTHONPATH=/home/ubuntu/ros2_ws/build/sudsakhon_objectdetechtion/prefix_override:/usr/lib/python3/dist-packages/colcon_core/task/python/colcon_distutils_commands:/home/ubuntu/ros2_ws/install/sudsakhon_objectdetechtion/lib/python3.12/site-packages:${PYTHONPATH} /usr/bin/python3 -W ignore:setup.py install is deprecated -W ignore:easy_install command is deprecated setup.py egg_info --egg-base ../../build/sudsakhon_objectdetechtion build --build-base /home/ubuntu/ros2_ws/build/sudsakhon_objectdetechtion/build install --record /home/ubuntu/ros2_ws/build/sudsakhon_objectdetechtion/install.log --single-version-externally-managed install_data
[1.833s] running egg_info
[1.861s] writing ../../build/sudsakhon_objectdetechtion/sudsakhon_objectdetechtion.egg-info/PKG-INFO
[1.861s] writing dependency_links to ../../build/sudsakhon_objectdetechtion/sudsakhon_objectdetechtion.egg-info/dependency_links.txt
[1.861s] writing entry points to ../../build/sudsakhon_objectdetechtion/sudsakhon_objectdetechtion.egg-info/entry_points.txt
[1.861s] writing requirements to ../../build/sudsakhon_objectdetechtion/sudsakhon_objectdetechtion.egg-info/requires.txt
[1.862s] writing top-level names to ../../build/sudsakhon_objectdetechtion/sudsakhon_objectdetechtion.egg-info/top_level.txt
[1.920s] reading manifest file '../../build/sudsakhon_objectdetechtion/sudsakhon_objectdetechtion.egg-info/SOURCES.txt'
[1.921s] writing manifest file '../../build/sudsakhon_objectdetechtion/sudsakhon_objectdetechtion.egg-info/SOURCES.txt'
[1.922s] running build
[1.922s] running build_py
[1.922s] running install
[1.929s] running install_lib
[1.958s] running install_data
[1.958s] running install_egg_info
[1.990s] removing '/home/ubuntu/ros2_ws/install/sudsakhon_objectdetechtion/lib/python3.12/site-packages/sudsakhon_objectdetechtion-0.0.0-py3.12.egg-info' (and everything under it)
[1.990s] Copying ../../build/sudsakhon_objectdetechtion/sudsakhon_objectdetechtion.egg-info to /home/ubuntu/ros2_ws/install/sudsakhon_objectdetechtion/lib/python3.12/site-packages/sudsakhon_objectdetechtion-0.0.0-py3.12.egg-info
[1.991s] running install_scripts
[2.107s] Installing yolo_depth_pub script to /home/ubuntu/ros2_ws/install/sudsakhon_objectdetechtion/lib/sudsakhon_objectdetechtion
[2.107s] writing list of installed files to '/home/ubuntu/ros2_ws/build/sudsakhon_objectdetechtion/install.log'
[2.126s] Invoked command in '/home/ubuntu/ros2_ws/src/sudsakhon_objectdetechtion' returned '0': DEBUGINFOD_URLS=https://debuginfod.ubuntu.com PYTHONPATH=/home/ubuntu/ros2_ws/build/sudsakhon_objectdetechtion/prefix_override:/usr/lib/python3/dist-packages/colcon_core/task/python/colcon_distutils_commands:/home/ubuntu/ros2_ws/install/sudsakhon_objectdetechtion/lib/python3.12/site-packages:${PYTHONPATH} /usr/bin/python3 -W ignore:setup.py install is deprecated -W ignore:easy_install command is deprecated setup.py egg_info --egg-base ../../build/sudsakhon_objectdetechtion build --build-base /home/ubuntu/ros2_ws/build/sudsakhon_objectdetechtion/build install --record /home/ubuntu/ros2_ws/build/sudsakhon_objectdetechtion/install.log --single-version-externally-managed install_data
