[1.456s] Invoking command in '/home/ubuntu/ros2_ws/src/sudsakhon_odom': DEBUGINFOD_URLS=https://debuginfod.ubuntu.com PYTHONPATH=/home/ubuntu/ros2_ws/build/sudsakhon_odom/prefix_override:/usr/lib/python3/dist-packages/colcon_core/task/python/colcon_distutils_commands:/home/ubuntu/ros2_ws/install/sudsakhon_odom/lib/python3.12/site-packages:${PYTHONPATH} /usr/bin/python3 -W ignore:setup.py install is deprecated -W ignore:easy_install command is deprecated setup.py egg_info --egg-base ../../build/sudsakhon_odom build --build-base /home/ubuntu/ros2_ws/build/sudsakhon_odom/build install --record /home/ubuntu/ros2_ws/build/sudsakhon_odom/install.log --single-version-externally-managed install_data
[1.798s] running egg_info
[1.816s] writing ../../build/sudsakhon_odom/sudsakhon_odom.egg-info/PKG-INFO
[1.816s] writing dependency_links to ../../build/sudsakhon_odom/sudsakhon_odom.egg-info/dependency_links.txt
[1.816s] writing entry points to ../../build/sudsakhon_odom/sudsakhon_odom.egg-info/entry_points.txt
[1.816s] writing requirements to ../../build/sudsakhon_odom/sudsakhon_odom.egg-info/requires.txt
[1.816s] writing top-level names to ../../build/sudsakhon_odom/sudsakhon_odom.egg-info/top_level.txt
[1.839s] reading manifest file '../../build/sudsakhon_odom/sudsakhon_odom.egg-info/SOURCES.txt'
[1.840s] writing manifest file '../../build/sudsakhon_odom/sudsakhon_odom.egg-info/SOURCES.txt'
[1.840s] running build
[1.840s] running build_py
[1.840s] running install
[1.846s] running install_lib
[1.862s] running install_data
[1.862s] running install_egg_info
[1.875s] removing '/home/ubuntu/ros2_ws/install/sudsakhon_odom/lib/python3.12/site-packages/sudsakhon_odom-0.0.0-py3.12.egg-info' (and everything under it)
[1.875s] Copying ../../build/sudsakhon_odom/sudsakhon_odom.egg-info to /home/ubuntu/ros2_ws/install/sudsakhon_odom/lib/python3.12/site-packages/sudsakhon_odom-0.0.0-py3.12.egg-info
[1.877s] running install_scripts
[1.961s] Installing sudsakhon_odom_node script to /home/ubuntu/ros2_ws/install/sudsakhon_odom/lib/sudsakhon_odom
[1.961s] Installing sudsakhon_odom_tune script to /home/ubuntu/ros2_ws/install/sudsakhon_odom/lib/sudsakhon_odom
[1.961s] writing list of installed files to '/home/ubuntu/ros2_ws/build/sudsakhon_odom/install.log'
[1.980s] Invoked command in '/home/ubuntu/ros2_ws/src/sudsakhon_odom' returned '0': DEBUGINFOD_URLS=https://debuginfod.ubuntu.com PYTHONPATH=/home/ubuntu/ros2_ws/build/sudsakhon_odom/prefix_override:/usr/lib/python3/dist-packages/colcon_core/task/python/colcon_distutils_commands:/home/ubuntu/ros2_ws/install/sudsakhon_odom/lib/python3.12/site-packages:${PYTHONPATH} /usr/bin/python3 -W ignore:setup.py install is deprecated -W ignore:easy_install command is deprecated setup.py egg_info --egg-base ../../build/sudsakhon_odom build --build-base /home/ubuntu/ros2_ws/build/sudsakhon_odom/build install --record /home/ubuntu/ros2_ws/build/sudsakhon_odom/install.log --single-version-externally-managed install_data
