[0.986s] Invoking command in '/home/ubuntu/ros2_ws/src/sudsakhon_transformation': DEBUGINFOD_URLS=https://debuginfod.ubuntu.com PYTHONPATH=/home/ubuntu/ros2_ws/build/sudsakhon_transformation/prefix_override:/usr/lib/python3/dist-packages/colcon_core/task/python/colcon_distutils_commands:/home/ubuntu/ros2_ws/install/sudsakhon_transformation/lib/python3.12/site-packages:${PYTHONPATH} /usr/bin/python3 -W ignore:setup.py install is deprecated -W ignore:easy_install command is deprecated setup.py egg_info --egg-base ../../build/sudsakhon_transformation build --build-base /home/ubuntu/ros2_ws/build/sudsakhon_transformation/build install --record /home/ubuntu/ros2_ws/build/sudsakhon_transformation/install.log --single-version-externally-managed install_data
[1.151s] running egg_info
[1.163s] writing ../../build/sudsakhon_transformation/sudsakhon_transformation.egg-info/PKG-INFO
[1.163s] writing dependency_links to ../../build/sudsakhon_transformation/sudsakhon_transformation.egg-info/dependency_links.txt
[1.164s] writing entry points to ../../build/sudsakhon_transformation/sudsakhon_transformation.egg-info/entry_points.txt
[1.164s] writing requirements to ../../build/sudsakhon_transformation/sudsakhon_transformation.egg-info/requires.txt
[1.164s] writing top-level names to ../../build/sudsakhon_transformation/sudsakhon_transformation.egg-info/top_level.txt
[1.189s] reading manifest file '../../build/sudsakhon_transformation/sudsakhon_transformation.egg-info/SOURCES.txt'
[1.189s] writing manifest file '../../build/sudsakhon_transformation/sudsakhon_transformation.egg-info/SOURCES.txt'
[1.189s] running build
[1.190s] running build_py
[1.190s] running install
[1.194s] running install_lib
[1.206s] running install_data
[1.207s] running install_egg_info
[1.220s] removing '/home/ubuntu/ros2_ws/install/sudsakhon_transformation/lib/python3.12/site-packages/sudsakhon_transformation-0.0.0-py3.12.egg-info' (and everything under it)
[1.220s] Copying ../../build/sudsakhon_transformation/sudsakhon_transformation.egg-info to /home/ubuntu/ros2_ws/install/sudsakhon_transformation/lib/python3.12/site-packages/sudsakhon_transformation-0.0.0-py3.12.egg-info
[1.220s] running install_scripts
[1.303s] Installing transformation script to /home/ubuntu/ros2_ws/install/sudsakhon_transformation/lib/sudsakhon_transformation
[1.303s] writing list of installed files to '/home/ubuntu/ros2_ws/build/sudsakhon_transformation/install.log'
[1.342s] Invoked command in '/home/ubuntu/ros2_ws/src/sudsakhon_transformation' returned '0': DEBUGINFOD_URLS=https://debuginfod.ubuntu.com PYTHONPATH=/home/ubuntu/ros2_ws/build/sudsakhon_transformation/prefix_override:/usr/lib/python3/dist-packages/colcon_core/task/python/colcon_distutils_commands:/home/ubuntu/ros2_ws/install/sudsakhon_transformation/lib/python3.12/site-packages:${PYTHONPATH} /usr/bin/python3 -W ignore:setup.py install is deprecated -W ignore:easy_install command is deprecated setup.py egg_info --egg-base ../../build/sudsakhon_transformation build --build-base /home/ubuntu/ros2_ws/build/sudsakhon_transformation/build install --record /home/ubuntu/ros2_ws/build/sudsakhon_transformation/install.log --single-version-externally-managed install_data
