[1.200s] Invoking command in '/home/ubuntu/ros2_ws/src/sudsakhon_dashbroad': DEBUGINFOD_URLS=https://debuginfod.ubuntu.com PYTHONPATH=/home/ubuntu/ros2_ws/build/sudsakhon_dashbroad/prefix_override:/usr/lib/python3/dist-packages/colcon_core/task/python/colcon_distutils_commands:/home/ubuntu/ros2_ws/install/sudsakhon_dashbroad/lib/python3.12/site-packages:${PYTHONPATH} /usr/bin/python3 -W ignore:setup.py install is deprecated -W ignore:easy_install command is deprecated setup.py egg_info --egg-base ../../build/sudsakhon_dashbroad build --build-base /home/ubuntu/ros2_ws/build/sudsakhon_dashbroad/build install --record /home/ubuntu/ros2_ws/build/sudsakhon_dashbroad/install.log --single-version-externally-managed install_data
[1.383s] running egg_info
[1.395s] writing ../../build/sudsakhon_dashbroad/sudsakhon_dashbroad.egg-info/PKG-INFO
[1.395s] writing dependency_links to ../../build/sudsakhon_dashbroad/sudsakhon_dashbroad.egg-info/dependency_links.txt
[1.395s] writing entry points to ../../build/sudsakhon_dashbroad/sudsakhon_dashbroad.egg-info/entry_points.txt
[1.395s] writing requirements to ../../build/sudsakhon_dashbroad/sudsakhon_dashbroad.egg-info/requires.txt
[1.395s] writing top-level names to ../../build/sudsakhon_dashbroad/sudsakhon_dashbroad.egg-info/top_level.txt
[1.446s] reading manifest file '../../build/sudsakhon_dashbroad/sudsakhon_dashbroad.egg-info/SOURCES.txt'
[1.447s] writing manifest file '../../build/sudsakhon_dashbroad/sudsakhon_dashbroad.egg-info/SOURCES.txt'
[1.447s] running build
[1.447s] running build_py
[1.447s] running install
[1.454s] running install_lib
[1.483s] running install_data
[1.483s] running install_egg_info
[1.508s] removing '/home/ubuntu/ros2_ws/install/sudsakhon_dashbroad/lib/python3.12/site-packages/sudsakhon_dashbroad-0.0.1-py3.12.egg-info' (and everything under it)
[1.508s] Copying ../../build/sudsakhon_dashbroad/sudsakhon_dashbroad.egg-info to /home/ubuntu/ros2_ws/install/sudsakhon_dashbroad/lib/python3.12/site-packages/sudsakhon_dashbroad-0.0.1-py3.12.egg-info
[1.508s] running install_scripts
[1.596s] Installing api_backend script to /home/ubuntu/ros2_ws/install/sudsakhon_dashbroad/lib/sudsakhon_dashbroad
[1.597s] Installing dashboard_node script to /home/ubuntu/ros2_ws/install/sudsakhon_dashbroad/lib/sudsakhon_dashbroad
[1.597s] writing list of installed files to '/home/ubuntu/ros2_ws/build/sudsakhon_dashbroad/install.log'
[1.621s] Invoked command in '/home/ubuntu/ros2_ws/src/sudsakhon_dashbroad' returned '0': DEBUGINFOD_URLS=https://debuginfod.ubuntu.com PYTHONPATH=/home/ubuntu/ros2_ws/build/sudsakhon_dashbroad/prefix_override:/usr/lib/python3/dist-packages/colcon_core/task/python/colcon_distutils_commands:/home/ubuntu/ros2_ws/install/sudsakhon_dashbroad/lib/python3.12/site-packages:${PYTHONPATH} /usr/bin/python3 -W ignore:setup.py install is deprecated -W ignore:easy_install command is deprecated setup.py egg_info --egg-base ../../build/sudsakhon_dashbroad build --build-base /home/ubuntu/ros2_ws/build/sudsakhon_dashbroad/build install --record /home/ubuntu/ros2_ws/build/sudsakhon_dashbroad/install.log --single-version-externally-managed install_data
