[2.333s] Invoking command in '/home/ubuntu/ros2_ws/src/sudsakhon_transformation': DEBUGINFOD_URLS=https://debuginfod.ubuntu.com PYTHONPATH=/home/ubuntu/ros2_ws/build/sudsakhon_transformation/prefix_override:/usr/lib/python3/dist-packages/colcon_core/task/python/colcon_distutils_commands:/home/ubuntu/ros2_ws/install/sudsakhon_transformation/lib/python3.12/site-packages:${PYTHONPATH} /usr/bin/python3 -W ignore:setup.py install is deprecated -W ignore:easy_install command is deprecated setup.py egg_info --egg-base ../../build/sudsakhon_transformation build --build-base /home/ubuntu/ros2_ws/build/sudsakhon_transformation/build install --record /home/ubuntu/ros2_ws/build/sudsakhon_transformation/install.log --single-version-externally-managed install_data
[2.636s] running egg_info
[2.780s] writing ../../build/sudsakhon_transformation/sudsakhon_transformation.egg-info/PKG-INFO
[2.781s] writing dependency_links to ../../build/sudsakhon_transformation/sudsakhon_transformation.egg-info/dependency_links.txt
[2.782s] writing entry points to ../../build/sudsakhon_transformation/sudsakhon_transformation.egg-info/entry_points.txt
[2.782s] writing requirements to ../../build/sudsakhon_transformation/sudsakhon_transformation.egg-info/requires.txt
[2.782s] writing top-level names to ../../build/sudsakhon_transformation/sudsakhon_transformation.egg-info/top_level.txt
[2.868s] reading manifest file '../../build/sudsakhon_transformation/sudsakhon_transformation.egg-info/SOURCES.txt'
[2.869s] writing manifest file '../../build/sudsakhon_transformation/sudsakhon_transformation.egg-info/SOURCES.txt'
[2.870s] running build
[2.871s] running build_py
[2.871s] running install
[2.882s] running install_lib
[2.933s] running install_data
[2.933s] running install_egg_info
[2.976s] removing '/home/ubuntu/ros2_ws/install/sudsakhon_transformation/lib/python3.12/site-packages/sudsakhon_transformation-0.0.0-py3.12.egg-info' (and everything under it)
[2.977s] Copying ../../build/sudsakhon_transformation/sudsakhon_transformation.egg-info to /home/ubuntu/ros2_ws/install/sudsakhon_transformation/lib/python3.12/site-packages/sudsakhon_transformation-0.0.0-py3.12.egg-info
[2.978s] running install_scripts
[3.135s] Installing transformation script to /home/ubuntu/ros2_ws/install/sudsakhon_transformation/lib/sudsakhon_transformation
[3.136s] writing list of installed files to '/home/ubuntu/ros2_ws/build/sudsakhon_transformation/install.log'
[3.168s] Invoked command in '/home/ubuntu/ros2_ws/src/sudsakhon_transformation' returned '0': DEBUGINFOD_URLS=https://debuginfod.ubuntu.com PYTHONPATH=/home/ubuntu/ros2_ws/build/sudsakhon_transformation/prefix_override:/usr/lib/python3/dist-packages/colcon_core/task/python/colcon_distutils_commands:/home/ubuntu/ros2_ws/install/sudsakhon_transformation/lib/python3.12/site-packages:${PYTHONPATH} /usr/bin/python3 -W ignore:setup.py install is deprecated -W ignore:easy_install command is deprecated setup.py egg_info --egg-base ../../build/sudsakhon_transformation build --build-base /home/ubuntu/ros2_ws/build/sudsakhon_transformation/build install --record /home/ubuntu/ros2_ws/build/sudsakhon_transformation/install.log --single-version-externally-managed install_data
