[2.234s] Invoking command in '/home/ubuntu/ros2_ws/src/sudsakhon_mainprogram': DEBUGINFOD_URLS=https://debuginfod.ubuntu.com PYTHONPATH=/home/ubuntu/ros2_ws/build/sudsakhon_mainprogram/prefix_override:/usr/lib/python3/dist-packages/colcon_core/task/python/colcon_distutils_commands:/home/ubuntu/ros2_ws/install/sudsakhon_mainprogram/lib/python3.12/site-packages:${PYTHONPATH} /usr/bin/python3 -W ignore:setup.py install is deprecated -W ignore:easy_install command is deprecated setup.py egg_info --egg-base ../../build/sudsakhon_mainprogram build --build-base /home/ubuntu/ros2_ws/build/sudsakhon_mainprogram/build install --record /home/ubuntu/ros2_ws/build/sudsakhon_mainprogram/install.log --single-version-externally-managed install_data
[2.547s] running egg_info
[2.569s] writing ../../build/sudsakhon_mainprogram/sudsakhon_mainprogram.egg-info/PKG-INFO
[2.569s] writing dependency_links to ../../build/sudsakhon_mainprogram/sudsakhon_mainprogram.egg-info/dependency_links.txt
[2.570s] writing entry points to ../../build/sudsakhon_mainprogram/sudsakhon_mainprogram.egg-info/entry_points.txt
[2.570s] writing requirements to ../../build/sudsakhon_mainprogram/sudsakhon_mainprogram.egg-info/requires.txt
[2.571s] writing top-level names to ../../build/sudsakhon_mainprogram/sudsakhon_mainprogram.egg-info/top_level.txt
[2.610s] reading manifest file '../../build/sudsakhon_mainprogram/sudsakhon_mainprogram.egg-info/SOURCES.txt'
[2.611s] writing manifest file '../../build/sudsakhon_mainprogram/sudsakhon_mainprogram.egg-info/SOURCES.txt'
[2.611s] running build
[2.612s] running build_py
[2.612s] copying sudsakhon_mainprogram/main_controller.py -> /home/ubuntu/ros2_ws/build/sudsakhon_mainprogram/build/lib/sudsakhon_mainprogram
[2.613s] running install
[2.621s] running install_lib
[2.638s] copying /home/ubuntu/ros2_ws/build/sudsakhon_mainprogram/build/lib/sudsakhon_mainprogram/main_controller.py -> /home/ubuntu/ros2_ws/install/sudsakhon_mainprogram/lib/python3.12/site-packages/sudsakhon_mainprogram
[2.639s] byte-compiling /home/ubuntu/ros2_ws/install/sudsakhon_mainprogram/lib/python3.12/site-packages/sudsakhon_mainprogram/main_controller.py to main_controller.cpython-312.pyc
[2.647s] running install_data
[2.647s] running install_egg_info
[2.670s] removing '/home/ubuntu/ros2_ws/install/sudsakhon_mainprogram/lib/python3.12/site-packages/sudsakhon_mainprogram-0.0.0-py3.12.egg-info' (and everything under it)
[2.674s] Copying ../../build/sudsakhon_mainprogram/sudsakhon_mainprogram.egg-info to /home/ubuntu/ros2_ws/install/sudsakhon_mainprogram/lib/python3.12/site-packages/sudsakhon_mainprogram-0.0.0-py3.12.egg-info
[2.674s] running install_scripts
[2.837s] Installing main_controller script to /home/ubuntu/ros2_ws/install/sudsakhon_mainprogram/lib/sudsakhon_mainprogram
[2.838s] writing list of installed files to '/home/ubuntu/ros2_ws/build/sudsakhon_mainprogram/install.log'
[2.882s] Invoked command in '/home/ubuntu/ros2_ws/src/sudsakhon_mainprogram' returned '0': DEBUGINFOD_URLS=https://debuginfod.ubuntu.com PYTHONPATH=/home/ubuntu/ros2_ws/build/sudsakhon_mainprogram/prefix_override:/usr/lib/python3/dist-packages/colcon_core/task/python/colcon_distutils_commands:/home/ubuntu/ros2_ws/install/sudsakhon_mainprogram/lib/python3.12/site-packages:${PYTHONPATH} /usr/bin/python3 -W ignore:setup.py install is deprecated -W ignore:easy_install command is deprecated setup.py egg_info --egg-base ../../build/sudsakhon_mainprogram build --build-base /home/ubuntu/ros2_ws/build/sudsakhon_mainprogram/build install --record /home/ubuntu/ros2_ws/build/sudsakhon_mainprogram/install.log --single-version-externally-managed install_data
