[2.518s] Invoking command in '/home/ubuntu/ros2_ws/src/sudsakhon_automation': DEBUGINFOD_URLS=https://debuginfod.ubuntu.com PYTHONPATH=/home/ubuntu/ros2_ws/build/sudsakhon_automation/prefix_override:/usr/lib/python3/dist-packages/colcon_core/task/python/colcon_distutils_commands:/home/ubuntu/ros2_ws/install/sudsakhon_automation/lib/python3.12/site-packages:${PYTHONPATH} /usr/bin/python3 -W ignore:setup.py install is deprecated -W ignore:easy_install command is deprecated setup.py egg_info --egg-base ../../build/sudsakhon_automation build --build-base /home/ubuntu/ros2_ws/build/sudsakhon_automation/build install --record /home/ubuntu/ros2_ws/build/sudsakhon_automation/install.log --single-version-externally-managed install_data
[2.845s] running egg_info
[2.876s] writing ../../build/sudsakhon_automation/sudsakhon_automation.egg-info/PKG-INFO
[2.876s] writing dependency_links to ../../build/sudsakhon_automation/sudsakhon_automation.egg-info/dependency_links.txt
[2.876s] writing entry points to ../../build/sudsakhon_automation/sudsakhon_automation.egg-info/entry_points.txt
[2.876s] writing requirements to ../../build/sudsakhon_automation/sudsakhon_automation.egg-info/requires.txt
[2.876s] writing top-level names to ../../build/sudsakhon_automation/sudsakhon_automation.egg-info/top_level.txt
[2.939s] reading manifest file '../../build/sudsakhon_automation/sudsakhon_automation.egg-info/SOURCES.txt'
[2.939s] writing manifest file '../../build/sudsakhon_automation/sudsakhon_automation.egg-info/SOURCES.txt'
[2.939s] running build
[2.940s] running build_py
[2.940s] running install
[2.940s] running install_lib
[2.940s] running install_data
[2.940s] running install_egg_info
[2.956s] removing '/home/ubuntu/ros2_ws/install/sudsakhon_automation/lib/python3.12/site-packages/sudsakhon_automation-0.0.0-py3.12.egg-info' (and everything under it)
[2.957s] Copying ../../build/sudsakhon_automation/sudsakhon_automation.egg-info to /home/ubuntu/ros2_ws/install/sudsakhon_automation/lib/python3.12/site-packages/sudsakhon_automation-0.0.0-py3.12.egg-info
[2.958s] running install_scripts
[3.224s] Installing bridge_node script to /home/ubuntu/ros2_ws/install/sudsakhon_automation/lib/sudsakhon_automation
[3.224s] writing list of installed files to '/home/ubuntu/ros2_ws/build/sudsakhon_automation/install.log'
[3.256s] Invoked command in '/home/ubuntu/ros2_ws/src/sudsakhon_automation' returned '0': DEBUGINFOD_URLS=https://debuginfod.ubuntu.com PYTHONPATH=/home/ubuntu/ros2_ws/build/sudsakhon_automation/prefix_override:/usr/lib/python3/dist-packages/colcon_core/task/python/colcon_distutils_commands:/home/ubuntu/ros2_ws/install/sudsakhon_automation/lib/python3.12/site-packages:${PYTHONPATH} /usr/bin/python3 -W ignore:setup.py install is deprecated -W ignore:easy_install command is deprecated setup.py egg_info --egg-base ../../build/sudsakhon_automation build --build-base /home/ubuntu/ros2_ws/build/sudsakhon_automation/build install --record /home/ubuntu/ros2_ws/build/sudsakhon_automation/install.log --single-version-externally-managed install_data
