[2.115s] Invoking command in '/home/ubuntu/ros2_ws/src/sudsakhon_detectchair': DEBUGINFOD_URLS=https://debuginfod.ubuntu.com PYTHONPATH=/home/ubuntu/ros2_ws/build/sudsakhon_detectchair/prefix_override:/usr/lib/python3/dist-packages/colcon_core/task/python/colcon_distutils_commands:/home/ubuntu/ros2_ws/install/sudsakhon_detectchair/lib/python3.12/site-packages:${PYTHONPATH} /usr/bin/python3 -W ignore:setup.py install is deprecated -W ignore:easy_install command is deprecated setup.py egg_info --egg-base ../../build/sudsakhon_detectchair build --build-base /home/ubuntu/ros2_ws/build/sudsakhon_detectchair/build install --record /home/ubuntu/ros2_ws/build/sudsakhon_detectchair/install.log --single-version-externally-managed install_data
[2.613s] running egg_info
[2.656s] writing ../../build/sudsakhon_detectchair/sudsakhon_detectchair.egg-info/PKG-INFO
[2.656s] writing dependency_links to ../../build/sudsakhon_detectchair/sudsakhon_detectchair.egg-info/dependency_links.txt
[2.657s] writing entry points to ../../build/sudsakhon_detectchair/sudsakhon_detectchair.egg-info/entry_points.txt
[2.657s] writing requirements to ../../build/sudsakhon_detectchair/sudsakhon_detectchair.egg-info/requires.txt
[2.657s] writing top-level names to ../../build/sudsakhon_detectchair/sudsakhon_detectchair.egg-info/top_level.txt
[2.743s] reading manifest file '../../build/sudsakhon_detectchair/sudsakhon_detectchair.egg-info/SOURCES.txt'
[2.744s] writing manifest file '../../build/sudsakhon_detectchair/sudsakhon_detectchair.egg-info/SOURCES.txt'
[2.744s] running build
[2.745s] running build_py
[2.749s] running install
[2.757s] running install_lib
[2.800s] running install_data
[2.803s] running install_egg_info
[2.845s] removing '/home/ubuntu/ros2_ws/install/sudsakhon_detectchair/lib/python3.12/site-packages/sudsakhon_detectchair-0.0.0-py3.12.egg-info' (and everything under it)
[2.848s] Copying ../../build/sudsakhon_detectchair/sudsakhon_detectchair.egg-info to /home/ubuntu/ros2_ws/install/sudsakhon_detectchair/lib/python3.12/site-packages/sudsakhon_detectchair-0.0.0-py3.12.egg-info
[2.852s] running install_scripts
[3.122s] Installing subscriber script to /home/ubuntu/ros2_ws/install/sudsakhon_detectchair/lib/sudsakhon_detectchair
[3.123s] writing list of installed files to '/home/ubuntu/ros2_ws/build/sudsakhon_detectchair/install.log'
[3.168s] Invoked command in '/home/ubuntu/ros2_ws/src/sudsakhon_detectchair' returned '0': DEBUGINFOD_URLS=https://debuginfod.ubuntu.com PYTHONPATH=/home/ubuntu/ros2_ws/build/sudsakhon_detectchair/prefix_override:/usr/lib/python3/dist-packages/colcon_core/task/python/colcon_distutils_commands:/home/ubuntu/ros2_ws/install/sudsakhon_detectchair/lib/python3.12/site-packages:${PYTHONPATH} /usr/bin/python3 -W ignore:setup.py install is deprecated -W ignore:easy_install command is deprecated setup.py egg_info --egg-base ../../build/sudsakhon_detectchair build --build-base /home/ubuntu/ros2_ws/build/sudsakhon_detectchair/build install --record /home/ubuntu/ros2_ws/build/sudsakhon_detectchair/install.log --single-version-externally-managed install_data
