[0.968s] Invoking command in '/home/ubuntu/ros2_ws/src/sudsakhon_mainprogram': DEBUGINFOD_URLS=https://debuginfod.ubuntu.com PYTHONPATH=/home/ubuntu/ros2_ws/build/sudsakhon_mainprogram/prefix_override:/usr/lib/python3/dist-packages/colcon_core/task/python/colcon_distutils_commands:/home/ubuntu/ros2_ws/install/sudsakhon_mainprogram/lib/python3.12/site-packages:${PYTHONPATH} /usr/bin/python3 -W ignore:setup.py install is deprecated -W ignore:easy_install command is deprecated setup.py egg_info --egg-base ../../build/sudsakhon_mainprogram build --build-base /home/ubuntu/ros2_ws/build/sudsakhon_mainprogram/build install --record /home/ubuntu/ros2_ws/build/sudsakhon_mainprogram/install.log --single-version-externally-managed install_data
[1.130s] running egg_info
[1.142s] writing ../../build/sudsakhon_mainprogram/sudsakhon_mainprogram.egg-info/PKG-INFO
[1.142s] writing dependency_links to ../../build/sudsakhon_mainprogram/sudsakhon_mainprogram.egg-info/dependency_links.txt
[1.142s] writing entry points to ../../build/sudsakhon_mainprogram/sudsakhon_mainprogram.egg-info/entry_points.txt
[1.142s] writing requirements to ../../build/sudsakhon_mainprogram/sudsakhon_mainprogram.egg-info/requires.txt
[1.142s] writing top-level names to ../../build/sudsakhon_mainprogram/sudsakhon_mainprogram.egg-info/top_level.txt
[1.166s] reading manifest file '../../build/sudsakhon_mainprogram/sudsakhon_mainprogram.egg-info/SOURCES.txt'
[1.167s] writing manifest file '../../build/sudsakhon_mainprogram/sudsakhon_mainprogram.egg-info/SOURCES.txt'
[1.167s] running build
[1.167s] running build_py
[1.167s] copying sudsakhon_mainprogram/servo_system.py -> /home/ubuntu/ros2_ws/build/sudsakhon_mainprogram/build/lib/sudsakhon_mainprogram
[1.167s] running install
[1.171s] running install_lib
[1.184s] copying /home/ubuntu/ros2_ws/build/sudsakhon_mainprogram/build/lib/sudsakhon_mainprogram/servo_system.py -> /home/ubuntu/ros2_ws/install/sudsakhon_mainprogram/lib/python3.12/site-packages/sudsakhon_mainprogram
[1.185s] byte-compiling /home/ubuntu/ros2_ws/install/sudsakhon_mainprogram/lib/python3.12/site-packages/sudsakhon_mainprogram/servo_system.py to servo_system.cpython-312.pyc
[1.185s] running install_data
[1.185s] running install_egg_info
[1.199s] removing '/home/ubuntu/ros2_ws/install/sudsakhon_mainprogram/lib/python3.12/site-packages/sudsakhon_mainprogram-0.0.0-py3.12.egg-info' (and everything under it)
[1.199s] Copying ../../build/sudsakhon_mainprogram/sudsakhon_mainprogram.egg-info to /home/ubuntu/ros2_ws/install/sudsakhon_mainprogram/lib/python3.12/site-packages/sudsakhon_mainprogram-0.0.0-py3.12.egg-info
[1.199s] running install_scripts
[1.282s] Installing main_controller script to /home/ubuntu/ros2_ws/install/sudsakhon_mainprogram/lib/sudsakhon_mainprogram
[1.282s] writing list of installed files to '/home/ubuntu/ros2_ws/build/sudsakhon_mainprogram/install.log'
[1.304s] Invoked command in '/home/ubuntu/ros2_ws/src/sudsakhon_mainprogram' returned '0': DEBUGINFOD_URLS=https://debuginfod.ubuntu.com PYTHONPATH=/home/ubuntu/ros2_ws/build/sudsakhon_mainprogram/prefix_override:/usr/lib/python3/dist-packages/colcon_core/task/python/colcon_distutils_commands:/home/ubuntu/ros2_ws/install/sudsakhon_mainprogram/lib/python3.12/site-packages:${PYTHONPATH} /usr/bin/python3 -W ignore:setup.py install is deprecated -W ignore:easy_install command is deprecated setup.py egg_info --egg-base ../../build/sudsakhon_mainprogram build --build-base /home/ubuntu/ros2_ws/build/sudsakhon_mainprogram/build install --record /home/ubuntu/ros2_ws/build/sudsakhon_mainprogram/install.log --single-version-externally-managed install_data
