[0.095s] DEBUG:colcon:Command line arguments: ['/usr/bin/colcon', 'build']
[0.095s] DEBUG:colcon:Parsed command line arguments: Namespace(log_base=None, log_level=None, verb_name='build', build_base='build', install_base='install', merge_install=False, symlink_install=False, test_result_base=None, continue_on_error=False, executor='parallel', parallel_workers=12, event_handlers=None, ignore_user_meta=False, metas=['./colcon.meta'], base_paths=['.'], packages_ignore=None, packages_ignore_regex=None, paths=None, packages_up_to=None, packages_up_to_regex=None, packages_above=None, packages_above_and_dependencies=None, packages_above_depth=None, packages_select_by_dep=None, packages_skip_by_dep=None, packages_skip_up_to=None, packages_select_build_failed=False, packages_skip_build_finished=False, packages_select_test_failures=False, packages_skip_test_passed=False, packages_select=None, packages_skip=None, packages_select_regex=None, packages_skip_regex=None, packages_start=None, packages_end=None, allow_overriding=[], cmake_args=None, cmake_target=None, cmake_target_skip_unavailable=False, cmake_clean_cache=False, cmake_clean_first=False, cmake_force_configure=False, ament_cmake_args=None, catkin_cmake_args=None, catkin_skip_building_tests=False, mixin_files=None, mixin=None, verb_parser=<colcon_mixin.mixin.mixin_argument.MixinArgumentDecorator object at 0x71e03f09e420>, verb_extension=<colcon_core.verb.build.BuildVerb object at 0x71e03f09e060>, main=<bound method BuildVerb.main of <colcon_core.verb.build.BuildVerb object at 0x71e03f09e060>>, mixin_verb=('build',))
[0.133s] Level 1:colcon.colcon_core.package_discovery:discover_packages(colcon_meta) check parameters
[0.133s] Level 1:colcon.colcon_core.package_discovery:discover_packages(recursive) check parameters
[0.133s] Level 1:colcon.colcon_core.package_discovery:discover_packages(ignore) check parameters
[0.133s] Level 1:colcon.colcon_core.package_discovery:discover_packages(path) check parameters
[0.133s] Level 1:colcon.colcon_core.package_discovery:discover_packages(colcon_meta) discover
[0.133s] Level 1:colcon.colcon_core.package_discovery:discover_packages(recursive) discover
[0.133s] INFO:colcon.colcon_core.package_discovery:Crawling recursively for packages in '/home/ubuntu/ros2_ws'
[0.133s] Level 1:colcon.colcon_core.package_identification:_identify(.) by extensions ['ignore', 'ignore_ament_install']
[0.134s] Level 1:colcon.colcon_core.package_identification:_identify(.) by extension 'ignore'
[0.134s] Level 1:colcon.colcon_core.package_identification:_identify(.) by extension 'ignore_ament_install'
[0.134s] Level 1:colcon.colcon_core.package_identification:_identify(.) by extensions ['colcon_pkg']
[0.134s] Level 1:colcon.colcon_core.package_identification:_identify(.) by extension 'colcon_pkg'
[0.134s] Level 1:colcon.colcon_core.package_identification:_identify(.) by extensions ['colcon_meta']
[0.134s] Level 1:colcon.colcon_core.package_identification:_identify(.) by extension 'colcon_meta'
[0.134s] Level 1:colcon.colcon_core.package_identification:_identify(.) by extensions ['ros']
[0.134s] Level 1:colcon.colcon_core.package_identification:_identify(.) by extension 'ros'
[0.155s] Level 1:colcon.colcon_core.package_identification:_identify(.) by extensions ['cmake', 'python']
[0.155s] Level 1:colcon.colcon_core.package_identification:_identify(.) by extension 'cmake'
[0.155s] Level 1:colcon.colcon_core.package_identification:_identify(.) by extension 'python'
[0.155s] Level 1:colcon.colcon_core.package_identification:_identify(.) by extensions ['python_setup_py']
[0.155s] Level 1:colcon.colcon_core.package_identification:_identify(.) by extension 'python_setup_py'
[0.155s] Level 1:colcon.colcon_core.package_identification:_identify(build) by extensions ['ignore', 'ignore_ament_install']
[0.155s] Level 1:colcon.colcon_core.package_identification:_identify(build) by extension 'ignore'
[0.155s] Level 1:colcon.colcon_core.package_identification:_identify(build) ignored
[0.156s] Level 1:colcon.colcon_core.package_identification:_identify(install) by extensions ['ignore', 'ignore_ament_install']
[0.156s] Level 1:colcon.colcon_core.package_identification:_identify(install) by extension 'ignore'
[0.156s] Level 1:colcon.colcon_core.package_identification:_identify(install) ignored
[0.156s] Level 1:colcon.colcon_core.package_identification:_identify(log) by extensions ['ignore', 'ignore_ament_install']
[0.156s] Level 1:colcon.colcon_core.package_identification:_identify(log) by extension 'ignore'
[0.156s] Level 1:colcon.colcon_core.package_identification:_identify(log) ignored
[0.156s] Level 1:colcon.colcon_core.package_identification:_identify(src) by extensions ['ignore', 'ignore_ament_install']
[0.156s] Level 1:colcon.colcon_core.package_identification:_identify(src) by extension 'ignore'
[0.156s] Level 1:colcon.colcon_core.package_identification:_identify(src) by extension 'ignore_ament_install'
[0.156s] Level 1:colcon.colcon_core.package_identification:_identify(src) by extensions ['colcon_pkg']
[0.156s] Level 1:colcon.colcon_core.package_identification:_identify(src) by extension 'colcon_pkg'
[0.156s] Level 1:colcon.colcon_core.package_identification:_identify(src) by extensions ['colcon_meta']
[0.156s] Level 1:colcon.colcon_core.package_identification:_identify(src) by extension 'colcon_meta'
[0.156s] Level 1:colcon.colcon_core.package_identification:_identify(src) by extensions ['ros']
[0.156s] Level 1:colcon.colcon_core.package_identification:_identify(src) by extension 'ros'
[0.156s] Level 1:colcon.colcon_core.package_identification:_identify(src) by extensions ['cmake', 'python']
[0.156s] Level 1:colcon.colcon_core.package_identification:_identify(src) by extension 'cmake'
[0.156s] Level 1:colcon.colcon_core.package_identification:_identify(src) by extension 'python'
[0.156s] Level 1:colcon.colcon_core.package_identification:_identify(src) by extensions ['python_setup_py']
[0.156s] Level 1:colcon.colcon_core.package_identification:_identify(src) by extension 'python_setup_py'
[0.156s] Level 1:colcon.colcon_core.package_identification:_identify(src/sllidar_ros2) by extensions ['ignore', 'ignore_ament_install']
[0.157s] Level 1:colcon.colcon_core.package_identification:_identify(src/sllidar_ros2) by extension 'ignore'
[0.157s] Level 1:colcon.colcon_core.package_identification:_identify(src/sllidar_ros2) by extension 'ignore_ament_install'
[0.157s] Level 1:colcon.colcon_core.package_identification:_identify(src/sllidar_ros2) by extensions ['colcon_pkg']
[0.157s] Level 1:colcon.colcon_core.package_identification:_identify(src/sllidar_ros2) by extension 'colcon_pkg'
[0.157s] Level 1:colcon.colcon_core.package_identification:_identify(src/sllidar_ros2) by extensions ['colcon_meta']
[0.157s] Level 1:colcon.colcon_core.package_identification:_identify(src/sllidar_ros2) by extension 'colcon_meta'
[0.157s] Level 1:colcon.colcon_core.package_identification:_identify(src/sllidar_ros2) by extensions ['ros']
[0.157s] Level 1:colcon.colcon_core.package_identification:_identify(src/sllidar_ros2) by extension 'ros'
[0.159s] DEBUG:colcon.colcon_core.package_identification:Package 'src/sllidar_ros2' with type 'ros.ament_cmake' and name 'sllidar_ros2'
[0.159s] Level 1:colcon.colcon_core.package_identification:_identify(src/sudsakhon_automation) by extensions ['ignore', 'ignore_ament_install']
[0.159s] Level 1:colcon.colcon_core.package_identification:_identify(src/sudsakhon_automation) by extension 'ignore'
[0.159s] Level 1:colcon.colcon_core.package_identification:_identify(src/sudsakhon_automation) by extension 'ignore_ament_install'
[0.159s] Level 1:colcon.colcon_core.package_identification:_identify(src/sudsakhon_automation) by extensions ['colcon_pkg']
[0.159s] Level 1:colcon.colcon_core.package_identification:_identify(src/sudsakhon_automation) by extension 'colcon_pkg'
[0.159s] Level 1:colcon.colcon_core.package_identification:_identify(src/sudsakhon_automation) by extensions ['colcon_meta']
[0.159s] Level 1:colcon.colcon_core.package_identification:_identify(src/sudsakhon_automation) by extension 'colcon_meta'
[0.159s] Level 1:colcon.colcon_core.package_identification:_identify(src/sudsakhon_automation) by extensions ['ros']
[0.159s] Level 1:colcon.colcon_core.package_identification:_identify(src/sudsakhon_automation) by extension 'ros'
[0.160s] DEBUG:colcon.colcon_core.package_identification:Package 'src/sudsakhon_automation' with type 'ros.ament_python' and name 'sudsakhon_automation'
[0.160s] Level 1:colcon.colcon_core.package_identification:_identify(src/sudsakhon_dashbroad) by extensions ['ignore', 'ignore_ament_install']
[0.160s] Level 1:colcon.colcon_core.package_identification:_identify(src/sudsakhon_dashbroad) by extension 'ignore'
[0.160s] Level 1:colcon.colcon_core.package_identification:_identify(src/sudsakhon_dashbroad) by extension 'ignore_ament_install'
[0.160s] Level 1:colcon.colcon_core.package_identification:_identify(src/sudsakhon_dashbroad) by extensions ['colcon_pkg']
[0.160s] Level 1:colcon.colcon_core.package_identification:_identify(src/sudsakhon_dashbroad) by extension 'colcon_pkg'
[0.160s] Level 1:colcon.colcon_core.package_identification:_identify(src/sudsakhon_dashbroad) by extensions ['colcon_meta']
[0.160s] Level 1:colcon.colcon_core.package_identification:_identify(src/sudsakhon_dashbroad) by extension 'colcon_meta'
[0.160s] Level 1:colcon.colcon_core.package_identification:_identify(src/sudsakhon_dashbroad) by extensions ['ros']
[0.160s] Level 1:colcon.colcon_core.package_identification:_identify(src/sudsakhon_dashbroad) by extension 'ros'
[0.160s] DEBUG:colcon.colcon_core.package_identification:Package 'src/sudsakhon_dashbroad' with type 'ros.ament_python' and name 'sudsakhon_dashbroad'
[0.160s] Level 1:colcon.colcon_core.package_identification:_identify(src/sudsakhon_detectchair) by extensions ['ignore', 'ignore_ament_install']
[0.160s] Level 1:colcon.colcon_core.package_identification:_identify(src/sudsakhon_detectchair) by extension 'ignore'
[0.160s] Level 1:colcon.colcon_core.package_identification:_identify(src/sudsakhon_detectchair) by extension 'ignore_ament_install'
[0.160s] Level 1:colcon.colcon_core.package_identification:_identify(src/sudsakhon_detectchair) by extensions ['colcon_pkg']
[0.160s] Level 1:colcon.colcon_core.package_identification:_identify(src/sudsakhon_detectchair) by extension 'colcon_pkg'
[0.161s] Level 1:colcon.colcon_core.package_identification:_identify(src/sudsakhon_detectchair) by extensions ['colcon_meta']
[0.161s] Level 1:colcon.colcon_core.package_identification:_identify(src/sudsakhon_detectchair) by extension 'colcon_meta'
[0.161s] Level 1:colcon.colcon_core.package_identification:_identify(src/sudsakhon_detectchair) by extensions ['ros']
[0.161s] Level 1:colcon.colcon_core.package_identification:_identify(src/sudsakhon_detectchair) by extension 'ros'
[0.161s] DEBUG:colcon.colcon_core.package_identification:Package 'src/sudsakhon_detectchair' with type 'ros.ament_python' and name 'sudsakhon_detectchair'
[0.161s] Level 1:colcon.colcon_core.package_identification:_identify(src/sudsakhon_mainprogram) by extensions ['ignore', 'ignore_ament_install']
[0.161s] Level 1:colcon.colcon_core.package_identification:_identify(src/sudsakhon_mainprogram) by extension 'ignore'
[0.161s] Level 1:colcon.colcon_core.package_identification:_identify(src/sudsakhon_mainprogram) by extension 'ignore_ament_install'
[0.161s] Level 1:colcon.colcon_core.package_identification:_identify(src/sudsakhon_mainprogram) by extensions ['colcon_pkg']
[0.161s] Level 1:colcon.colcon_core.package_identification:_identify(src/sudsakhon_mainprogram) by extension 'colcon_pkg'
[0.161s] Level 1:colcon.colcon_core.package_identification:_identify(src/sudsakhon_mainprogram) by extensions ['colcon_meta']
[0.161s] Level 1:colcon.colcon_core.package_identification:_identify(src/sudsakhon_mainprogram) by extension 'colcon_meta'
[0.161s] Level 1:colcon.colcon_core.package_identification:_identify(src/sudsakhon_mainprogram) by extensions ['ros']
[0.161s] Level 1:colcon.colcon_core.package_identification:_identify(src/sudsakhon_mainprogram) by extension 'ros'
[0.162s] DEBUG:colcon.colcon_core.package_identification:Package 'src/sudsakhon_mainprogram' with type 'ros.ament_python' and name 'sudsakhon_mainprogram'
[0.162s] Level 1:colcon.colcon_core.package_identification:_identify(src/sudsakhon_objectdetechtion) by extensions ['ignore', 'ignore_ament_install']
[0.162s] Level 1:colcon.colcon_core.package_identification:_identify(src/sudsakhon_objectdetechtion) by extension 'ignore'
[0.162s] Level 1:colcon.colcon_core.package_identification:_identify(src/sudsakhon_objectdetechtion) by extension 'ignore_ament_install'
[0.162s] Level 1:colcon.colcon_core.package_identification:_identify(src/sudsakhon_objectdetechtion) by extensions ['colcon_pkg']
[0.162s] Level 1:colcon.colcon_core.package_identification:_identify(src/sudsakhon_objectdetechtion) by extension 'colcon_pkg'
[0.162s] Level 1:colcon.colcon_core.package_identification:_identify(src/sudsakhon_objectdetechtion) by extensions ['colcon_meta']
[0.162s] Level 1:colcon.colcon_core.package_identification:_identify(src/sudsakhon_objectdetechtion) by extension 'colcon_meta'
[0.162s] Level 1:colcon.colcon_core.package_identification:_identify(src/sudsakhon_objectdetechtion) by extensions ['ros']
[0.162s] Level 1:colcon.colcon_core.package_identification:_identify(src/sudsakhon_objectdetechtion) by extension 'ros'
[0.162s] DEBUG:colcon.colcon_core.package_identification:Package 'src/sudsakhon_objectdetechtion' with type 'ros.ament_python' and name 'sudsakhon_objectdetechtion'
[0.162s] Level 1:colcon.colcon_core.package_identification:_identify(src/sudsakhon_odom) by extensions ['ignore', 'ignore_ament_install']
[0.162s] Level 1:colcon.colcon_core.package_identification:_identify(src/sudsakhon_odom) by extension 'ignore'
[0.162s] Level 1:colcon.colcon_core.package_identification:_identify(src/sudsakhon_odom) by extension 'ignore_ament_install'
[0.163s] Level 1:colcon.colcon_core.package_identification:_identify(src/sudsakhon_odom) by extensions ['colcon_pkg']
[0.163s] Level 1:colcon.colcon_core.package_identification:_identify(src/sudsakhon_odom) by extension 'colcon_pkg'
[0.163s] Level 1:colcon.colcon_core.package_identification:_identify(src/sudsakhon_odom) by extensions ['colcon_meta']
[0.163s] Level 1:colcon.colcon_core.package_identification:_identify(src/sudsakhon_odom) by extension 'colcon_meta'
[0.163s] Level 1:colcon.colcon_core.package_identification:_identify(src/sudsakhon_odom) by extensions ['ros']
[0.163s] Level 1:colcon.colcon_core.package_identification:_identify(src/sudsakhon_odom) by extension 'ros'
[0.163s] DEBUG:colcon.colcon_core.package_identification:Package 'src/sudsakhon_odom' with type 'ros.ament_python' and name 'sudsakhon_odom'
[0.163s] Level 1:colcon.colcon_core.package_identification:_identify(src/sudsakhon_transformation) by extensions ['ignore', 'ignore_ament_install']
[0.163s] Level 1:colcon.colcon_core.package_identification:_identify(src/sudsakhon_transformation) by extension 'ignore'
[0.163s] Level 1:colcon.colcon_core.package_identification:_identify(src/sudsakhon_transformation) by extension 'ignore_ament_install'
[0.163s] Level 1:colcon.colcon_core.package_identification:_identify(src/sudsakhon_transformation) by extensions ['colcon_pkg']
[0.163s] Level 1:colcon.colcon_core.package_identification:_identify(src/sudsakhon_transformation) by extension 'colcon_pkg'
[0.163s] Level 1:colcon.colcon_core.package_identification:_identify(src/sudsakhon_transformation) by extensions ['colcon_meta']
[0.163s] Level 1:colcon.colcon_core.package_identification:_identify(src/sudsakhon_transformation) by extension 'colcon_meta'
[0.163s] Level 1:colcon.colcon_core.package_identification:_identify(src/sudsakhon_transformation) by extensions ['ros']
[0.163s] Level 1:colcon.colcon_core.package_identification:_identify(src/sudsakhon_transformation) by extension 'ros'
[0.164s] DEBUG:colcon.colcon_core.package_identification:Package 'src/sudsakhon_transformation' with type 'ros.ament_python' and name 'sudsakhon_transformation'
[0.164s] Level 1:colcon.colcon_core.package_discovery:discover_packages(recursive) using defaults
[0.164s] Level 1:colcon.colcon_core.package_discovery:discover_packages(ignore) discover
[0.164s] Level 1:colcon.colcon_core.package_discovery:discover_packages(ignore) using defaults
[0.164s] Level 1:colcon.colcon_core.package_discovery:discover_packages(path) discover
[0.164s] Level 1:colcon.colcon_core.package_discovery:discover_packages(path) using defaults
[0.180s] Level 1:colcon.colcon_core.package_discovery:discover_packages(prefix_path) check parameters
[0.180s] Level 1:colcon.colcon_core.package_discovery:discover_packages(prefix_path) discover
[0.181s] DEBUG:colcon.colcon_installed_package_information.package_discovery:Found 9 installed packages in /home/ubuntu/ros2_ws/install
[0.182s] DEBUG:colcon.colcon_installed_package_information.package_discovery:Found 294 installed packages in /opt/ros/jazzy
[0.183s] Level 1:colcon.colcon_core.package_discovery:discover_packages(prefix_path) using defaults
[0.216s] Level 5:colcon.colcon_core.verb:set package 'sllidar_ros2' build argument 'cmake_args' from command line to 'None'
[0.216s] Level 5:colcon.colcon_core.verb:set package 'sllidar_ros2' build argument 'cmake_target' from command line to 'None'
[0.216s] Level 5:colcon.colcon_core.verb:set package 'sllidar_ros2' build argument 'cmake_target_skip_unavailable' from command line to 'False'
[0.216s] Level 5:colcon.colcon_core.verb:set package 'sllidar_ros2' build argument 'cmake_clean_cache' from command line to 'False'
[0.217s] Level 5:colcon.colcon_core.verb:set package 'sllidar_ros2' build argument 'cmake_clean_first' from command line to 'False'
[0.217s] Level 5:colcon.colcon_core.verb:set package 'sllidar_ros2' build argument 'cmake_force_configure' from command line to 'False'
[0.217s] Level 5:colcon.colcon_core.verb:set package 'sllidar_ros2' build argument 'ament_cmake_args' from command line to 'None'
[0.217s] Level 5:colcon.colcon_core.verb:set package 'sllidar_ros2' build argument 'catkin_cmake_args' from command line to 'None'
[0.217s] Level 5:colcon.colcon_core.verb:set package 'sllidar_ros2' build argument 'catkin_skip_building_tests' from command line to 'False'
[0.217s] DEBUG:colcon.colcon_core.verb:Building package 'sllidar_ros2' with the following arguments: {'ament_cmake_args': None, 'build_base': '/home/ubuntu/ros2_ws/build/sllidar_ros2', 'catkin_cmake_args': None, 'catkin_skip_building_tests': False, 'cmake_args': None, 'cmake_clean_cache': False, 'cmake_clean_first': False, 'cmake_force_configure': False, 'cmake_target': None, 'cmake_target_skip_unavailable': False, 'install_base': '/home/ubuntu/ros2_ws/install/sllidar_ros2', 'merge_install': False, 'path': '/home/ubuntu/ros2_ws/src/sllidar_ros2', 'symlink_install': False, 'test_result_base': None}
[0.217s] Level 5:colcon.colcon_core.verb:set package 'sudsakhon_automation' build argument 'cmake_args' from command line to 'None'
[0.217s] Level 5:colcon.colcon_core.verb:set package 'sudsakhon_automation' build argument 'cmake_target' from command line to 'None'
[0.217s] Level 5:colcon.colcon_core.verb:set package 'sudsakhon_automation' build argument 'cmake_target_skip_unavailable' from command line to 'False'
[0.217s] Level 5:colcon.colcon_core.verb:set package 'sudsakhon_automation' build argument 'cmake_clean_cache' from command line to 'False'
[0.217s] Level 5:colcon.colcon_core.verb:set package 'sudsakhon_automation' build argument 'cmake_clean_first' from command line to 'False'
[0.217s] Level 5:colcon.colcon_core.verb:set package 'sudsakhon_automation' build argument 'cmake_force_configure' from command line to 'False'
[0.217s] Level 5:colcon.colcon_core.verb:set package 'sudsakhon_automation' build argument 'ament_cmake_args' from command line to 'None'
[0.217s] Level 5:colcon.colcon_core.verb:set package 'sudsakhon_automation' build argument 'catkin_cmake_args' from command line to 'None'
[0.217s] Level 5:colcon.colcon_core.verb:set package 'sudsakhon_automation' build argument 'catkin_skip_building_tests' from command line to 'False'
[0.217s] DEBUG:colcon.colcon_core.verb:Building package 'sudsakhon_automation' with the following arguments: {'ament_cmake_args': None, 'build_base': '/home/ubuntu/ros2_ws/build/sudsakhon_automation', 'catkin_cmake_args': None, 'catkin_skip_building_tests': False, 'cmake_args': None, 'cmake_clean_cache': False, 'cmake_clean_first': False, 'cmake_force_configure': False, 'cmake_target': None, 'cmake_target_skip_unavailable': False, 'install_base': '/home/ubuntu/ros2_ws/install/sudsakhon_automation', 'merge_install': False, 'path': '/home/ubuntu/ros2_ws/src/sudsakhon_automation', 'symlink_install': False, 'test_result_base': None}
[0.217s] Level 5:colcon.colcon_core.verb:set package 'sudsakhon_dashbroad' build argument 'cmake_args' from command line to 'None'
[0.217s] Level 5:colcon.colcon_core.verb:set package 'sudsakhon_dashbroad' build argument 'cmake_target' from command line to 'None'
[0.217s] Level 5:colcon.colcon_core.verb:set package 'sudsakhon_dashbroad' build argument 'cmake_target_skip_unavailable' from command line to 'False'
[0.217s] Level 5:colcon.colcon_core.verb:set package 'sudsakhon_dashbroad' build argument 'cmake_clean_cache' from command line to 'False'
[0.217s] Level 5:colcon.colcon_core.verb:set package 'sudsakhon_dashbroad' build argument 'cmake_clean_first' from command line to 'False'
[0.217s] Level 5:colcon.colcon_core.verb:set package 'sudsakhon_dashbroad' build argument 'cmake_force_configure' from command line to 'False'
[0.217s] Level 5:colcon.colcon_core.verb:set package 'sudsakhon_dashbroad' build argument 'ament_cmake_args' from command line to 'None'
[0.217s] Level 5:colcon.colcon_core.verb:set package 'sudsakhon_dashbroad' build argument 'catkin_cmake_args' from command line to 'None'
[0.217s] Level 5:colcon.colcon_core.verb:set package 'sudsakhon_dashbroad' build argument 'catkin_skip_building_tests' from command line to 'False'
[0.217s] DEBUG:colcon.colcon_core.verb:Building package 'sudsakhon_dashbroad' with the following arguments: {'ament_cmake_args': None, 'build_base': '/home/ubuntu/ros2_ws/build/sudsakhon_dashbroad', 'catkin_cmake_args': None, 'catkin_skip_building_tests': False, 'cmake_args': None, 'cmake_clean_cache': False, 'cmake_clean_first': False, 'cmake_force_configure': False, 'cmake_target': None, 'cmake_target_skip_unavailable': False, 'install_base': '/home/ubuntu/ros2_ws/install/sudsakhon_dashbroad', 'merge_install': False, 'path': '/home/ubuntu/ros2_ws/src/sudsakhon_dashbroad', 'symlink_install': False, 'test_result_base': None}
[0.217s] Level 5:colcon.colcon_core.verb:set package 'sudsakhon_detectchair' build argument 'cmake_args' from command line to 'None'
[0.217s] Level 5:colcon.colcon_core.verb:set package 'sudsakhon_detectchair' build argument 'cmake_target' from command line to 'None'
[0.218s] Level 5:colcon.colcon_core.verb:set package 'sudsakhon_detectchair' build argument 'cmake_target_skip_unavailable' from command line to 'False'
[0.218s] Level 5:colcon.colcon_core.verb:set package 'sudsakhon_detectchair' build argument 'cmake_clean_cache' from command line to 'False'
[0.218s] Level 5:colcon.colcon_core.verb:set package 'sudsakhon_detectchair' build argument 'cmake_clean_first' from command line to 'False'
[0.218s] Level 5:colcon.colcon_core.verb:set package 'sudsakhon_detectchair' build argument 'cmake_force_configure' from command line to 'False'
[0.218s] Level 5:colcon.colcon_core.verb:set package 'sudsakhon_detectchair' build argument 'ament_cmake_args' from command line to 'None'
[0.218s] Level 5:colcon.colcon_core.verb:set package 'sudsakhon_detectchair' build argument 'catkin_cmake_args' from command line to 'None'
[0.218s] Level 5:colcon.colcon_core.verb:set package 'sudsakhon_detectchair' build argument 'catkin_skip_building_tests' from command line to 'False'
[0.218s] DEBUG:colcon.colcon_core.verb:Building package 'sudsakhon_detectchair' with the following arguments: {'ament_cmake_args': None, 'build_base': '/home/ubuntu/ros2_ws/build/sudsakhon_detectchair', 'catkin_cmake_args': None, 'catkin_skip_building_tests': False, 'cmake_args': None, 'cmake_clean_cache': False, 'cmake_clean_first': False, 'cmake_force_configure': False, 'cmake_target': None, 'cmake_target_skip_unavailable': False, 'install_base': '/home/ubuntu/ros2_ws/install/sudsakhon_detectchair', 'merge_install': False, 'path': '/home/ubuntu/ros2_ws/src/sudsakhon_detectchair', 'symlink_install': False, 'test_result_base': None}
[0.218s] Level 5:colcon.colcon_core.verb:set package 'sudsakhon_mainprogram' build argument 'cmake_args' from command line to 'None'
[0.218s] Level 5:colcon.colcon_core.verb:set package 'sudsakhon_mainprogram' build argument 'cmake_target' from command line to 'None'
[0.218s] Level 5:colcon.colcon_core.verb:set package 'sudsakhon_mainprogram' build argument 'cmake_target_skip_unavailable' from command line to 'False'
[0.218s] Level 5:colcon.colcon_core.verb:set package 'sudsakhon_mainprogram' build argument 'cmake_clean_cache' from command line to 'False'
[0.218s] Level 5:colcon.colcon_core.verb:set package 'sudsakhon_mainprogram' build argument 'cmake_clean_first' from command line to 'False'
[0.218s] Level 5:colcon.colcon_core.verb:set package 'sudsakhon_mainprogram' build argument 'cmake_force_configure' from command line to 'False'
[0.218s] Level 5:colcon.colcon_core.verb:set package 'sudsakhon_mainprogram' build argument 'ament_cmake_args' from command line to 'None'
[0.218s] Level 5:colcon.colcon_core.verb:set package 'sudsakhon_mainprogram' build argument 'catkin_cmake_args' from command line to 'None'
[0.218s] Level 5:colcon.colcon_core.verb:set package 'sudsakhon_mainprogram' build argument 'catkin_skip_building_tests' from command line to 'False'
[0.218s] DEBUG:colcon.colcon_core.verb:Building package 'sudsakhon_mainprogram' with the following arguments: {'ament_cmake_args': None, 'build_base': '/home/ubuntu/ros2_ws/build/sudsakhon_mainprogram', 'catkin_cmake_args': None, 'catkin_skip_building_tests': False, 'cmake_args': None, 'cmake_clean_cache': False, 'cmake_clean_first': False, 'cmake_force_configure': False, 'cmake_target': None, 'cmake_target_skip_unavailable': False, 'install_base': '/home/ubuntu/ros2_ws/install/sudsakhon_mainprogram', 'merge_install': False, 'path': '/home/ubuntu/ros2_ws/src/sudsakhon_mainprogram', 'symlink_install': False, 'test_result_base': None}
[0.218s] Level 5:colcon.colcon_core.verb:set package 'sudsakhon_objectdetechtion' build argument 'cmake_args' from command line to 'None'
[0.218s] Level 5:colcon.colcon_core.verb:set package 'sudsakhon_objectdetechtion' build argument 'cmake_target' from command line to 'None'
[0.218s] Level 5:colcon.colcon_core.verb:set package 'sudsakhon_objectdetechtion' build argument 'cmake_target_skip_unavailable' from command line to 'False'
[0.218s] Level 5:colcon.colcon_core.verb:set package 'sudsakhon_objectdetechtion' build argument 'cmake_clean_cache' from command line to 'False'
[0.218s] Level 5:colcon.colcon_core.verb:set package 'sudsakhon_objectdetechtion' build argument 'cmake_clean_first' from command line to 'False'
[0.218s] Level 5:colcon.colcon_core.verb:set package 'sudsakhon_objectdetechtion' build argument 'cmake_force_configure' from command line to 'False'
[0.218s] Level 5:colcon.colcon_core.verb:set package 'sudsakhon_objectdetechtion' build argument 'ament_cmake_args' from command line to 'None'
[0.218s] Level 5:colcon.colcon_core.verb:set package 'sudsakhon_objectdetechtion' build argument 'catkin_cmake_args' from command line to 'None'
[0.218s] Level 5:colcon.colcon_core.verb:set package 'sudsakhon_objectdetechtion' build argument 'catkin_skip_building_tests' from command line to 'False'
[0.218s] DEBUG:colcon.colcon_core.verb:Building package 'sudsakhon_objectdetechtion' with the following arguments: {'ament_cmake_args': None, 'build_base': '/home/ubuntu/ros2_ws/build/sudsakhon_objectdetechtion', 'catkin_cmake_args': None, 'catkin_skip_building_tests': False, 'cmake_args': None, 'cmake_clean_cache': False, 'cmake_clean_first': False, 'cmake_force_configure': False, 'cmake_target': None, 'cmake_target_skip_unavailable': False, 'install_base': '/home/ubuntu/ros2_ws/install/sudsakhon_objectdetechtion', 'merge_install': False, 'path': '/home/ubuntu/ros2_ws/src/sudsakhon_objectdetechtion', 'symlink_install': False, 'test_result_base': None}
[0.219s] Level 5:colcon.colcon_core.verb:set package 'sudsakhon_odom' build argument 'cmake_args' from command line to 'None'
[0.219s] Level 5:colcon.colcon_core.verb:set package 'sudsakhon_odom' build argument 'cmake_target' from command line to 'None'
[0.219s] Level 5:colcon.colcon_core.verb:set package 'sudsakhon_odom' build argument 'cmake_target_skip_unavailable' from command line to 'False'
[0.219s] Level 5:colcon.colcon_core.verb:set package 'sudsakhon_odom' build argument 'cmake_clean_cache' from command line to 'False'
[0.219s] Level 5:colcon.colcon_core.verb:set package 'sudsakhon_odom' build argument 'cmake_clean_first' from command line to 'False'
[0.219s] Level 5:colcon.colcon_core.verb:set package 'sudsakhon_odom' build argument 'cmake_force_configure' from command line to 'False'
[0.219s] Level 5:colcon.colcon_core.verb:set package 'sudsakhon_odom' build argument 'ament_cmake_args' from command line to 'None'
[0.219s] Level 5:colcon.colcon_core.verb:set package 'sudsakhon_odom' build argument 'catkin_cmake_args' from command line to 'None'
[0.219s] Level 5:colcon.colcon_core.verb:set package 'sudsakhon_odom' build argument 'catkin_skip_building_tests' from command line to 'False'
[0.219s] DEBUG:colcon.colcon_core.verb:Building package 'sudsakhon_odom' with the following arguments: {'ament_cmake_args': None, 'build_base': '/home/ubuntu/ros2_ws/build/sudsakhon_odom', 'catkin_cmake_args': None, 'catkin_skip_building_tests': False, 'cmake_args': None, 'cmake_clean_cache': False, 'cmake_clean_first': False, 'cmake_force_configure': False, 'cmake_target': None, 'cmake_target_skip_unavailable': False, 'install_base': '/home/ubuntu/ros2_ws/install/sudsakhon_odom', 'merge_install': False, 'path': '/home/ubuntu/ros2_ws/src/sudsakhon_odom', 'symlink_install': False, 'test_result_base': None}
[0.219s] Level 5:colcon.colcon_core.verb:set package 'sudsakhon_transformation' build argument 'cmake_args' from command line to 'None'
[0.219s] Level 5:colcon.colcon_core.verb:set package 'sudsakhon_transformation' build argument 'cmake_target' from command line to 'None'
[0.219s] Level 5:colcon.colcon_core.verb:set package 'sudsakhon_transformation' build argument 'cmake_target_skip_unavailable' from command line to 'False'
[0.219s] Level 5:colcon.colcon_core.verb:set package 'sudsakhon_transformation' build argument 'cmake_clean_cache' from command line to 'False'
[0.219s] Level 5:colcon.colcon_core.verb:set package 'sudsakhon_transformation' build argument 'cmake_clean_first' from command line to 'False'
[0.219s] Level 5:colcon.colcon_core.verb:set package 'sudsakhon_transformation' build argument 'cmake_force_configure' from command line to 'False'
[0.219s] Level 5:colcon.colcon_core.verb:set package 'sudsakhon_transformation' build argument 'ament_cmake_args' from command line to 'None'
[0.219s] Level 5:colcon.colcon_core.verb:set package 'sudsakhon_transformation' build argument 'catkin_cmake_args' from command line to 'None'
[0.219s] Level 5:colcon.colcon_core.verb:set package 'sudsakhon_transformation' build argument 'catkin_skip_building_tests' from command line to 'False'
[0.219s] DEBUG:colcon.colcon_core.verb:Building package 'sudsakhon_transformation' with the following arguments: {'ament_cmake_args': None, 'build_base': '/home/ubuntu/ros2_ws/build/sudsakhon_transformation', 'catkin_cmake_args': None, 'catkin_skip_building_tests': False, 'cmake_args': None, 'cmake_clean_cache': False, 'cmake_clean_first': False, 'cmake_force_configure': False, 'cmake_target': None, 'cmake_target_skip_unavailable': False, 'install_base': '/home/ubuntu/ros2_ws/install/sudsakhon_transformation', 'merge_install': False, 'path': '/home/ubuntu/ros2_ws/src/sudsakhon_transformation', 'symlink_install': False, 'test_result_base': None}
[0.219s] INFO:colcon.colcon_core.executor:Executing jobs using 'parallel' executor
[0.220s] DEBUG:colcon.colcon_parallel_executor.executor.parallel:run_until_complete
[0.220s] INFO:colcon.colcon_ros.task.ament_cmake.build:Building ROS package in '/home/ubuntu/ros2_ws/src/sllidar_ros2' with build type 'ament_cmake'
[0.220s] INFO:colcon.colcon_cmake.task.cmake.build:Building CMake package in '/home/ubuntu/ros2_ws/src/sllidar_ros2'
[0.222s] INFO:colcon.colcon_core.plugin_system:Skipping extension 'colcon_core.shell.bat': Not used on non-Windows systems
[0.222s] INFO:colcon.colcon_core.shell:Skip shell extension 'powershell' for command environment: Not usable outside of PowerShell
[0.222s] DEBUG:colcon.colcon_core.shell:Skip shell extension 'dsv' for command environment
[0.225s] INFO:colcon.colcon_ros.task.ament_python.build:Building ROS package in '/home/ubuntu/ros2_ws/src/sudsakhon_automation' with build type 'ament_python'
[0.225s] Level 1:colcon.colcon_core.shell:create_environment_hook('sudsakhon_automation', 'ament_prefix_path')
[0.225s] INFO:colcon.colcon_core.shell:Creating environment hook '/home/ubuntu/ros2_ws/install/sudsakhon_automation/share/sudsakhon_automation/hook/ament_prefix_path.ps1'
[0.226s] INFO:colcon.colcon_core.shell:Creating environment descriptor '/home/ubuntu/ros2_ws/install/sudsakhon_automation/share/sudsakhon_automation/hook/ament_prefix_path.dsv'
[0.227s] INFO:colcon.colcon_core.shell:Creating environment hook '/home/ubuntu/ros2_ws/install/sudsakhon_automation/share/sudsakhon_automation/hook/ament_prefix_path.sh'
[0.227s] INFO:colcon.colcon_core.shell:Skip shell extension 'powershell' for command environment: Not usable outside of PowerShell
[0.227s] DEBUG:colcon.colcon_core.shell:Skip shell extension 'dsv' for command environment
[0.231s] INFO:colcon.colcon_ros.task.ament_python.build:Building ROS package in '/home/ubuntu/ros2_ws/src/sudsakhon_dashbroad' with build type 'ament_python'
[0.231s] Level 1:colcon.colcon_core.shell:create_environment_hook('sudsakhon_dashbroad', 'ament_prefix_path')
[0.231s] INFO:colcon.colcon_core.shell:Creating environment hook '/home/ubuntu/ros2_ws/install/sudsakhon_dashbroad/share/sudsakhon_dashbroad/hook/ament_prefix_path.ps1'
[0.231s] INFO:colcon.colcon_core.shell:Creating environment descriptor '/home/ubuntu/ros2_ws/install/sudsakhon_dashbroad/share/sudsakhon_dashbroad/hook/ament_prefix_path.dsv'
[0.232s] INFO:colcon.colcon_core.shell:Creating environment hook '/home/ubuntu/ros2_ws/install/sudsakhon_dashbroad/share/sudsakhon_dashbroad/hook/ament_prefix_path.sh'
[0.232s] INFO:colcon.colcon_core.shell:Skip shell extension 'powershell' for command environment: Not usable outside of PowerShell
[0.232s] DEBUG:colcon.colcon_core.shell:Skip shell extension 'dsv' for command environment
[0.234s] INFO:colcon.colcon_ros.task.ament_python.build:Building ROS package in '/home/ubuntu/ros2_ws/src/sudsakhon_detectchair' with build type 'ament_python'
[0.235s] Level 1:colcon.colcon_core.shell:create_environment_hook('sudsakhon_detectchair', 'ament_prefix_path')
[0.235s] INFO:colcon.colcon_core.shell:Creating environment hook '/home/ubuntu/ros2_ws/install/sudsakhon_detectchair/share/sudsakhon_detectchair/hook/ament_prefix_path.ps1'
[0.235s] INFO:colcon.colcon_core.shell:Creating environment descriptor '/home/ubuntu/ros2_ws/install/sudsakhon_detectchair/share/sudsakhon_detectchair/hook/ament_prefix_path.dsv'
[0.236s] INFO:colcon.colcon_core.shell:Creating environment hook '/home/ubuntu/ros2_ws/install/sudsakhon_detectchair/share/sudsakhon_detectchair/hook/ament_prefix_path.sh'
[0.236s] INFO:colcon.colcon_core.shell:Skip shell extension 'powershell' for command environment: Not usable outside of PowerShell
[0.236s] DEBUG:colcon.colcon_core.shell:Skip shell extension 'dsv' for command environment
[0.238s] INFO:colcon.colcon_ros.task.ament_python.build:Building ROS package in '/home/ubuntu/ros2_ws/src/sudsakhon_mainprogram' with build type 'ament_python'
[0.239s] Level 1:colcon.colcon_core.shell:create_environment_hook('sudsakhon_mainprogram', 'ament_prefix_path')
[0.239s] INFO:colcon.colcon_core.shell:Creating environment hook '/home/ubuntu/ros2_ws/install/sudsakhon_mainprogram/share/sudsakhon_mainprogram/hook/ament_prefix_path.ps1'
[0.239s] INFO:colcon.colcon_core.shell:Creating environment descriptor '/home/ubuntu/ros2_ws/install/sudsakhon_mainprogram/share/sudsakhon_mainprogram/hook/ament_prefix_path.dsv'
[0.240s] INFO:colcon.colcon_core.shell:Creating environment hook '/home/ubuntu/ros2_ws/install/sudsakhon_mainprogram/share/sudsakhon_mainprogram/hook/ament_prefix_path.sh'
[0.240s] INFO:colcon.colcon_core.shell:Skip shell extension 'powershell' for command environment: Not usable outside of PowerShell
[0.240s] DEBUG:colcon.colcon_core.shell:Skip shell extension 'dsv' for command environment
[0.242s] INFO:colcon.colcon_ros.task.ament_python.build:Building ROS package in '/home/ubuntu/ros2_ws/src/sudsakhon_objectdetechtion' with build type 'ament_python'
[0.243s] Level 1:colcon.colcon_core.shell:create_environment_hook('sudsakhon_objectdetechtion', 'ament_prefix_path')
[0.243s] INFO:colcon.colcon_core.shell:Creating environment hook '/home/ubuntu/ros2_ws/install/sudsakhon_objectdetechtion/share/sudsakhon_objectdetechtion/hook/ament_prefix_path.ps1'
[0.244s] INFO:colcon.colcon_core.shell:Creating environment descriptor '/home/ubuntu/ros2_ws/install/sudsakhon_objectdetechtion/share/sudsakhon_objectdetechtion/hook/ament_prefix_path.dsv'
[0.244s] INFO:colcon.colcon_core.shell:Creating environment hook '/home/ubuntu/ros2_ws/install/sudsakhon_objectdetechtion/share/sudsakhon_objectdetechtion/hook/ament_prefix_path.sh'
[0.244s] INFO:colcon.colcon_core.shell:Skip shell extension 'powershell' for command environment: Not usable outside of PowerShell
[0.244s] DEBUG:colcon.colcon_core.shell:Skip shell extension 'dsv' for command environment
[0.247s] INFO:colcon.colcon_ros.task.ament_python.build:Building ROS package in '/home/ubuntu/ros2_ws/src/sudsakhon_odom' with build type 'ament_python'
[0.247s] Level 1:colcon.colcon_core.shell:create_environment_hook('sudsakhon_odom', 'ament_prefix_path')
[0.247s] INFO:colcon.colcon_core.shell:Creating environment hook '/home/ubuntu/ros2_ws/install/sudsakhon_odom/share/sudsakhon_odom/hook/ament_prefix_path.ps1'
[0.248s] INFO:colcon.colcon_core.shell:Creating environment descriptor '/home/ubuntu/ros2_ws/install/sudsakhon_odom/share/sudsakhon_odom/hook/ament_prefix_path.dsv'
[0.248s] INFO:colcon.colcon_core.shell:Creating environment hook '/home/ubuntu/ros2_ws/install/sudsakhon_odom/share/sudsakhon_odom/hook/ament_prefix_path.sh'
[0.248s] INFO:colcon.colcon_core.shell:Skip shell extension 'powershell' for command environment: Not usable outside of PowerShell
[0.249s] DEBUG:colcon.colcon_core.shell:Skip shell extension 'dsv' for command environment
[0.251s] INFO:colcon.colcon_ros.task.ament_python.build:Building ROS package in '/home/ubuntu/ros2_ws/src/sudsakhon_transformation' with build type 'ament_python'
[0.251s] Level 1:colcon.colcon_core.shell:create_environment_hook('sudsakhon_transformation', 'ament_prefix_path')
[0.251s] INFO:colcon.colcon_core.shell:Creating environment hook '/home/ubuntu/ros2_ws/install/sudsakhon_transformation/share/sudsakhon_transformation/hook/ament_prefix_path.ps1'
[0.251s] INFO:colcon.colcon_core.shell:Creating environment descriptor '/home/ubuntu/ros2_ws/install/sudsakhon_transformation/share/sudsakhon_transformation/hook/ament_prefix_path.dsv'
[0.252s] INFO:colcon.colcon_core.shell:Creating environment hook '/home/ubuntu/ros2_ws/install/sudsakhon_transformation/share/sudsakhon_transformation/hook/ament_prefix_path.sh'
[0.252s] INFO:colcon.colcon_core.shell:Skip shell extension 'powershell' for command environment: Not usable outside of PowerShell
[0.252s] DEBUG:colcon.colcon_core.shell:Skip shell extension 'dsv' for command environment
[0.258s] DEBUG:colcon.colcon_core.event_handler.log_command:Invoking command in '/home/ubuntu/ros2_ws/build/sllidar_ros2': CMAKE_PREFIX_PATH=${CMAKE_PREFIX_PATH}:/home/ubuntu/ros2_ws/install/testnode:/home/ubuntu/ros2_ws/install/sudsakhon_transformation:/home/ubuntu/ros2_ws/install/sudsakhon_odom:/home/ubuntu/ros2_ws/install/sudsakhon_objectdetechtion:/home/ubuntu/ros2_ws/install/sudsakhon_mainprogram:/home/ubuntu/ros2_ws/install/sudsakhon_detectchair:/home/ubuntu/ros2_ws/install/sudsakhon_dashbroad:/home/ubuntu/ros2_ws/install/sudsakhon_automation:/opt/ros/jazzy DEBUGINFOD_URLS=https://debuginfod.ubuntu.com /usr/bin/cmake --build /home/ubuntu/ros2_ws/build/sllidar_ros2 -- -j12 -l12
[0.541s] INFO:colcon.colcon_core.task.python.build:Building Python package in '/home/ubuntu/ros2_ws/src/sudsakhon_automation'
[0.541s] INFO:colcon.colcon_core.shell:Skip shell extension 'powershell' for command environment: Not usable outside of PowerShell
[0.541s] DEBUG:colcon.colcon_core.shell:Skip shell extension 'dsv' for command environment
[0.788s] INFO:colcon.colcon_core.task.python.build:Building Python package in '/home/ubuntu/ros2_ws/src/sudsakhon_dashbroad'
[0.789s] INFO:colcon.colcon_core.shell:Skip shell extension 'powershell' for command environment: Not usable outside of PowerShell
[0.789s] DEBUG:colcon.colcon_core.shell:Skip shell extension 'dsv' for command environment
[1.010s] INFO:colcon.colcon_core.task.python.build:Building Python package in '/home/ubuntu/ros2_ws/src/sudsakhon_detectchair'
[1.011s] INFO:colcon.colcon_core.shell:Skip shell extension 'powershell' for command environment: Not usable outside of PowerShell
[1.011s] DEBUG:colcon.colcon_core.shell:Skip shell extension 'dsv' for command environment
[1.249s] INFO:colcon.colcon_core.task.python.build:Building Python package in '/home/ubuntu/ros2_ws/src/sudsakhon_mainprogram'
[1.249s] INFO:colcon.colcon_core.shell:Skip shell extension 'powershell' for command environment: Not usable outside of PowerShell
[1.249s] DEBUG:colcon.colcon_core.shell:Skip shell extension 'dsv' for command environment
[1.445s] INFO:colcon.colcon_core.task.python.build:Building Python package in '/home/ubuntu/ros2_ws/src/sudsakhon_objectdetechtion'
[1.445s] INFO:colcon.colcon_core.shell:Skip shell extension 'powershell' for command environment: Not usable outside of PowerShell
[1.445s] DEBUG:colcon.colcon_core.shell:Skip shell extension 'dsv' for command environment
[1.668s] INFO:colcon.colcon_core.task.python.build:Building Python package in '/home/ubuntu/ros2_ws/src/sudsakhon_odom'
[1.669s] INFO:colcon.colcon_core.shell:Skip shell extension 'powershell' for command environment: Not usable outside of PowerShell
[1.669s] DEBUG:colcon.colcon_core.shell:Skip shell extension 'dsv' for command environment
[1.673s] DEBUG:colcon.colcon_core.event_handler.log_command:Invoked command in '/home/ubuntu/ros2_ws/build/sllidar_ros2' returned '0': CMAKE_PREFIX_PATH=${CMAKE_PREFIX_PATH}:/home/ubuntu/ros2_ws/install/testnode:/home/ubuntu/ros2_ws/install/sudsakhon_transformation:/home/ubuntu/ros2_ws/install/sudsakhon_odom:/home/ubuntu/ros2_ws/install/sudsakhon_objectdetechtion:/home/ubuntu/ros2_ws/install/sudsakhon_mainprogram:/home/ubuntu/ros2_ws/install/sudsakhon_detectchair:/home/ubuntu/ros2_ws/install/sudsakhon_dashbroad:/home/ubuntu/ros2_ws/install/sudsakhon_automation:/opt/ros/jazzy DEBUGINFOD_URLS=https://debuginfod.ubuntu.com /usr/bin/cmake --build /home/ubuntu/ros2_ws/build/sllidar_ros2 -- -j12 -l12
[1.683s] DEBUG:colcon.colcon_core.event_handler.log_command:Invoking command in '/home/ubuntu/ros2_ws/build/sllidar_ros2': CMAKE_PREFIX_PATH=${CMAKE_PREFIX_PATH}:/home/ubuntu/ros2_ws/install/testnode:/home/ubuntu/ros2_ws/install/sudsakhon_transformation:/home/ubuntu/ros2_ws/install/sudsakhon_odom:/home/ubuntu/ros2_ws/install/sudsakhon_objectdetechtion:/home/ubuntu/ros2_ws/install/sudsakhon_mainprogram:/home/ubuntu/ros2_ws/install/sudsakhon_detectchair:/home/ubuntu/ros2_ws/install/sudsakhon_dashbroad:/home/ubuntu/ros2_ws/install/sudsakhon_automation:/opt/ros/jazzy DEBUGINFOD_URLS=https://debuginfod.ubuntu.com /usr/bin/cmake --install /home/ubuntu/ros2_ws/build/sllidar_ros2
[1.918s] INFO:colcon.colcon_core.task.python.build:Building Python package in '/home/ubuntu/ros2_ws/src/sudsakhon_transformation'
[1.918s] INFO:colcon.colcon_core.shell:Skip shell extension 'powershell' for command environment: Not usable outside of PowerShell
[1.918s] DEBUG:colcon.colcon_core.shell:Skip shell extension 'dsv' for command environment
[1.943s] Level 1:colcon.colcon_core.environment:create_environment_scripts_only(sllidar_ros2)
[1.944s] DEBUG:colcon.colcon_core.event_handler.log_command:Invoked command in '/home/ubuntu/ros2_ws/build/sllidar_ros2' returned '0': CMAKE_PREFIX_PATH=${CMAKE_PREFIX_PATH}:/home/ubuntu/ros2_ws/install/testnode:/home/ubuntu/ros2_ws/install/sudsakhon_transformation:/home/ubuntu/ros2_ws/install/sudsakhon_odom:/home/ubuntu/ros2_ws/install/sudsakhon_objectdetechtion:/home/ubuntu/ros2_ws/install/sudsakhon_mainprogram:/home/ubuntu/ros2_ws/install/sudsakhon_detectchair:/home/ubuntu/ros2_ws/install/sudsakhon_dashbroad:/home/ubuntu/ros2_ws/install/sudsakhon_automation:/opt/ros/jazzy DEBUGINFOD_URLS=https://debuginfod.ubuntu.com /usr/bin/cmake --install /home/ubuntu/ros2_ws/build/sllidar_ros2
[1.946s] Level 1:colcon.colcon_core.environment:checking '/home/ubuntu/ros2_ws/install/sllidar_ros2' for CMake module files
[1.947s] Level 1:colcon.colcon_core.environment:checking '/home/ubuntu/ros2_ws/install/sllidar_ros2' for CMake config files
[1.947s] Level 1:colcon.colcon_core.shell:create_environment_hook('sllidar_ros2', 'cmake_prefix_path')
[1.948s] INFO:colcon.colcon_core.shell:Creating environment hook '/home/ubuntu/ros2_ws/install/sllidar_ros2/share/sllidar_ros2/hook/cmake_prefix_path.ps1'
[1.948s] INFO:colcon.colcon_core.shell:Creating environment descriptor '/home/ubuntu/ros2_ws/install/sllidar_ros2/share/sllidar_ros2/hook/cmake_prefix_path.dsv'
[1.949s] INFO:colcon.colcon_core.shell:Creating environment hook '/home/ubuntu/ros2_ws/install/sllidar_ros2/share/sllidar_ros2/hook/cmake_prefix_path.sh'
[1.950s] Level 1:colcon.colcon_core.environment:checking '/home/ubuntu/ros2_ws/install/sllidar_ros2/lib'
[1.950s] Level 1:colcon.colcon_core.environment:checking '/home/ubuntu/ros2_ws/install/sllidar_ros2/bin'
[1.950s] Level 1:colcon.colcon_core.environment:checking '/home/ubuntu/ros2_ws/install/sllidar_ros2/lib/pkgconfig/sllidar_ros2.pc'
[1.950s] Level 1:colcon.colcon_core.environment:checking '/home/ubuntu/ros2_ws/install/sllidar_ros2/lib/python3.12/site-packages'
[1.951s] Level 1:colcon.colcon_core.environment:checking '/home/ubuntu/ros2_ws/install/sllidar_ros2/bin'
[1.951s] INFO:colcon.colcon_core.shell:Creating package script '/home/ubuntu/ros2_ws/install/sllidar_ros2/share/sllidar_ros2/package.ps1'
[1.952s] INFO:colcon.colcon_core.shell:Creating package descriptor '/home/ubuntu/ros2_ws/install/sllidar_ros2/share/sllidar_ros2/package.dsv'
[1.953s] INFO:colcon.colcon_core.shell:Creating package script '/home/ubuntu/ros2_ws/install/sllidar_ros2/share/sllidar_ros2/package.sh'
[1.954s] INFO:colcon.colcon_core.shell:Creating package script '/home/ubuntu/ros2_ws/install/sllidar_ros2/share/sllidar_ros2/package.bash'
[1.954s] INFO:colcon.colcon_core.shell:Creating package script '/home/ubuntu/ros2_ws/install/sllidar_ros2/share/sllidar_ros2/package.zsh'
[1.955s] Level 1:colcon.colcon_core.environment:create_file_with_runtime_dependencies(/home/ubuntu/ros2_ws/install/sllidar_ros2/share/colcon-core/packages/sllidar_ros2)
[1.956s] Level 1:colcon.colcon_core.environment:create_environment_scripts_only(sllidar_ros2)
[1.956s] Level 1:colcon.colcon_core.environment:checking '/home/ubuntu/ros2_ws/install/sllidar_ros2' for CMake module files
[1.957s] Level 1:colcon.colcon_core.environment:checking '/home/ubuntu/ros2_ws/install/sllidar_ros2' for CMake config files
[1.957s] Level 1:colcon.colcon_core.shell:create_environment_hook('sllidar_ros2', 'cmake_prefix_path')
[1.957s] INFO:colcon.colcon_core.shell:Creating environment hook '/home/ubuntu/ros2_ws/install/sllidar_ros2/share/sllidar_ros2/hook/cmake_prefix_path.ps1'
[1.958s] INFO:colcon.colcon_core.shell:Creating environment descriptor '/home/ubuntu/ros2_ws/install/sllidar_ros2/share/sllidar_ros2/hook/cmake_prefix_path.dsv'
[1.958s] INFO:colcon.colcon_core.shell:Creating environment hook '/home/ubuntu/ros2_ws/install/sllidar_ros2/share/sllidar_ros2/hook/cmake_prefix_path.sh'
[1.959s] Level 1:colcon.colcon_core.environment:checking '/home/ubuntu/ros2_ws/install/sllidar_ros2/lib'
[1.959s] Level 1:colcon.colcon_core.environment:checking '/home/ubuntu/ros2_ws/install/sllidar_ros2/bin'
[1.959s] Level 1:colcon.colcon_core.environment:checking '/home/ubuntu/ros2_ws/install/sllidar_ros2/lib/pkgconfig/sllidar_ros2.pc'
[1.959s] Level 1:colcon.colcon_core.environment:checking '/home/ubuntu/ros2_ws/install/sllidar_ros2/lib/python3.12/site-packages'
[1.960s] Level 1:colcon.colcon_core.environment:checking '/home/ubuntu/ros2_ws/install/sllidar_ros2/bin'
[1.960s] INFO:colcon.colcon_core.shell:Creating package script '/home/ubuntu/ros2_ws/install/sllidar_ros2/share/sllidar_ros2/package.ps1'
[1.961s] INFO:colcon.colcon_core.shell:Creating package descriptor '/home/ubuntu/ros2_ws/install/sllidar_ros2/share/sllidar_ros2/package.dsv'
[1.962s] INFO:colcon.colcon_core.shell:Creating package script '/home/ubuntu/ros2_ws/install/sllidar_ros2/share/sllidar_ros2/package.sh'
[1.962s] INFO:colcon.colcon_core.shell:Creating package script '/home/ubuntu/ros2_ws/install/sllidar_ros2/share/sllidar_ros2/package.bash'
[1.963s] INFO:colcon.colcon_core.shell:Creating package script '/home/ubuntu/ros2_ws/install/sllidar_ros2/share/sllidar_ros2/package.zsh'
[1.964s] Level 1:colcon.colcon_core.environment:create_file_with_runtime_dependencies(/home/ubuntu/ros2_ws/install/sllidar_ros2/share/colcon-core/packages/sllidar_ros2)
[2.780s] DEBUG:colcon.colcon_core.event_handler.log_command:Invoking command in '/home/ubuntu/ros2_ws/src/sudsakhon_transformation': DEBUGINFOD_URLS=https://debuginfod.ubuntu.com PYTHONPATH=/home/ubuntu/ros2_ws/build/sudsakhon_transformation/prefix_override:/usr/lib/python3/dist-packages/colcon_core/task/python/colcon_distutils_commands:/home/ubuntu/ros2_ws/install/sudsakhon_transformation/lib/python3.12/site-packages:${PYTHONPATH} /usr/bin/python3 -W ignore:setup.py install is deprecated -W ignore:easy_install command is deprecated setup.py egg_info --egg-base ../../build/sudsakhon_transformation build --build-base /home/ubuntu/ros2_ws/build/sudsakhon_transformation/build install --record /home/ubuntu/ros2_ws/build/sudsakhon_transformation/install.log --single-version-externally-managed install_data
[2.912s] DEBUG:colcon.colcon_core.event_handler.log_command:Invoking command in '/home/ubuntu/ros2_ws/src/sudsakhon_objectdetechtion': DEBUGINFOD_URLS=https://debuginfod.ubuntu.com PYTHONPATH=/home/ubuntu/ros2_ws/build/sudsakhon_objectdetechtion/prefix_override:/usr/lib/python3/dist-packages/colcon_core/task/python/colcon_distutils_commands:/home/ubuntu/ros2_ws/install/sudsakhon_objectdetechtion/lib/python3.12/site-packages:${PYTHONPATH} /usr/bin/python3 -W ignore:setup.py install is deprecated -W ignore:easy_install command is deprecated setup.py egg_info --egg-base ../../build/sudsakhon_objectdetechtion build --build-base /home/ubuntu/ros2_ws/build/sudsakhon_objectdetechtion/build install --record /home/ubuntu/ros2_ws/build/sudsakhon_objectdetechtion/install.log --single-version-externally-managed install_data
[2.969s] DEBUG:colcon.colcon_core.event_handler.log_command:Invoking command in '/home/ubuntu/ros2_ws/src/sudsakhon_mainprogram': DEBUGINFOD_URLS=https://debuginfod.ubuntu.com PYTHONPATH=/home/ubuntu/ros2_ws/build/sudsakhon_mainprogram/prefix_override:/usr/lib/python3/dist-packages/colcon_core/task/python/colcon_distutils_commands:/home/ubuntu/ros2_ws/install/sudsakhon_mainprogram/lib/python3.12/site-packages:${PYTHONPATH} /usr/bin/python3 -W ignore:setup.py install is deprecated -W ignore:easy_install command is deprecated setup.py egg_info --egg-base ../../build/sudsakhon_mainprogram build --build-base /home/ubuntu/ros2_ws/build/sudsakhon_mainprogram/build install --record /home/ubuntu/ros2_ws/build/sudsakhon_mainprogram/install.log --single-version-externally-managed install_data
[3.021s] DEBUG:colcon.colcon_core.event_handler.log_command:Invoking command in '/home/ubuntu/ros2_ws/src/sudsakhon_dashbroad': DEBUGINFOD_URLS=https://debuginfod.ubuntu.com PYTHONPATH=/home/ubuntu/ros2_ws/build/sudsakhon_dashbroad/prefix_override:/usr/lib/python3/dist-packages/colcon_core/task/python/colcon_distutils_commands:/home/ubuntu/ros2_ws/install/sudsakhon_dashbroad/lib/python3.12/site-packages:${PYTHONPATH} /usr/bin/python3 -W ignore:setup.py install is deprecated -W ignore:easy_install command is deprecated setup.py egg_info --egg-base ../../build/sudsakhon_dashbroad build --build-base /home/ubuntu/ros2_ws/build/sudsakhon_dashbroad/build install --record /home/ubuntu/ros2_ws/build/sudsakhon_dashbroad/install.log --single-version-externally-managed install_data
[3.102s] DEBUG:colcon.colcon_core.event_handler.log_command:Invoking command in '/home/ubuntu/ros2_ws/src/sudsakhon_odom': DEBUGINFOD_URLS=https://debuginfod.ubuntu.com PYTHONPATH=/home/ubuntu/ros2_ws/build/sudsakhon_odom/prefix_override:/usr/lib/python3/dist-packages/colcon_core/task/python/colcon_distutils_commands:/home/ubuntu/ros2_ws/install/sudsakhon_odom/lib/python3.12/site-packages:${PYTHONPATH} /usr/bin/python3 -W ignore:setup.py install is deprecated -W ignore:easy_install command is deprecated setup.py egg_info --egg-base ../../build/sudsakhon_odom build --build-base /home/ubuntu/ros2_ws/build/sudsakhon_odom/build install --record /home/ubuntu/ros2_ws/build/sudsakhon_odom/install.log --single-version-externally-managed install_data
[3.161s] DEBUG:colcon.colcon_core.event_handler.log_command:Invoking command in '/home/ubuntu/ros2_ws/src/sudsakhon_automation': DEBUGINFOD_URLS=https://debuginfod.ubuntu.com PYTHONPATH=/home/ubuntu/ros2_ws/build/sudsakhon_automation/prefix_override:/usr/lib/python3/dist-packages/colcon_core/task/python/colcon_distutils_commands:/home/ubuntu/ros2_ws/install/sudsakhon_automation/lib/python3.12/site-packages:${PYTHONPATH} /usr/bin/python3 -W ignore:setup.py install is deprecated -W ignore:easy_install command is deprecated setup.py egg_info --egg-base ../../build/sudsakhon_automation build --build-base /home/ubuntu/ros2_ws/build/sudsakhon_automation/build install --record /home/ubuntu/ros2_ws/build/sudsakhon_automation/install.log --single-version-externally-managed install_data
[3.480s] DEBUG:colcon.colcon_core.event_handler.log_command:Invoking command in '/home/ubuntu/ros2_ws/src/sudsakhon_detectchair': DEBUGINFOD_URLS=https://debuginfod.ubuntu.com PYTHONPATH=/home/ubuntu/ros2_ws/build/sudsakhon_detectchair/prefix_override:/usr/lib/python3/dist-packages/colcon_core/task/python/colcon_distutils_commands:/home/ubuntu/ros2_ws/install/sudsakhon_detectchair/lib/python3.12/site-packages:${PYTHONPATH} /usr/bin/python3 -W ignore:setup.py install is deprecated -W ignore:easy_install command is deprecated setup.py egg_info --egg-base ../../build/sudsakhon_detectchair build --build-base /home/ubuntu/ros2_ws/build/sudsakhon_detectchair/build install --record /home/ubuntu/ros2_ws/build/sudsakhon_detectchair/install.log --single-version-externally-managed install_data
[3.518s] Level 1:colcon.colcon_core.environment:checking '/home/ubuntu/ros2_ws/install/sudsakhon_objectdetechtion' for CMake module files
[3.518s] DEBUG:colcon.colcon_core.event_handler.log_command:Invoked command in '/home/ubuntu/ros2_ws/src/sudsakhon_objectdetechtion' returned '0': DEBUGINFOD_URLS=https://debuginfod.ubuntu.com PYTHONPATH=/home/ubuntu/ros2_ws/build/sudsakhon_objectdetechtion/prefix_override:/usr/lib/python3/dist-packages/colcon_core/task/python/colcon_distutils_commands:/home/ubuntu/ros2_ws/install/sudsakhon_objectdetechtion/lib/python3.12/site-packages:${PYTHONPATH} /usr/bin/python3 -W ignore:setup.py install is deprecated -W ignore:easy_install command is deprecated setup.py egg_info --egg-base ../../build/sudsakhon_objectdetechtion build --build-base /home/ubuntu/ros2_ws/build/sudsakhon_objectdetechtion/build install --record /home/ubuntu/ros2_ws/build/sudsakhon_objectdetechtion/install.log --single-version-externally-managed install_data
[3.518s] Level 1:colcon.colcon_core.environment:checking '/home/ubuntu/ros2_ws/install/sudsakhon_objectdetechtion' for CMake config files
[3.519s] Level 1:colcon.colcon_core.environment:checking '/home/ubuntu/ros2_ws/install/sudsakhon_objectdetechtion/lib'
[3.519s] Level 1:colcon.colcon_core.environment:checking '/home/ubuntu/ros2_ws/install/sudsakhon_objectdetechtion/bin'
[3.519s] Level 1:colcon.colcon_core.environment:checking '/home/ubuntu/ros2_ws/install/sudsakhon_objectdetechtion/lib/pkgconfig/sudsakhon_objectdetechtion.pc'
[3.519s] Level 1:colcon.colcon_core.environment:checking '/home/ubuntu/ros2_ws/install/sudsakhon_objectdetechtion/lib/python3.12/site-packages'
[3.519s] Level 1:colcon.colcon_core.shell:create_environment_hook('sudsakhon_objectdetechtion', 'pythonpath')
[3.519s] INFO:colcon.colcon_core.shell:Creating environment hook '/home/ubuntu/ros2_ws/install/sudsakhon_objectdetechtion/share/sudsakhon_objectdetechtion/hook/pythonpath.ps1'
[3.520s] INFO:colcon.colcon_core.shell:Creating environment descriptor '/home/ubuntu/ros2_ws/install/sudsakhon_objectdetechtion/share/sudsakhon_objectdetechtion/hook/pythonpath.dsv'
[3.520s] INFO:colcon.colcon_core.shell:Creating environment hook '/home/ubuntu/ros2_ws/install/sudsakhon_objectdetechtion/share/sudsakhon_objectdetechtion/hook/pythonpath.sh'
[3.521s] Level 1:colcon.colcon_core.environment:checking '/home/ubuntu/ros2_ws/install/sudsakhon_objectdetechtion/bin'
[3.521s] Level 1:colcon.colcon_core.environment:create_environment_scripts_only(sudsakhon_objectdetechtion)
[3.521s] INFO:colcon.colcon_core.shell:Creating package script '/home/ubuntu/ros2_ws/install/sudsakhon_objectdetechtion/share/sudsakhon_objectdetechtion/package.ps1'
[3.522s] INFO:colcon.colcon_core.shell:Creating package descriptor '/home/ubuntu/ros2_ws/install/sudsakhon_objectdetechtion/share/sudsakhon_objectdetechtion/package.dsv'
[3.522s] INFO:colcon.colcon_core.shell:Creating package script '/home/ubuntu/ros2_ws/install/sudsakhon_objectdetechtion/share/sudsakhon_objectdetechtion/package.sh'
[3.522s] INFO:colcon.colcon_core.shell:Creating package script '/home/ubuntu/ros2_ws/install/sudsakhon_objectdetechtion/share/sudsakhon_objectdetechtion/package.bash'
[3.523s] INFO:colcon.colcon_core.shell:Creating package script '/home/ubuntu/ros2_ws/install/sudsakhon_objectdetechtion/share/sudsakhon_objectdetechtion/package.zsh'
[3.523s] Level 1:colcon.colcon_core.environment:create_file_with_runtime_dependencies(/home/ubuntu/ros2_ws/install/sudsakhon_objectdetechtion/share/colcon-core/packages/sudsakhon_objectdetechtion)
[3.773s] Level 1:colcon.colcon_core.environment:checking '/home/ubuntu/ros2_ws/install/sudsakhon_odom' for CMake module files
[3.773s] DEBUG:colcon.colcon_core.event_handler.log_command:Invoked command in '/home/ubuntu/ros2_ws/src/sudsakhon_odom' returned '0': DEBUGINFOD_URLS=https://debuginfod.ubuntu.com PYTHONPATH=/home/ubuntu/ros2_ws/build/sudsakhon_odom/prefix_override:/usr/lib/python3/dist-packages/colcon_core/task/python/colcon_distutils_commands:/home/ubuntu/ros2_ws/install/sudsakhon_odom/lib/python3.12/site-packages:${PYTHONPATH} /usr/bin/python3 -W ignore:setup.py install is deprecated -W ignore:easy_install command is deprecated setup.py egg_info --egg-base ../../build/sudsakhon_odom build --build-base /home/ubuntu/ros2_ws/build/sudsakhon_odom/build install --record /home/ubuntu/ros2_ws/build/sudsakhon_odom/install.log --single-version-externally-managed install_data
[3.774s] Level 1:colcon.colcon_core.environment:checking '/home/ubuntu/ros2_ws/install/sudsakhon_odom' for CMake config files
[3.774s] Level 1:colcon.colcon_core.environment:checking '/home/ubuntu/ros2_ws/install/sudsakhon_odom/lib'
[3.774s] Level 1:colcon.colcon_core.environment:checking '/home/ubuntu/ros2_ws/install/sudsakhon_odom/bin'
[3.774s] Level 1:colcon.colcon_core.environment:checking '/home/ubuntu/ros2_ws/install/sudsakhon_odom/lib/pkgconfig/sudsakhon_odom.pc'
[3.775s] Level 1:colcon.colcon_core.environment:checking '/home/ubuntu/ros2_ws/install/sudsakhon_odom/lib/python3.12/site-packages'
[3.775s] Level 1:colcon.colcon_core.shell:create_environment_hook('sudsakhon_odom', 'pythonpath')
[3.775s] INFO:colcon.colcon_core.shell:Creating environment hook '/home/ubuntu/ros2_ws/install/sudsakhon_odom/share/sudsakhon_odom/hook/pythonpath.ps1'
[3.775s] INFO:colcon.colcon_core.shell:Creating environment descriptor '/home/ubuntu/ros2_ws/install/sudsakhon_odom/share/sudsakhon_odom/hook/pythonpath.dsv'
[3.776s] INFO:colcon.colcon_core.shell:Creating environment hook '/home/ubuntu/ros2_ws/install/sudsakhon_odom/share/sudsakhon_odom/hook/pythonpath.sh'
[3.776s] Level 1:colcon.colcon_core.environment:checking '/home/ubuntu/ros2_ws/install/sudsakhon_odom/bin'
[3.776s] Level 1:colcon.colcon_core.environment:create_environment_scripts_only(sudsakhon_odom)
[3.776s] INFO:colcon.colcon_core.shell:Creating package script '/home/ubuntu/ros2_ws/install/sudsakhon_odom/share/sudsakhon_odom/package.ps1'
[3.777s] INFO:colcon.colcon_core.shell:Creating package descriptor '/home/ubuntu/ros2_ws/install/sudsakhon_odom/share/sudsakhon_odom/package.dsv'
[3.777s] INFO:colcon.colcon_core.shell:Creating package script '/home/ubuntu/ros2_ws/install/sudsakhon_odom/share/sudsakhon_odom/package.sh'
[3.778s] INFO:colcon.colcon_core.shell:Creating package script '/home/ubuntu/ros2_ws/install/sudsakhon_odom/share/sudsakhon_odom/package.bash'
[3.778s] INFO:colcon.colcon_core.shell:Creating package script '/home/ubuntu/ros2_ws/install/sudsakhon_odom/share/sudsakhon_odom/package.zsh'
[3.778s] Level 1:colcon.colcon_core.environment:create_file_with_runtime_dependencies(/home/ubuntu/ros2_ws/install/sudsakhon_odom/share/colcon-core/packages/sudsakhon_odom)
[3.794s] Level 1:colcon.colcon_core.environment:checking '/home/ubuntu/ros2_ws/install/sudsakhon_transformation' for CMake module files
[3.795s] Level 1:colcon.colcon_core.environment:checking '/home/ubuntu/ros2_ws/install/sudsakhon_transformation' for CMake config files
[3.795s] Level 1:colcon.colcon_core.environment:checking '/home/ubuntu/ros2_ws/install/sudsakhon_transformation/lib'
[3.795s] Level 1:colcon.colcon_core.environment:checking '/home/ubuntu/ros2_ws/install/sudsakhon_transformation/bin'
[3.795s] Level 1:colcon.colcon_core.environment:checking '/home/ubuntu/ros2_ws/install/sudsakhon_transformation/lib/pkgconfig/sudsakhon_transformation.pc'
[3.796s] Level 1:colcon.colcon_core.environment:checking '/home/ubuntu/ros2_ws/install/sudsakhon_transformation/lib/python3.12/site-packages'
[3.796s] Level 1:colcon.colcon_core.shell:create_environment_hook('sudsakhon_transformation', 'pythonpath')
[3.796s] INFO:colcon.colcon_core.shell:Creating environment hook '/home/ubuntu/ros2_ws/install/sudsakhon_transformation/share/sudsakhon_transformation/hook/pythonpath.ps1'
[3.794s] DEBUG:colcon.colcon_core.event_handler.log_command:Invoked command in '/home/ubuntu/ros2_ws/src/sudsakhon_transformation' returned '0': DEBUGINFOD_URLS=https://debuginfod.ubuntu.com PYTHONPATH=/home/ubuntu/ros2_ws/build/sudsakhon_transformation/prefix_override:/usr/lib/python3/dist-packages/colcon_core/task/python/colcon_distutils_commands:/home/ubuntu/ros2_ws/install/sudsakhon_transformation/lib/python3.12/site-packages:${PYTHONPATH} /usr/bin/python3 -W ignore:setup.py install is deprecated -W ignore:easy_install command is deprecated setup.py egg_info --egg-base ../../build/sudsakhon_transformation build --build-base /home/ubuntu/ros2_ws/build/sudsakhon_transformation/build install --record /home/ubuntu/ros2_ws/build/sudsakhon_transformation/install.log --single-version-externally-managed install_data
[3.796s] INFO:colcon.colcon_core.shell:Creating environment descriptor '/home/ubuntu/ros2_ws/install/sudsakhon_transformation/share/sudsakhon_transformation/hook/pythonpath.dsv'
[3.797s] INFO:colcon.colcon_core.shell:Creating environment hook '/home/ubuntu/ros2_ws/install/sudsakhon_transformation/share/sudsakhon_transformation/hook/pythonpath.sh'
[3.798s] Level 1:colcon.colcon_core.environment:checking '/home/ubuntu/ros2_ws/install/sudsakhon_transformation/bin'
[3.798s] Level 1:colcon.colcon_core.environment:create_environment_scripts_only(sudsakhon_transformation)
[3.798s] INFO:colcon.colcon_core.shell:Creating package script '/home/ubuntu/ros2_ws/install/sudsakhon_transformation/share/sudsakhon_transformation/package.ps1'
[3.798s] INFO:colcon.colcon_core.shell:Creating package descriptor '/home/ubuntu/ros2_ws/install/sudsakhon_transformation/share/sudsakhon_transformation/package.dsv'
[3.799s] INFO:colcon.colcon_core.shell:Creating package script '/home/ubuntu/ros2_ws/install/sudsakhon_transformation/share/sudsakhon_transformation/package.sh'
[3.799s] INFO:colcon.colcon_core.shell:Creating package script '/home/ubuntu/ros2_ws/install/sudsakhon_transformation/share/sudsakhon_transformation/package.bash'
[3.799s] INFO:colcon.colcon_core.shell:Creating package script '/home/ubuntu/ros2_ws/install/sudsakhon_transformation/share/sudsakhon_transformation/package.zsh'
[3.800s] Level 1:colcon.colcon_core.environment:create_file_with_runtime_dependencies(/home/ubuntu/ros2_ws/install/sudsakhon_transformation/share/colcon-core/packages/sudsakhon_transformation)
[3.954s] Level 1:colcon.colcon_core.environment:checking '/home/ubuntu/ros2_ws/install/sudsakhon_mainprogram' for CMake module files
[3.955s] DEBUG:colcon.colcon_core.event_handler.log_command:Invoked command in '/home/ubuntu/ros2_ws/src/sudsakhon_mainprogram' returned '0': DEBUGINFOD_URLS=https://debuginfod.ubuntu.com PYTHONPATH=/home/ubuntu/ros2_ws/build/sudsakhon_mainprogram/prefix_override:/usr/lib/python3/dist-packages/colcon_core/task/python/colcon_distutils_commands:/home/ubuntu/ros2_ws/install/sudsakhon_mainprogram/lib/python3.12/site-packages:${PYTHONPATH} /usr/bin/python3 -W ignore:setup.py install is deprecated -W ignore:easy_install command is deprecated setup.py egg_info --egg-base ../../build/sudsakhon_mainprogram build --build-base /home/ubuntu/ros2_ws/build/sudsakhon_mainprogram/build install --record /home/ubuntu/ros2_ws/build/sudsakhon_mainprogram/install.log --single-version-externally-managed install_data
[3.955s] Level 1:colcon.colcon_core.environment:checking '/home/ubuntu/ros2_ws/install/sudsakhon_mainprogram' for CMake config files
[3.955s] Level 1:colcon.colcon_core.environment:checking '/home/ubuntu/ros2_ws/install/sudsakhon_mainprogram/lib'
[3.955s] Level 1:colcon.colcon_core.environment:checking '/home/ubuntu/ros2_ws/install/sudsakhon_mainprogram/bin'
[3.956s] Level 1:colcon.colcon_core.environment:checking '/home/ubuntu/ros2_ws/install/sudsakhon_mainprogram/lib/pkgconfig/sudsakhon_mainprogram.pc'
[3.956s] Level 1:colcon.colcon_core.environment:checking '/home/ubuntu/ros2_ws/install/sudsakhon_mainprogram/lib/python3.12/site-packages'
[3.956s] Level 1:colcon.colcon_core.shell:create_environment_hook('sudsakhon_mainprogram', 'pythonpath')
[3.956s] INFO:colcon.colcon_core.shell:Creating environment hook '/home/ubuntu/ros2_ws/install/sudsakhon_mainprogram/share/sudsakhon_mainprogram/hook/pythonpath.ps1'
[3.956s] INFO:colcon.colcon_core.shell:Creating environment descriptor '/home/ubuntu/ros2_ws/install/sudsakhon_mainprogram/share/sudsakhon_mainprogram/hook/pythonpath.dsv'
[3.957s] INFO:colcon.colcon_core.shell:Creating environment hook '/home/ubuntu/ros2_ws/install/sudsakhon_mainprogram/share/sudsakhon_mainprogram/hook/pythonpath.sh'
[3.957s] Level 1:colcon.colcon_core.environment:checking '/home/ubuntu/ros2_ws/install/sudsakhon_mainprogram/bin'
[3.957s] Level 1:colcon.colcon_core.environment:create_environment_scripts_only(sudsakhon_mainprogram)
[3.957s] INFO:colcon.colcon_core.shell:Creating package script '/home/ubuntu/ros2_ws/install/sudsakhon_mainprogram/share/sudsakhon_mainprogram/package.ps1'
[3.958s] INFO:colcon.colcon_core.shell:Creating package descriptor '/home/ubuntu/ros2_ws/install/sudsakhon_mainprogram/share/sudsakhon_mainprogram/package.dsv'
[3.958s] INFO:colcon.colcon_core.shell:Creating package script '/home/ubuntu/ros2_ws/install/sudsakhon_mainprogram/share/sudsakhon_mainprogram/package.sh'
[3.959s] INFO:colcon.colcon_core.shell:Creating package script '/home/ubuntu/ros2_ws/install/sudsakhon_mainprogram/share/sudsakhon_mainprogram/package.bash'
[3.959s] INFO:colcon.colcon_core.shell:Creating package script '/home/ubuntu/ros2_ws/install/sudsakhon_mainprogram/share/sudsakhon_mainprogram/package.zsh'
[3.959s] Level 1:colcon.colcon_core.environment:create_file_with_runtime_dependencies(/home/ubuntu/ros2_ws/install/sudsakhon_mainprogram/share/colcon-core/packages/sudsakhon_mainprogram)
[4.119s] Level 1:colcon.colcon_core.environment:checking '/home/ubuntu/ros2_ws/install/sudsakhon_detectchair' for CMake module files
[4.119s] DEBUG:colcon.colcon_core.event_handler.log_command:Invoked command in '/home/ubuntu/ros2_ws/src/sudsakhon_detectchair' returned '0': DEBUGINFOD_URLS=https://debuginfod.ubuntu.com PYTHONPATH=/home/ubuntu/ros2_ws/build/sudsakhon_detectchair/prefix_override:/usr/lib/python3/dist-packages/colcon_core/task/python/colcon_distutils_commands:/home/ubuntu/ros2_ws/install/sudsakhon_detectchair/lib/python3.12/site-packages:${PYTHONPATH} /usr/bin/python3 -W ignore:setup.py install is deprecated -W ignore:easy_install command is deprecated setup.py egg_info --egg-base ../../build/sudsakhon_detectchair build --build-base /home/ubuntu/ros2_ws/build/sudsakhon_detectchair/build install --record /home/ubuntu/ros2_ws/build/sudsakhon_detectchair/install.log --single-version-externally-managed install_data
[4.120s] Level 1:colcon.colcon_core.environment:checking '/home/ubuntu/ros2_ws/install/sudsakhon_detectchair' for CMake config files
[4.120s] Level 1:colcon.colcon_core.environment:checking '/home/ubuntu/ros2_ws/install/sudsakhon_detectchair/lib'
[4.120s] Level 1:colcon.colcon_core.environment:checking '/home/ubuntu/ros2_ws/install/sudsakhon_detectchair/bin'
[4.120s] Level 1:colcon.colcon_core.environment:checking '/home/ubuntu/ros2_ws/install/sudsakhon_detectchair/lib/pkgconfig/sudsakhon_detectchair.pc'
[4.120s] Level 1:colcon.colcon_core.environment:checking '/home/ubuntu/ros2_ws/install/sudsakhon_detectchair/lib/python3.12/site-packages'
[4.120s] Level 1:colcon.colcon_core.shell:create_environment_hook('sudsakhon_detectchair', 'pythonpath')
[4.121s] INFO:colcon.colcon_core.shell:Creating environment hook '/home/ubuntu/ros2_ws/install/sudsakhon_detectchair/share/sudsakhon_detectchair/hook/pythonpath.ps1'
[4.121s] INFO:colcon.colcon_core.shell:Creating environment descriptor '/home/ubuntu/ros2_ws/install/sudsakhon_detectchair/share/sudsakhon_detectchair/hook/pythonpath.dsv'
[4.121s] INFO:colcon.colcon_core.shell:Creating environment hook '/home/ubuntu/ros2_ws/install/sudsakhon_detectchair/share/sudsakhon_detectchair/hook/pythonpath.sh'
[4.122s] Level 1:colcon.colcon_core.environment:checking '/home/ubuntu/ros2_ws/install/sudsakhon_detectchair/bin'
[4.122s] Level 1:colcon.colcon_core.environment:create_environment_scripts_only(sudsakhon_detectchair)
[4.122s] INFO:colcon.colcon_core.shell:Creating package script '/home/ubuntu/ros2_ws/install/sudsakhon_detectchair/share/sudsakhon_detectchair/package.ps1'
[4.123s] INFO:colcon.colcon_core.shell:Creating package descriptor '/home/ubuntu/ros2_ws/install/sudsakhon_detectchair/share/sudsakhon_detectchair/package.dsv'
[4.123s] INFO:colcon.colcon_core.shell:Creating package script '/home/ubuntu/ros2_ws/install/sudsakhon_detectchair/share/sudsakhon_detectchair/package.sh'
[4.123s] INFO:colcon.colcon_core.shell:Creating package script '/home/ubuntu/ros2_ws/install/sudsakhon_detectchair/share/sudsakhon_detectchair/package.bash'
[4.124s] INFO:colcon.colcon_core.shell:Creating package script '/home/ubuntu/ros2_ws/install/sudsakhon_detectchair/share/sudsakhon_detectchair/package.zsh'
[4.125s] Level 1:colcon.colcon_core.environment:create_file_with_runtime_dependencies(/home/ubuntu/ros2_ws/install/sudsakhon_detectchair/share/colcon-core/packages/sudsakhon_detectchair)
[4.157s] Level 1:colcon.colcon_core.environment:checking '/home/ubuntu/ros2_ws/install/sudsakhon_dashbroad' for CMake module files
[4.158s] DEBUG:colcon.colcon_core.event_handler.log_command:Invoked command in '/home/ubuntu/ros2_ws/src/sudsakhon_dashbroad' returned '0': DEBUGINFOD_URLS=https://debuginfod.ubuntu.com PYTHONPATH=/home/ubuntu/ros2_ws/build/sudsakhon_dashbroad/prefix_override:/usr/lib/python3/dist-packages/colcon_core/task/python/colcon_distutils_commands:/home/ubuntu/ros2_ws/install/sudsakhon_dashbroad/lib/python3.12/site-packages:${PYTHONPATH} /usr/bin/python3 -W ignore:setup.py install is deprecated -W ignore:easy_install command is deprecated setup.py egg_info --egg-base ../../build/sudsakhon_dashbroad build --build-base /home/ubuntu/ros2_ws/build/sudsakhon_dashbroad/build install --record /home/ubuntu/ros2_ws/build/sudsakhon_dashbroad/install.log --single-version-externally-managed install_data
[4.158s] Level 1:colcon.colcon_core.environment:checking '/home/ubuntu/ros2_ws/install/sudsakhon_dashbroad' for CMake config files
[4.159s] Level 1:colcon.colcon_core.environment:checking '/home/ubuntu/ros2_ws/install/sudsakhon_dashbroad/lib'
[4.159s] Level 1:colcon.colcon_core.environment:checking '/home/ubuntu/ros2_ws/install/sudsakhon_dashbroad/bin'
[4.159s] Level 1:colcon.colcon_core.environment:checking '/home/ubuntu/ros2_ws/install/sudsakhon_dashbroad/lib/pkgconfig/sudsakhon_dashbroad.pc'
[4.160s] Level 1:colcon.colcon_core.environment:checking '/home/ubuntu/ros2_ws/install/sudsakhon_dashbroad/lib/python3.12/site-packages'
[4.160s] Level 1:colcon.colcon_core.shell:create_environment_hook('sudsakhon_dashbroad', 'pythonpath')
[4.160s] INFO:colcon.colcon_core.shell:Creating environment hook '/home/ubuntu/ros2_ws/install/sudsakhon_dashbroad/share/sudsakhon_dashbroad/hook/pythonpath.ps1'
[4.161s] INFO:colcon.colcon_core.shell:Creating environment descriptor '/home/ubuntu/ros2_ws/install/sudsakhon_dashbroad/share/sudsakhon_dashbroad/hook/pythonpath.dsv'
[4.161s] INFO:colcon.colcon_core.shell:Creating environment hook '/home/ubuntu/ros2_ws/install/sudsakhon_dashbroad/share/sudsakhon_dashbroad/hook/pythonpath.sh'
[4.162s] Level 1:colcon.colcon_core.environment:checking '/home/ubuntu/ros2_ws/install/sudsakhon_dashbroad/bin'
[4.162s] Level 1:colcon.colcon_core.environment:create_environment_scripts_only(sudsakhon_dashbroad)
[4.162s] INFO:colcon.colcon_core.shell:Creating package script '/home/ubuntu/ros2_ws/install/sudsakhon_dashbroad/share/sudsakhon_dashbroad/package.ps1'
[4.163s] INFO:colcon.colcon_core.shell:Creating package descriptor '/home/ubuntu/ros2_ws/install/sudsakhon_dashbroad/share/sudsakhon_dashbroad/package.dsv'
[4.164s] INFO:colcon.colcon_core.shell:Creating package script '/home/ubuntu/ros2_ws/install/sudsakhon_dashbroad/share/sudsakhon_dashbroad/package.sh'
[4.164s] INFO:colcon.colcon_core.shell:Creating package script '/home/ubuntu/ros2_ws/install/sudsakhon_dashbroad/share/sudsakhon_dashbroad/package.bash'
[4.165s] INFO:colcon.colcon_core.shell:Creating package script '/home/ubuntu/ros2_ws/install/sudsakhon_dashbroad/share/sudsakhon_dashbroad/package.zsh'
[4.165s] Level 1:colcon.colcon_core.environment:create_file_with_runtime_dependencies(/home/ubuntu/ros2_ws/install/sudsakhon_dashbroad/share/colcon-core/packages/sudsakhon_dashbroad)
[4.232s] Level 1:colcon.colcon_core.environment:checking '/home/ubuntu/ros2_ws/install/sudsakhon_automation' for CMake module files
[4.232s] DEBUG:colcon.colcon_core.event_handler.log_command:Invoked command in '/home/ubuntu/ros2_ws/src/sudsakhon_automation' returned '0': DEBUGINFOD_URLS=https://debuginfod.ubuntu.com PYTHONPATH=/home/ubuntu/ros2_ws/build/sudsakhon_automation/prefix_override:/usr/lib/python3/dist-packages/colcon_core/task/python/colcon_distutils_commands:/home/ubuntu/ros2_ws/install/sudsakhon_automation/lib/python3.12/site-packages:${PYTHONPATH} /usr/bin/python3 -W ignore:setup.py install is deprecated -W ignore:easy_install command is deprecated setup.py egg_info --egg-base ../../build/sudsakhon_automation build --build-base /home/ubuntu/ros2_ws/build/sudsakhon_automation/build install --record /home/ubuntu/ros2_ws/build/sudsakhon_automation/install.log --single-version-externally-managed install_data
[4.233s] Level 1:colcon.colcon_core.environment:checking '/home/ubuntu/ros2_ws/install/sudsakhon_automation' for CMake config files
[4.234s] Level 1:colcon.colcon_core.environment:checking '/home/ubuntu/ros2_ws/install/sudsakhon_automation/lib'
[4.234s] Level 1:colcon.colcon_core.environment:checking '/home/ubuntu/ros2_ws/install/sudsakhon_automation/bin'
[4.234s] Level 1:colcon.colcon_core.environment:checking '/home/ubuntu/ros2_ws/install/sudsakhon_automation/lib/pkgconfig/sudsakhon_automation.pc'
[4.234s] Level 1:colcon.colcon_core.environment:checking '/home/ubuntu/ros2_ws/install/sudsakhon_automation/lib/python3.12/site-packages'
[4.234s] Level 1:colcon.colcon_core.shell:create_environment_hook('sudsakhon_automation', 'pythonpath')
[4.235s] INFO:colcon.colcon_core.shell:Creating environment hook '/home/ubuntu/ros2_ws/install/sudsakhon_automation/share/sudsakhon_automation/hook/pythonpath.ps1'
[4.235s] INFO:colcon.colcon_core.shell:Creating environment descriptor '/home/ubuntu/ros2_ws/install/sudsakhon_automation/share/sudsakhon_automation/hook/pythonpath.dsv'
[4.236s] INFO:colcon.colcon_core.shell:Creating environment hook '/home/ubuntu/ros2_ws/install/sudsakhon_automation/share/sudsakhon_automation/hook/pythonpath.sh'
[4.237s] Level 1:colcon.colcon_core.environment:checking '/home/ubuntu/ros2_ws/install/sudsakhon_automation/bin'
[4.237s] Level 1:colcon.colcon_core.environment:create_environment_scripts_only(sudsakhon_automation)
[4.237s] INFO:colcon.colcon_core.shell:Creating package script '/home/ubuntu/ros2_ws/install/sudsakhon_automation/share/sudsakhon_automation/package.ps1'
[4.238s] INFO:colcon.colcon_core.shell:Creating package descriptor '/home/ubuntu/ros2_ws/install/sudsakhon_automation/share/sudsakhon_automation/package.dsv'
[4.238s] INFO:colcon.colcon_core.shell:Creating package script '/home/ubuntu/ros2_ws/install/sudsakhon_automation/share/sudsakhon_automation/package.sh'
[4.239s] INFO:colcon.colcon_core.shell:Creating package script '/home/ubuntu/ros2_ws/install/sudsakhon_automation/share/sudsakhon_automation/package.bash'
[4.239s] INFO:colcon.colcon_core.shell:Creating package script '/home/ubuntu/ros2_ws/install/sudsakhon_automation/share/sudsakhon_automation/package.zsh'
[4.240s] Level 1:colcon.colcon_core.environment:create_file_with_runtime_dependencies(/home/ubuntu/ros2_ws/install/sudsakhon_automation/share/colcon-core/packages/sudsakhon_automation)
[4.241s] DEBUG:colcon.colcon_parallel_executor.executor.parallel:closing loop
[4.241s] DEBUG:colcon.colcon_parallel_executor.executor.parallel:loop closed
[4.241s] DEBUG:colcon.colcon_parallel_executor.executor.parallel:run_until_complete finished with '0'
[4.241s] DEBUG:colcon.colcon_core.event_reactor:joining thread
[4.249s] INFO:colcon.colcon_core.plugin_system:Skipping extension 'colcon_notification.desktop_notification.terminal_notifier': Not used on non-Darwin systems
[4.249s] INFO:colcon.colcon_core.plugin_system:Skipping extension 'colcon_notification.desktop_notification.win32': Not used on non-Windows systems
[4.249s] INFO:colcon.colcon_notification.desktop_notification:Sending desktop notification using 'notify2'
[4.262s] DEBUG:colcon.colcon_core.event_reactor:joined thread
[4.262s] INFO:colcon.colcon_core.shell:Creating prefix script '/home/ubuntu/ros2_ws/install/local_setup.ps1'
[4.263s] INFO:colcon.colcon_core.shell:Creating prefix util module '/home/ubuntu/ros2_ws/install/_local_setup_util_ps1.py'
[4.264s] INFO:colcon.colcon_core.shell:Creating prefix chain script '/home/ubuntu/ros2_ws/install/setup.ps1'
[4.264s] INFO:colcon.colcon_core.shell:Creating prefix script '/home/ubuntu/ros2_ws/install/local_setup.sh'
[4.265s] INFO:colcon.colcon_core.shell:Creating prefix util module '/home/ubuntu/ros2_ws/install/_local_setup_util_sh.py'
[4.265s] INFO:colcon.colcon_core.shell:Creating prefix chain script '/home/ubuntu/ros2_ws/install/setup.sh'
[4.266s] INFO:colcon.colcon_core.shell:Creating prefix script '/home/ubuntu/ros2_ws/install/local_setup.bash'
[4.266s] INFO:colcon.colcon_core.shell:Creating prefix chain script '/home/ubuntu/ros2_ws/install/setup.bash'
[4.266s] INFO:colcon.colcon_core.shell:Creating prefix script '/home/ubuntu/ros2_ws/install/local_setup.zsh'
[4.267s] INFO:colcon.colcon_core.shell:Creating prefix chain script '/home/ubuntu/ros2_ws/install/setup.zsh'
