[2.436s] Invoking command in '/home/ubuntu/ros2_ws/src/sudsakhon_detectchair': DEBUGINFOD_URLS=https://debuginfod.ubuntu.com PYTHONPATH=/home/ubuntu/ros2_ws/build/sudsakhon_detectchair/prefix_override:/usr/lib/python3/dist-packages/colcon_core/task/python/colcon_distutils_commands:/home/ubuntu/ros2_ws/install/sudsakhon_detectchair/lib/python3.12/site-packages:${PYTHONPATH} /usr/bin/python3 -W ignore:setup.py install is deprecated -W ignore:easy_install command is deprecated setup.py egg_info --egg-base ../../build/sudsakhon_detectchair build --build-base /home/ubuntu/ros2_ws/build/sudsakhon_detectchair/build install --record /home/ubuntu/ros2_ws/build/sudsakhon_detectchair/install.log --single-version-externally-managed install_data
[2.908s] running egg_info
[2.944s] writing ../../build/sudsakhon_detectchair/sudsakhon_detectchair.egg-info/PKG-INFO
[2.945s] writing dependency_links to ../../build/sudsakhon_detectchair/sudsakhon_detectchair.egg-info/dependency_links.txt
[2.949s] writing entry points to ../../build/sudsakhon_detectchair/sudsakhon_detectchair.egg-info/entry_points.txt
[2.949s] writing requirements to ../../build/sudsakhon_detectchair/sudsakhon_detectchair.egg-info/requires.txt
[2.949s] writing top-level names to ../../build/sudsakhon_detectchair/sudsakhon_detectchair.egg-info/top_level.txt
[3.016s] reading manifest file '../../build/sudsakhon_detectchair/sudsakhon_detectchair.egg-info/SOURCES.txt'
[3.017s] writing manifest file '../../build/sudsakhon_detectchair/sudsakhon_detectchair.egg-info/SOURCES.txt'
[3.017s] running build
[3.017s] running build_py
[3.018s] running install
[3.028s] running install_lib
[3.068s] running install_data
[3.068s] running install_egg_info
[3.110s] removing '/home/ubuntu/ros2_ws/install/sudsakhon_detectchair/lib/python3.12/site-packages/sudsakhon_detectchair-0.0.0-py3.12.egg-info' (and everything under it)
[3.115s] Copying ../../build/sudsakhon_detectchair/sudsakhon_detectchair.egg-info to /home/ubuntu/ros2_ws/install/sudsakhon_detectchair/lib/python3.12/site-packages/sudsakhon_detectchair-0.0.0-py3.12.egg-info
[3.116s] running install_scripts
[3.290s] Installing subscriber script to /home/ubuntu/ros2_ws/install/sudsakhon_detectchair/lib/sudsakhon_detectchair
[3.290s] writing list of installed files to '/home/ubuntu/ros2_ws/build/sudsakhon_detectchair/install.log'
[3.347s] Invoked command in '/home/ubuntu/ros2_ws/src/sudsakhon_detectchair' returned '0': DEBUGINFOD_URLS=https://debuginfod.ubuntu.com PYTHONPATH=/home/ubuntu/ros2_ws/build/sudsakhon_detectchair/prefix_override:/usr/lib/python3/dist-packages/colcon_core/task/python/colcon_distutils_commands:/home/ubuntu/ros2_ws/install/sudsakhon_detectchair/lib/python3.12/site-packages:${PYTHONPATH} /usr/bin/python3 -W ignore:setup.py install is deprecated -W ignore:easy_install command is deprecated setup.py egg_info --egg-base ../../build/sudsakhon_detectchair build --build-base /home/ubuntu/ros2_ws/build/sudsakhon_detectchair/build install --record /home/ubuntu/ros2_ws/build/sudsakhon_detectchair/install.log --single-version-externally-managed install_data
