[1.454s] Invoking command in '/home/ubuntu/ros2_ws/src/sudsakhon_dashbroad': DEBUGINFOD_URLS=https://debuginfod.ubuntu.com PYTHONPATH=/home/ubuntu/ros2_ws/build/sudsakhon_dashbroad/prefix_override:/usr/lib/python3/dist-packages/colcon_core/task/python/colcon_distutils_commands:/home/ubuntu/ros2_ws/install/sudsakhon_dashbroad/lib/python3.12/site-packages:${PYTHONPATH} /usr/bin/python3 -W ignore:setup.py install is deprecated -W ignore:easy_install command is deprecated setup.py egg_info --egg-base ../../build/sudsakhon_dashbroad build --build-base /home/ubuntu/ros2_ws/build/sudsakhon_dashbroad/build install --record /home/ubuntu/ros2_ws/build/sudsakhon_dashbroad/install.log --single-version-externally-managed install_data
[1.695s] running egg_info
[1.707s] writing ../../build/sudsakhon_dashbroad/sudsakhon_dashbroad.egg-info/PKG-INFO
[1.707s] writing dependency_links to ../../build/sudsakhon_dashbroad/sudsakhon_dashbroad.egg-info/dependency_links.txt
[1.707s] writing entry points to ../../build/sudsakhon_dashbroad/sudsakhon_dashbroad.egg-info/entry_points.txt
[1.708s] writing requirements to ../../build/sudsakhon_dashbroad/sudsakhon_dashbroad.egg-info/requires.txt
[1.708s] writing top-level names to ../../build/sudsakhon_dashbroad/sudsakhon_dashbroad.egg-info/top_level.txt
[1.731s] reading manifest file '../../build/sudsakhon_dashbroad/sudsakhon_dashbroad.egg-info/SOURCES.txt'
[1.731s] writing manifest file '../../build/sudsakhon_dashbroad/sudsakhon_dashbroad.egg-info/SOURCES.txt'
[1.732s] running build
[1.732s] running build_py
[1.732s] copying sudsakhon_dashbroad/api_backend.py -> /home/ubuntu/ros2_ws/build/sudsakhon_dashbroad/build/lib/sudsakhon_dashbroad
[1.732s] running install
[1.736s] running install_lib
[1.748s] copying /home/ubuntu/ros2_ws/build/sudsakhon_dashbroad/build/lib/sudsakhon_dashbroad/api_backend.py -> /home/ubuntu/ros2_ws/install/sudsakhon_dashbroad/lib/python3.12/site-packages/sudsakhon_dashbroad
[1.748s] byte-compiling /home/ubuntu/ros2_ws/install/sudsakhon_dashbroad/lib/python3.12/site-packages/sudsakhon_dashbroad/api_backend.py to api_backend.cpython-312.pyc
[1.749s] running install_data
[1.749s] running install_egg_info
[1.762s] removing '/home/ubuntu/ros2_ws/install/sudsakhon_dashbroad/lib/python3.12/site-packages/sudsakhon_dashbroad-0.0.1-py3.12.egg-info' (and everything under it)
[1.762s] Copying ../../build/sudsakhon_dashbroad/sudsakhon_dashbroad.egg-info to /home/ubuntu/ros2_ws/install/sudsakhon_dashbroad/lib/python3.12/site-packages/sudsakhon_dashbroad-0.0.1-py3.12.egg-info
[1.762s] running install_scripts
[1.843s] Installing api_backend script to /home/ubuntu/ros2_ws/install/sudsakhon_dashbroad/lib/sudsakhon_dashbroad
[1.843s] Installing dashboard_node script to /home/ubuntu/ros2_ws/install/sudsakhon_dashbroad/lib/sudsakhon_dashbroad
[1.843s] writing list of installed files to '/home/ubuntu/ros2_ws/build/sudsakhon_dashbroad/install.log'
[1.863s] Invoked command in '/home/ubuntu/ros2_ws/src/sudsakhon_dashbroad' returned '0': DEBUGINFOD_URLS=https://debuginfod.ubuntu.com PYTHONPATH=/home/ubuntu/ros2_ws/build/sudsakhon_dashbroad/prefix_override:/usr/lib/python3/dist-packages/colcon_core/task/python/colcon_distutils_commands:/home/ubuntu/ros2_ws/install/sudsakhon_dashbroad/lib/python3.12/site-packages:${PYTHONPATH} /usr/bin/python3 -W ignore:setup.py install is deprecated -W ignore:easy_install command is deprecated setup.py egg_info --egg-base ../../build/sudsakhon_dashbroad build --build-base /home/ubuntu/ros2_ws/build/sudsakhon_dashbroad/build install --record /home/ubuntu/ros2_ws/build/sudsakhon_dashbroad/install.log --single-version-externally-managed install_data
