[5.837s] Invoking command in '/home/ubuntu/ros2_ws/src/sudsakhon_objectdetechtion': DEBUGINFOD_URLS=https://debuginfod.ubuntu.com PYTHONPATH=/home/ubuntu/ros2_ws/build/sudsakhon_objectdetechtion/prefix_override:/usr/lib/python3/dist-packages/colcon_core/task/python/colcon_distutils_commands:/home/ubuntu/ros2_ws/install/sudsakhon_objectdetechtion/lib/python3.12/site-packages:${PYTHONPATH} /usr/bin/python3 -W ignore:setup.py install is deprecated -W ignore:easy_install command is deprecated setup.py egg_info --egg-base ../../build/sudsakhon_objectdetechtion build --build-base /home/ubuntu/ros2_ws/build/sudsakhon_objectdetechtion/build install --record /home/ubuntu/ros2_ws/build/sudsakhon_objectdetechtion/install.log --single-version-externally-managed install_data
[6.978s] running egg_info
[6.983s] creating ../../build/sudsakhon_objectdetechtion/sudsakhon_objectdetechtion.egg-info
[7.050s] writing ../../build/sudsakhon_objectdetechtion/sudsakhon_objectdetechtion.egg-info/PKG-INFO
[7.050s] writing dependency_links to ../../build/sudsakhon_objectdetechtion/sudsakhon_objectdetechtion.egg-info/dependency_links.txt
[7.050s] writing entry points to ../../build/sudsakhon_objectdetechtion/sudsakhon_objectdetechtion.egg-info/entry_points.txt
[7.051s] writing requirements to ../../build/sudsakhon_objectdetechtion/sudsakhon_objectdetechtion.egg-info/requires.txt
[7.051s] writing top-level names to ../../build/sudsakhon_objectdetechtion/sudsakhon_objectdetechtion.egg-info/top_level.txt
[7.051s] writing manifest file '../../build/sudsakhon_objectdetechtion/sudsakhon_objectdetechtion.egg-info/SOURCES.txt'
[7.200s] reading manifest file '../../build/sudsakhon_objectdetechtion/sudsakhon_objectdetechtion.egg-info/SOURCES.txt'
[7.201s] writing manifest file '../../build/sudsakhon_objectdetechtion/sudsakhon_objectdetechtion.egg-info/SOURCES.txt'
[7.201s] running build
[7.201s] running build_py
[7.201s] creating /home/ubuntu/ros2_ws/build/sudsakhon_objectdetechtion/build
[7.205s] creating /home/ubuntu/ros2_ws/build/sudsakhon_objectdetechtion/build/lib
[7.205s] creating /home/ubuntu/ros2_ws/build/sudsakhon_objectdetechtion/build/lib/sudsakhon_objectdetechtion
[7.205s] copying sudsakhon_objectdetechtion/yolo_depth_pub.py -> /home/ubuntu/ros2_ws/build/sudsakhon_objectdetechtion/build/lib/sudsakhon_objectdetechtion
[7.205s] copying sudsakhon_objectdetechtion/object_display_sub.py -> /home/ubuntu/ros2_ws/build/sudsakhon_objectdetechtion/build/lib/sudsakhon_objectdetechtion
[7.206s] copying sudsakhon_objectdetechtion/__init__.py -> /home/ubuntu/ros2_ws/build/sudsakhon_objectdetechtion/build/lib/sudsakhon_objectdetechtion
[7.206s] running install
[7.224s] running install_lib
[7.297s] creating /home/ubuntu/ros2_ws/install/sudsakhon_objectdetechtion/lib/python3.12/site-packages/sudsakhon_objectdetechtion
[7.297s] copying /home/ubuntu/ros2_ws/build/sudsakhon_objectdetechtion/build/lib/sudsakhon_objectdetechtion/yolo_depth_pub.py -> /home/ubuntu/ros2_ws/install/sudsakhon_objectdetechtion/lib/python3.12/site-packages/sudsakhon_objectdetechtion
[7.299s] copying /home/ubuntu/ros2_ws/build/sudsakhon_objectdetechtion/build/lib/sudsakhon_objectdetechtion/object_display_sub.py -> /home/ubuntu/ros2_ws/install/sudsakhon_objectdetechtion/lib/python3.12/site-packages/sudsakhon_objectdetechtion
[7.300s] copying /home/ubuntu/ros2_ws/build/sudsakhon_objectdetechtion/build/lib/sudsakhon_objectdetechtion/__init__.py -> /home/ubuntu/ros2_ws/install/sudsakhon_objectdetechtion/lib/python3.12/site-packages/sudsakhon_objectdetechtion
[7.300s] byte-compiling /home/ubuntu/ros2_ws/install/sudsakhon_objectdetechtion/lib/python3.12/site-packages/sudsakhon_objectdetechtion/yolo_depth_pub.py to yolo_depth_pub.cpython-312.pyc
[7.332s] byte-compiling /home/ubuntu/ros2_ws/install/sudsakhon_objectdetechtion/lib/python3.12/site-packages/sudsakhon_objectdetechtion/object_display_sub.py to object_display_sub.cpython-312.pyc
[7.336s] byte-compiling /home/ubuntu/ros2_ws/install/sudsakhon_objectdetechtion/lib/python3.12/site-packages/sudsakhon_objectdetechtion/__init__.py to __init__.cpython-312.pyc
[7.336s] running install_data
[7.337s] creating /home/ubuntu/ros2_ws/install/sudsakhon_objectdetechtion/share/ament_index
[7.337s] creating /home/ubuntu/ros2_ws/install/sudsakhon_objectdetechtion/share/ament_index/resource_index
[7.337s] creating /home/ubuntu/ros2_ws/install/sudsakhon_objectdetechtion/share/ament_index/resource_index/packages
[7.337s] copying resource/sudsakhon_objectdetechtion -> /home/ubuntu/ros2_ws/install/sudsakhon_objectdetechtion/share/ament_index/resource_index/packages
[7.338s] copying package.xml -> /home/ubuntu/ros2_ws/install/sudsakhon_objectdetechtion/share/sudsakhon_objectdetechtion
[7.338s] running install_egg_info
[7.414s] Copying ../../build/sudsakhon_objectdetechtion/sudsakhon_objectdetechtion.egg-info to /home/ubuntu/ros2_ws/install/sudsakhon_objectdetechtion/lib/python3.12/site-packages/sudsakhon_objectdetechtion-0.0.0-py3.12.egg-info
[7.414s] running install_scripts
[7.664s] Installing yolo_depth_pub script to /home/ubuntu/ros2_ws/install/sudsakhon_objectdetechtion/lib/sudsakhon_objectdetechtion
[7.664s] writing list of installed files to '/home/ubuntu/ros2_ws/build/sudsakhon_objectdetechtion/install.log'
[7.712s] Invoked command in '/home/ubuntu/ros2_ws/src/sudsakhon_objectdetechtion' returned '0': DEBUGINFOD_URLS=https://debuginfod.ubuntu.com PYTHONPATH=/home/ubuntu/ros2_ws/build/sudsakhon_objectdetechtion/prefix_override:/usr/lib/python3/dist-packages/colcon_core/task/python/colcon_distutils_commands:/home/ubuntu/ros2_ws/install/sudsakhon_objectdetechtion/lib/python3.12/site-packages:${PYTHONPATH} /usr/bin/python3 -W ignore:setup.py install is deprecated -W ignore:easy_install command is deprecated setup.py egg_info --egg-base ../../build/sudsakhon_objectdetechtion build --build-base /home/ubuntu/ros2_ws/build/sudsakhon_objectdetechtion/build install --record /home/ubuntu/ros2_ws/build/sudsakhon_objectdetechtion/install.log --single-version-externally-managed install_data
