[1.723s] Invoking command in '/home/ubuntu/ros2_ws/src/sudsakhon_objectdetechtion': DEBUGINFOD_URLS=https://debuginfod.ubuntu.com PYTHONPATH=/home/ubuntu/ros2_ws/build/sudsakhon_objectdetechtion/prefix_override:/usr/lib/python3/dist-packages/colcon_core/task/python/colcon_distutils_commands:/home/ubuntu/ros2_ws/install/sudsakhon_objectdetechtion/lib/python3.12/site-packages:${PYTHONPATH} /usr/bin/python3 -W ignore:setup.py install is deprecated -W ignore:easy_install command is deprecated setup.py egg_info --egg-base ../../build/sudsakhon_objectdetechtion build --build-base /home/ubuntu/ros2_ws/build/sudsakhon_objectdetechtion/build install --record /home/ubuntu/ros2_ws/build/sudsakhon_objectdetechtion/install.log --single-version-externally-managed install_data
[2.129s] running egg_info
[2.159s] writing ../../build/sudsakhon_objectdetechtion/sudsakhon_objectdetechtion.egg-info/PKG-INFO
[2.159s] writing dependency_links to ../../build/sudsakhon_objectdetechtion/sudsakhon_objectdetechtion.egg-info/dependency_links.txt
[2.159s] writing entry points to ../../build/sudsakhon_objectdetechtion/sudsakhon_objectdetechtion.egg-info/entry_points.txt
[2.159s] writing requirements to ../../build/sudsakhon_objectdetechtion/sudsakhon_objectdetechtion.egg-info/requires.txt
[2.159s] writing top-level names to ../../build/sudsakhon_objectdetechtion/sudsakhon_objectdetechtion.egg-info/top_level.txt
[2.220s] reading manifest file '../../build/sudsakhon_objectdetechtion/sudsakhon_objectdetechtion.egg-info/SOURCES.txt'
[2.221s] writing manifest file '../../build/sudsakhon_objectdetechtion/sudsakhon_objectdetechtion.egg-info/SOURCES.txt'
[2.221s] running build
[2.221s] running build_py
[2.221s] running install
[2.228s] running install_lib
[2.259s] running install_data
[2.259s] running install_egg_info
[2.291s] removing '/home/ubuntu/ros2_ws/install/sudsakhon_objectdetechtion/lib/python3.12/site-packages/sudsakhon_objectdetechtion-0.0.0-py3.12.egg-info' (and everything under it)
[2.291s] Copying ../../build/sudsakhon_objectdetechtion/sudsakhon_objectdetechtion.egg-info to /home/ubuntu/ros2_ws/install/sudsakhon_objectdetechtion/lib/python3.12/site-packages/sudsakhon_objectdetechtion-0.0.0-py3.12.egg-info
[2.292s] running install_scripts
[2.484s] Installing yolo_depth_pub script to /home/ubuntu/ros2_ws/install/sudsakhon_objectdetechtion/lib/sudsakhon_objectdetechtion
[2.484s] writing list of installed files to '/home/ubuntu/ros2_ws/build/sudsakhon_objectdetechtion/install.log'
[2.511s] Invoked command in '/home/ubuntu/ros2_ws/src/sudsakhon_objectdetechtion' returned '0': DEBUGINFOD_URLS=https://debuginfod.ubuntu.com PYTHONPATH=/home/ubuntu/ros2_ws/build/sudsakhon_objectdetechtion/prefix_override:/usr/lib/python3/dist-packages/colcon_core/task/python/colcon_distutils_commands:/home/ubuntu/ros2_ws/install/sudsakhon_objectdetechtion/lib/python3.12/site-packages:${PYTHONPATH} /usr/bin/python3 -W ignore:setup.py install is deprecated -W ignore:easy_install command is deprecated setup.py egg_info --egg-base ../../build/sudsakhon_objectdetechtion build --build-base /home/ubuntu/ros2_ws/build/sudsakhon_objectdetechtion/build install --record /home/ubuntu/ros2_ws/build/sudsakhon_objectdetechtion/install.log --single-version-externally-managed install_data
