[2.525s] Invoking command in '/home/ubuntu/ros2_ws/src/sudsakhon_objectdetechtion': DEBUGINFOD_URLS=https://debuginfod.ubuntu.com PYTHONPATH=/home/ubuntu/ros2_ws/build/sudsakhon_objectdetechtion/prefix_override:/usr/lib/python3/dist-packages/colcon_core/task/python/colcon_distutils_commands:/home/ubuntu/ros2_ws/install/sudsakhon_objectdetechtion/lib/python3.12/site-packages:${PYTHONPATH} /usr/bin/python3 -W ignore:setup.py install is deprecated -W ignore:easy_install command is deprecated setup.py egg_info --egg-base ../../build/sudsakhon_objectdetechtion build --build-base /home/ubuntu/ros2_ws/build/sudsakhon_objectdetechtion/build install --record /home/ubuntu/ros2_ws/build/sudsakhon_objectdetechtion/install.log --single-version-externally-managed install_data
[3.024s] running egg_info
[3.269s] writing ../../build/sudsakhon_objectdetechtion/sudsakhon_objectdetechtion.egg-info/PKG-INFO
[3.269s] writing dependency_links to ../../build/sudsakhon_objectdetechtion/sudsakhon_objectdetechtion.egg-info/dependency_links.txt
[3.269s] writing entry points to ../../build/sudsakhon_objectdetechtion/sudsakhon_objectdetechtion.egg-info/entry_points.txt
[3.271s] writing requirements to ../../build/sudsakhon_objectdetechtion/sudsakhon_objectdetechtion.egg-info/requires.txt
[3.272s] writing top-level names to ../../build/sudsakhon_objectdetechtion/sudsakhon_objectdetechtion.egg-info/top_level.txt
[3.374s] reading manifest file '../../build/sudsakhon_objectdetechtion/sudsakhon_objectdetechtion.egg-info/SOURCES.txt'
[3.375s] writing manifest file '../../build/sudsakhon_objectdetechtion/sudsakhon_objectdetechtion.egg-info/SOURCES.txt'
[3.375s] running build
[3.375s] running build_py
[3.376s] running install
[3.384s] running install_lib
[3.422s] running install_data
[3.422s] running install_egg_info
[3.460s] removing '/home/ubuntu/ros2_ws/install/sudsakhon_objectdetechtion/lib/python3.12/site-packages/sudsakhon_objectdetechtion-0.0.0-py3.12.egg-info' (and everything under it)
[3.460s] Copying ../../build/sudsakhon_objectdetechtion/sudsakhon_objectdetechtion.egg-info to /home/ubuntu/ros2_ws/install/sudsakhon_objectdetechtion/lib/python3.12/site-packages/sudsakhon_objectdetechtion-0.0.0-py3.12.egg-info
[3.462s] running install_scripts
[3.645s] Installing yolo_depth_pub script to /home/ubuntu/ros2_ws/install/sudsakhon_objectdetechtion/lib/sudsakhon_objectdetechtion
[3.648s] writing list of installed files to '/home/ubuntu/ros2_ws/build/sudsakhon_objectdetechtion/install.log'
[3.680s] Invoked command in '/home/ubuntu/ros2_ws/src/sudsakhon_objectdetechtion' returned '0': DEBUGINFOD_URLS=https://debuginfod.ubuntu.com PYTHONPATH=/home/ubuntu/ros2_ws/build/sudsakhon_objectdetechtion/prefix_override:/usr/lib/python3/dist-packages/colcon_core/task/python/colcon_distutils_commands:/home/ubuntu/ros2_ws/install/sudsakhon_objectdetechtion/lib/python3.12/site-packages:${PYTHONPATH} /usr/bin/python3 -W ignore:setup.py install is deprecated -W ignore:easy_install command is deprecated setup.py egg_info --egg-base ../../build/sudsakhon_objectdetechtion build --build-base /home/ubuntu/ros2_ws/build/sudsakhon_objectdetechtion/build install --record /home/ubuntu/ros2_ws/build/sudsakhon_objectdetechtion/install.log --single-version-externally-managed install_data
